2024-04-07 08:38:03,919 ERROR [http-nio-8080-exec-4] c.n.c.c.c.a.ExceptionAdvice [ExceptionAdvice.java:33] 服务器发生异常null
2024-04-07 08:38:03,925 ERROR [http-nio-8080-exec-4] c.n.c.c.c.a.ExceptionAdvice [ExceptionAdvice.java:35] com.nowcoder.community.community.controller.MessageController.getLetterList(MessageController.java:51)
2024-04-07 08:38:03,926 ERROR [http-nio-8080-exec-4] c.n.c.c.c.a.ExceptionAdvice [ExceptionAdvice.java:35] sun.reflect.NativeMethodAccessorImpl.invoke0(Native Method)
2024-04-07 08:38:03,926 ERROR [http-nio-8080-exec-4] c.n.c.c.c.a.ExceptionAdvice [ExceptionAdvice.java:35] sun.reflect.NativeMethodAccessorImpl.invoke(NativeMethodAccessorImpl.java:62)
2024-04-07 08:38:03,927 ERROR [http-nio-8080-exec-4] c.n.c.c.c.a.ExceptionAdvice [ExceptionAdvice.java:35] sun.reflect.DelegatingMethodAccessorImpl.invoke(DelegatingMethodAccessorImpl.java:43)
2024-04-07 08:38:03,927 ERROR [http-nio-8080-exec-4] c.n.c.c.c.a.ExceptionAdvice [ExceptionAdvice.java:35] java.lang.reflect.Method.invoke(Method.java:498)
2024-04-07 08:38:03,927 ERROR [http-nio-8080-exec-4] c.n.c.c.c.a.ExceptionAdvice [ExceptionAdvice.java:35] org.springframework.web.method.support.InvocableHandlerMethod.doInvoke(InvocableHandlerMethod.java:190)
2024-04-07 08:38:03,928 ERROR [http-nio-8080-exec-4] c.n.c.c.c.a.ExceptionAdvice [ExceptionAdvice.java:35] org.springframework.web.method.support.InvocableHandlerMethod.invokeForRequest(InvocableHandlerMethod.java:138)
2024-04-07 08:38:03,928 ERROR [http-nio-8080-exec-4] c.n.c.c.c.a.ExceptionAdvice [ExceptionAdvice.java:35] org.springframework.web.servlet.mvc.method.annotation.ServletInvocableHandlerMethod.invokeAndHandle(ServletInvocableHandlerMethod.java:104)
2024-04-07 08:38:03,928 ERROR [http-nio-8080-exec-4] c.n.c.c.c.a.ExceptionAdvice [ExceptionAdvice.java:35] org.springframework.web.servlet.mvc.method.annotation.RequestMappingHandlerAdapter.invokeHandlerMethod(RequestMappingHandlerAdapter.java:892)
2024-04-07 08:38:03,928 ERROR [http-nio-8080-exec-4] c.n.c.c.c.a.ExceptionAdvice [ExceptionAdvice.java:35] org.springframework.web.servlet.mvc.method.annotation.RequestMappingHandlerAdapter.handleInternal(RequestMappingHandlerAdapter.java:797)
2024-04-07 08:38:03,929 ERROR [http-nio-8080-exec-4] c.n.c.c.c.a.ExceptionAdvice [ExceptionAdvice.java:35] org.springframework.web.servlet.mvc.method.AbstractHandlerMethodAdapter.handle(AbstractHandlerMethodAdapter.java:87)
2024-04-07 08:38:03,929 ERROR [http-nio-8080-exec-4] c.n.c.c.c.a.ExceptionAdvice [ExceptionAdvice.java:35] org.springframework.web.servlet.DispatcherServlet.doDispatch(DispatcherServlet.java:1039)
2024-04-07 08:38:03,929 ERROR [http-nio-8080-exec-4] c.n.c.c.c.a.ExceptionAdvice [ExceptionAdvice.java:35] org.springframework.web.servlet.DispatcherServlet.doService(DispatcherServlet.java:942)
2024-04-07 08:38:03,929 ERROR [http-nio-8080-exec-4] c.n.c.c.c.a.ExceptionAdvice [ExceptionAdvice.java:35] org.springframework.web.servlet.FrameworkServlet.processRequest(FrameworkServlet.java:1005)
2024-04-07 08:38:03,929 ERROR [http-nio-8080-exec-4] c.n.c.c.c.a.ExceptionAdvice [ExceptionAdvice.java:35] org.springframework.web.servlet.FrameworkServlet.doGet(FrameworkServlet.java:897)
2024-04-07 08:38:03,930 ERROR [http-nio-8080-exec-4] c.n.c.c.c.a.ExceptionAdvice [ExceptionAdvice.java:35] javax.servlet.http.HttpServlet.service(HttpServlet.java:634)
2024-04-07 08:38:03,930 ERROR [http-nio-8080-exec-4] c.n.c.c.c.a.ExceptionAdvice [ExceptionAdvice.java:35] org.springframework.web.servlet.FrameworkServlet.service(FrameworkServlet.java:882)
2024-04-07 08:38:03,930 ERROR [http-nio-8080-exec-4] c.n.c.c.c.a.ExceptionAdvice [ExceptionAdvice.java:35] javax.servlet.http.HttpServlet.service(HttpServlet.java:741)
2024-04-07 08:38:03,930 ERROR [http-nio-8080-exec-4] c.n.c.c.c.a.ExceptionAdvice [ExceptionAdvice.java:35] org.apache.catalina.core.ApplicationFilterChain.internalDoFilter(ApplicationFilterChain.java:231)
2024-04-07 08:38:03,931 ERROR [http-nio-8080-exec-4] c.n.c.c.c.a.ExceptionAdvice [ExceptionAdvice.java:35] org.apache.catalina.core.ApplicationFilterChain.doFilter(ApplicationFilterChain.java:166)
2024-04-07 08:38:03,931 ERROR [http-nio-8080-exec-4] c.n.c.c.c.a.ExceptionAdvice [ExceptionAdvice.java:35] org.apache.tomcat.websocket.server.WsFilter.doFilter(WsFilter.java:53)
2024-04-07 08:38:03,931 ERROR [http-nio-8080-exec-4] c.n.c.c.c.a.ExceptionAdvice [ExceptionAdvice.java:35] org.apache.catalina.core.ApplicationFilterChain.internalDoFilter(ApplicationFilterChain.java:193)
2024-04-07 08:38:03,931 ERROR [http-nio-8080-exec-4] c.n.c.c.c.a.ExceptionAdvice [ExceptionAdvice.java:35] org.apache.catalina.core.ApplicationFilterChain.doFilter(ApplicationFilterChain.java:166)
2024-04-07 08:38:03,932 ERROR [http-nio-8080-exec-4] c.n.c.c.c.a.ExceptionAdvice [ExceptionAdvice.java:35] org.springframework.web.filter.RequestContextFilter.doFilterInternal(RequestContextFilter.java:99)
2024-04-07 08:38:03,932 ERROR [http-nio-8080-exec-4] c.n.c.c.c.a.ExceptionAdvice [ExceptionAdvice.java:35] org.springframework.web.filter.OncePerRequestFilter.doFilter(OncePerRequestFilter.java:107)
2024-04-07 08:38:03,932 ERROR [http-nio-8080-exec-4] c.n.c.c.c.a.ExceptionAdvice [ExceptionAdvice.java:35] org.apache.catalina.core.ApplicationFilterChain.internalDoFilter(ApplicationFilterChain.java:193)
2024-04-07 08:38:03,932 ERROR [http-nio-8080-exec-4] c.n.c.c.c.a.ExceptionAdvice [ExceptionAdvice.java:35] org.apache.catalina.core.ApplicationFilterChain.doFilter(ApplicationFilterChain.java:166)
2024-04-07 08:38:03,932 ERROR [http-nio-8080-exec-4] c.n.c.c.c.a.ExceptionAdvice [ExceptionAdvice.java:35] org.springframework.web.filter.FormContentFilter.doFilterInternal(FormContentFilter.java:92)
2024-04-07 08:38:03,933 ERROR [http-nio-8080-exec-4] c.n.c.c.c.a.ExceptionAdvice [ExceptionAdvice.java:35] org.springframework.web.filter.OncePerRequestFilter.doFilter(OncePerRequestFilter.java:107)
2024-04-07 08:38:03,933 ERROR [http-nio-8080-exec-4] c.n.c.c.c.a.ExceptionAdvice [ExceptionAdvice.java:35] org.apache.catalina.core.ApplicationFilterChain.internalDoFilter(ApplicationFilterChain.java:193)
2024-04-07 08:38:03,933 ERROR [http-nio-8080-exec-4] c.n.c.c.c.a.ExceptionAdvice [ExceptionAdvice.java:35] org.apache.catalina.core.ApplicationFilterChain.doFilter(ApplicationFilterChain.java:166)
2024-04-07 08:38:03,933 ERROR [http-nio-8080-exec-4] c.n.c.c.c.a.ExceptionAdvice [ExceptionAdvice.java:35] org.springframework.web.filter.HiddenHttpMethodFilter.doFilterInternal(HiddenHttpMethodFilter.java:93)
2024-04-07 08:38:03,934 ERROR [http-nio-8080-exec-4] c.n.c.c.c.a.ExceptionAdvice [ExceptionAdvice.java:35] org.springframework.web.filter.OncePerRequestFilter.doFilter(OncePerRequestFilter.java:107)
2024-04-07 08:38:03,934 ERROR [http-nio-8080-exec-4] c.n.c.c.c.a.ExceptionAdvice [ExceptionAdvice.java:35] org.apache.catalina.core.ApplicationFilterChain.internalDoFilter(ApplicationFilterChain.java:193)
2024-04-07 08:38:03,935 ERROR [http-nio-8080-exec-4] c.n.c.c.c.a.ExceptionAdvice [ExceptionAdvice.java:35] org.apache.catalina.core.ApplicationFilterChain.doFilter(ApplicationFilterChain.java:166)
2024-04-07 08:38:03,935 ERROR [http-nio-8080-exec-4] c.n.c.c.c.a.ExceptionAdvice [ExceptionAdvice.java:35] org.springframework.web.filter.CharacterEncodingFilter.doFilterInternal(CharacterEncodingFilter.java:200)
2024-04-07 08:38:03,935 ERROR [http-nio-8080-exec-4] c.n.c.c.c.a.ExceptionAdvice [ExceptionAdvice.java:35] org.springframework.web.filter.OncePerRequestFilter.doFilter(OncePerRequestFilter.java:107)
2024-04-07 08:38:03,935 ERROR [http-nio-8080-exec-4] c.n.c.c.c.a.ExceptionAdvice [ExceptionAdvice.java:35] org.apache.catalina.core.ApplicationFilterChain.internalDoFilter(ApplicationFilterChain.java:193)
2024-04-07 08:38:03,936 ERROR [http-nio-8080-exec-4] c.n.c.c.c.a.ExceptionAdvice [ExceptionAdvice.java:35] org.apache.catalina.core.ApplicationFilterChain.doFilter(ApplicationFilterChain.java:166)
2024-04-07 08:38:03,936 ERROR [http-nio-8080-exec-4] c.n.c.c.c.a.ExceptionAdvice [ExceptionAdvice.java:35] org.apache.catalina.core.StandardWrapperValve.invoke(StandardWrapperValve.java:200)
2024-04-07 08:38:03,936 ERROR [http-nio-8080-exec-4] c.n.c.c.c.a.ExceptionAdvice [ExceptionAdvice.java:35] org.apache.catalina.core.StandardContextValve.invoke(StandardContextValve.java:96)
2024-04-07 08:38:03,936 ERROR [http-nio-8080-exec-4] c.n.c.c.c.a.ExceptionAdvice [ExceptionAdvice.java:35] org.apache.catalina.authenticator.AuthenticatorBase.invoke(AuthenticatorBase.java:490)
2024-04-07 08:38:03,937 ERROR [http-nio-8080-exec-4] c.n.c.c.c.a.ExceptionAdvice [ExceptionAdvice.java:35] org.apache.catalina.core.StandardHostValve.invoke(StandardHostValve.java:139)
2024-04-07 08:38:03,937 ERROR [http-nio-8080-exec-4] c.n.c.c.c.a.ExceptionAdvice [ExceptionAdvice.java:35] org.apache.catalina.valves.ErrorReportValve.invoke(ErrorReportValve.java:92)
2024-04-07 08:38:03,938 ERROR [http-nio-8080-exec-4] c.n.c.c.c.a.ExceptionAdvice [ExceptionAdvice.java:35] org.apache.catalina.core.StandardEngineValve.invoke(StandardEngineValve.java:74)
2024-04-07 08:38:03,938 ERROR [http-nio-8080-exec-4] c.n.c.c.c.a.ExceptionAdvice [ExceptionAdvice.java:35] org.apache.catalina.connector.CoyoteAdapter.service(CoyoteAdapter.java:343)
2024-04-07 08:38:03,938 ERROR [http-nio-8080-exec-4] c.n.c.c.c.a.ExceptionAdvice [ExceptionAdvice.java:35] org.apache.coyote.http11.Http11Processor.service(Http11Processor.java:408)
2024-04-07 08:38:03,938 ERROR [http-nio-8080-exec-4] c.n.c.c.c.a.ExceptionAdvice [ExceptionAdvice.java:35] org.apache.coyote.AbstractProcessorLight.process(AbstractProcessorLight.java:66)
2024-04-07 08:38:03,939 ERROR [http-nio-8080-exec-4] c.n.c.c.c.a.ExceptionAdvice [ExceptionAdvice.java:35] org.apache.coyote.AbstractProtocol$ConnectionHandler.process(AbstractProtocol.java:836)
2024-04-07 08:38:03,939 ERROR [http-nio-8080-exec-4] c.n.c.c.c.a.ExceptionAdvice [ExceptionAdvice.java:35] org.apache.tomcat.util.net.NioEndpoint$SocketProcessor.doRun(NioEndpoint.java:1747)
2024-04-07 08:38:03,939 ERROR [http-nio-8080-exec-4] c.n.c.c.c.a.ExceptionAdvice [ExceptionAdvice.java:35] org.apache.tomcat.util.net.SocketProcessorBase.run(SocketProcessorBase.java:49)
2024-04-07 08:38:03,939 ERROR [http-nio-8080-exec-4] c.n.c.c.c.a.ExceptionAdvice [ExceptionAdvice.java:35] java.util.concurrent.ThreadPoolExecutor.runWorker(ThreadPoolExecutor.java:1142)
2024-04-07 08:38:03,939 ERROR [http-nio-8080-exec-4] c.n.c.c.c.a.ExceptionAdvice [ExceptionAdvice.java:35] java.util.concurrent.ThreadPoolExecutor$Worker.run(ThreadPoolExecutor.java:617)
2024-04-07 08:38:03,940 ERROR [http-nio-8080-exec-4] c.n.c.c.c.a.ExceptionAdvice [ExceptionAdvice.java:35] org.apache.tomcat.util.threads.TaskThread$WrappingRunnable.run(TaskThread.java:61)
2024-04-07 08:38:03,940 ERROR [http-nio-8080-exec-4] c.n.c.c.c.a.ExceptionAdvice [ExceptionAdvice.java:35] java.lang.Thread.run(Thread.java:745)
2024-04-07 12:04:03,050 ERROR [restartedMain] o.s.b.SpringApplication [SpringApplication.java:858] Application run failed
org.springframework.beans.factory.BeanCreationException: Error creating bean with name 'sqlSessionFactory' defined in class path resource [org/mybatis/spring/boot/autoconfigure/MybatisAutoConfiguration.class]: Bean instantiation via factory method failed; nested exception is org.springframework.beans.BeanInstantiationException: Failed to instantiate [org.apache.ibatis.session.SqlSessionFactory]: Factory method 'sqlSessionFactory' threw exception; nested exception is org.springframework.core.NestedIOException: Failed to parse mapping resource: 'file [C:\Desktop\软件开发\项目\niuke_coder\community\target\classes\mapper\comment-mapper.xml]'; nested exception is org.apache.ibatis.builder.BuilderException: Error parsing Mapper XML. The XML location is 'file [C:\Desktop\软件开发\项目\niuke_coder\community\target\classes\mapper\comment-mapper.xml]'. Cause: org.apache.ibatis.builder.BuilderException: Error resolving class. Cause: org.apache.ibatis.type.TypeException: Could not resolve type alias 'com.nowcoder.community.community.entity.Comment'.  Cause: java.lang.ClassNotFoundException: Cannot find class: com.nowcoder.community.community.entity.Comment
	at org.springframework.beans.factory.support.ConstructorResolver.instantiate(ConstructorResolver.java:627)
	at org.springframework.beans.factory.support.ConstructorResolver.instantiateUsingFactoryMethod(ConstructorResolver.java:607)
	at org.springframework.beans.factory.support.AbstractAutowireCapableBeanFactory.instantiateUsingFactoryMethod(AbstractAutowireCapableBeanFactory.java:1321)
	at org.springframework.beans.factory.support.AbstractAutowireCapableBeanFactory.createBeanInstance(AbstractAutowireCapableBeanFactory.java:1160)
	at org.springframework.beans.factory.support.AbstractAutowireCapableBeanFactory.doCreateBean(AbstractAutowireCapableBeanFactory.java:555)
	at org.springframework.beans.factory.support.AbstractAutowireCapableBeanFactory.createBean(AbstractAutowireCapableBeanFactory.java:515)
	at org.springframework.beans.factory.support.AbstractBeanFactory.lambda$doGetBean$0(AbstractBeanFactory.java:320)
	at org.springframework.beans.factory.support.DefaultSingletonBeanRegistry.getSingleton(DefaultSingletonBeanRegistry.java:222)
	at org.springframework.beans.factory.support.AbstractBeanFactory.doGetBean(AbstractBeanFactory.java:318)
	at org.springframework.beans.factory.support.AbstractBeanFactory.getBean(AbstractBeanFactory.java:199)
	at org.springframework.beans.factory.support.DefaultListableBeanFactory.preInstantiateSingletons(DefaultListableBeanFactory.java:843)
	at org.springframework.context.support.AbstractApplicationContext.finishBeanFactoryInitialization(AbstractApplicationContext.java:877)
	at org.springframework.context.support.AbstractApplicationContext.refresh(AbstractApplicationContext.java:549)
	at org.springframework.boot.web.servlet.context.ServletWebServerApplicationContext.refresh(ServletWebServerApplicationContext.java:142)
	at org.springframework.boot.SpringApplication.refresh(SpringApplication.java:775)
	at org.springframework.boot.SpringApplication.refreshContext(SpringApplication.java:397)
	at org.springframework.boot.SpringApplication.run(SpringApplication.java:316)
	at org.springframework.boot.SpringApplication.run(SpringApplication.java:1260)
	at org.springframework.boot.SpringApplication.run(SpringApplication.java:1248)
	at com.nowcoder.community.community.CommunityApplication.main(CommunityApplication.java:13)
	at sun.reflect.NativeMethodAccessorImpl.invoke0(Native Method)
	at sun.reflect.NativeMethodAccessorImpl.invoke(NativeMethodAccessorImpl.java:62)
	at sun.reflect.DelegatingMethodAccessorImpl.invoke(DelegatingMethodAccessorImpl.java:43)
	at java.lang.reflect.Method.invoke(Method.java:498)
	at org.springframework.boot.devtools.restart.RestartLauncher.run(RestartLauncher.java:49)
Caused by: org.springframework.beans.BeanInstantiationException: Failed to instantiate [org.apache.ibatis.session.SqlSessionFactory]: Factory method 'sqlSessionFactory' threw exception; nested exception is org.springframework.core.NestedIOException: Failed to parse mapping resource: 'file [C:\Desktop\软件开发\项目\niuke_coder\community\target\classes\mapper\comment-mapper.xml]'; nested exception is org.apache.ibatis.builder.BuilderException: Error parsing Mapper XML. The XML location is 'file [C:\Desktop\软件开发\项目\niuke_coder\community\target\classes\mapper\comment-mapper.xml]'. Cause: org.apache.ibatis.builder.BuilderException: Error resolving class. Cause: org.apache.ibatis.type.TypeException: Could not resolve type alias 'com.nowcoder.community.community.entity.Comment'.  Cause: java.lang.ClassNotFoundException: Cannot find class: com.nowcoder.community.community.entity.Comment
	at org.springframework.beans.factory.support.SimpleInstantiationStrategy.instantiate(SimpleInstantiationStrategy.java:185)
	at org.springframework.beans.factory.support.ConstructorResolver.instantiate(ConstructorResolver.java:622)
	... 24 common frames omitted
Caused by: org.springframework.core.NestedIOException: Failed to parse mapping resource: 'file [C:\Desktop\软件开发\项目\niuke_coder\community\target\classes\mapper\comment-mapper.xml]'; nested exception is org.apache.ibatis.builder.BuilderException: Error parsing Mapper XML. The XML location is 'file [C:\Desktop\软件开发\项目\niuke_coder\community\target\classes\mapper\comment-mapper.xml]'. Cause: org.apache.ibatis.builder.BuilderException: Error resolving class. Cause: org.apache.ibatis.type.TypeException: Could not resolve type alias 'com.nowcoder.community.community.entity.Comment'.  Cause: java.lang.ClassNotFoundException: Cannot find class: com.nowcoder.community.community.entity.Comment
	at org.mybatis.spring.SqlSessionFactoryBean.buildSqlSessionFactory(SqlSessionFactoryBean.java:534)
	at org.mybatis.spring.SqlSessionFactoryBean.afterPropertiesSet(SqlSessionFactoryBean.java:424)
	at org.mybatis.spring.SqlSessionFactoryBean.getObject(SqlSessionFactoryBean.java:554)
	at org.mybatis.spring.boot.autoconfigure.MybatisAutoConfiguration.sqlSessionFactory(MybatisAutoConfiguration.java:150)
	at org.mybatis.spring.boot.autoconfigure.MybatisAutoConfiguration$$EnhancerBySpringCGLIB$$6f83b62c.CGLIB$sqlSessionFactory$1(<generated>)
	at org.mybatis.spring.boot.autoconfigure.MybatisAutoConfiguration$$EnhancerBySpringCGLIB$$6f83b62c$$FastClassBySpringCGLIB$$2eb1b81e.invoke(<generated>)
	at org.springframework.cglib.proxy.MethodProxy.invokeSuper(MethodProxy.java:244)
	at org.springframework.context.annotation.ConfigurationClassEnhancer$BeanMethodInterceptor.intercept(ConfigurationClassEnhancer.java:363)
	at org.mybatis.spring.boot.autoconfigure.MybatisAutoConfiguration$$EnhancerBySpringCGLIB$$6f83b62c.sqlSessionFactory(<generated>)
	at sun.reflect.NativeMethodAccessorImpl.invoke0(Native Method)
	at sun.reflect.NativeMethodAccessorImpl.invoke(NativeMethodAccessorImpl.java:62)
	at sun.reflect.DelegatingMethodAccessorImpl.invoke(DelegatingMethodAccessorImpl.java:43)
	at java.lang.reflect.Method.invoke(Method.java:498)
	at org.springframework.beans.factory.support.SimpleInstantiationStrategy.instantiate(SimpleInstantiationStrategy.java:154)
	... 25 common frames omitted
Caused by: org.apache.ibatis.builder.BuilderException: Error parsing Mapper XML. The XML location is 'file [C:\Desktop\软件开发\项目\niuke_coder\community\target\classes\mapper\comment-mapper.xml]'. Cause: org.apache.ibatis.builder.BuilderException: Error resolving class. Cause: org.apache.ibatis.type.TypeException: Could not resolve type alias 'com.nowcoder.community.community.entity.Comment'.  Cause: java.lang.ClassNotFoundException: Cannot find class: com.nowcoder.community.community.entity.Comment
	at org.apache.ibatis.builder.xml.XMLMapperBuilder.configurationElement(XMLMapperBuilder.java:122)
	at org.apache.ibatis.builder.xml.XMLMapperBuilder.parse(XMLMapperBuilder.java:94)
	at org.mybatis.spring.SqlSessionFactoryBean.buildSqlSessionFactory(SqlSessionFactoryBean.java:532)
	... 38 common frames omitted
Caused by: org.apache.ibatis.builder.BuilderException: Error resolving class. Cause: org.apache.ibatis.type.TypeException: Could not resolve type alias 'com.nowcoder.community.community.entity.Comment'.  Cause: java.lang.ClassNotFoundException: Cannot find class: com.nowcoder.community.community.entity.Comment
	at org.apache.ibatis.builder.BaseBuilder.resolveClass(BaseBuilder.java:118)
	at org.apache.ibatis.builder.xml.XMLStatementBuilder.parseStatementNode(XMLStatementBuilder.java:102)
	at org.apache.ibatis.builder.xml.XMLMapperBuilder.buildStatementFromContext(XMLMapperBuilder.java:137)
	at org.apache.ibatis.builder.xml.XMLMapperBuilder.buildStatementFromContext(XMLMapperBuilder.java:130)
	at org.apache.ibatis.builder.xml.XMLMapperBuilder.configurationElement(XMLMapperBuilder.java:120)
	... 40 common frames omitted
Caused by: org.apache.ibatis.type.TypeException: Could not resolve type alias 'com.nowcoder.community.community.entity.Comment'.  Cause: java.lang.ClassNotFoundException: Cannot find class: com.nowcoder.community.community.entity.Comment
	at org.apache.ibatis.type.TypeAliasRegistry.resolveAlias(TypeAliasRegistry.java:120)
	at org.apache.ibatis.builder.BaseBuilder.resolveAlias(BaseBuilder.java:149)
	at org.apache.ibatis.builder.BaseBuilder.resolveClass(BaseBuilder.java:116)
	... 44 common frames omitted
Caused by: java.lang.ClassNotFoundException: Cannot find class: com.nowcoder.community.community.entity.Comment
	at org.apache.ibatis.io.ClassLoaderWrapper.classForName(ClassLoaderWrapper.java:200)
	at org.apache.ibatis.io.ClassLoaderWrapper.classForName(ClassLoaderWrapper.java:89)
	at org.apache.ibatis.io.Resources.classForName(Resources.java:261)
	at org.apache.ibatis.type.TypeAliasRegistry.resolveAlias(TypeAliasRegistry.java:116)
	... 46 common frames omitted
2024-04-07 12:04:16,381 ERROR [restartedMain] o.s.b.SpringApplication [SpringApplication.java:858] Application run failed
java.lang.IllegalStateException: Error processing condition on org.springframework.boot.autoconfigure.context.PropertyPlaceholderAutoConfiguration.propertySourcesPlaceholderConfigurer
	at org.springframework.boot.autoconfigure.condition.SpringBootCondition.matches(SpringBootCondition.java:64)
	at org.springframework.context.annotation.ConditionEvaluator.shouldSkip(ConditionEvaluator.java:108)
	at org.springframework.context.annotation.ConfigurationClassBeanDefinitionReader.loadBeanDefinitionsForBeanMethod(ConfigurationClassBeanDefinitionReader.java:181)
	at org.springframework.context.annotation.ConfigurationClassBeanDefinitionReader.loadBeanDefinitionsForConfigurationClass(ConfigurationClassBeanDefinitionReader.java:141)
	at org.springframework.context.annotation.ConfigurationClassBeanDefinitionReader.loadBeanDefinitions(ConfigurationClassBeanDefinitionReader.java:117)
	at org.springframework.context.annotation.ConfigurationClassPostProcessor.processConfigBeanDefinitions(ConfigurationClassPostProcessor.java:327)
	at org.springframework.context.annotation.ConfigurationClassPostProcessor.postProcessBeanDefinitionRegistry(ConfigurationClassPostProcessor.java:232)
	at org.springframework.context.support.PostProcessorRegistrationDelegate.invokeBeanDefinitionRegistryPostProcessors(PostProcessorRegistrationDelegate.java:275)
	at org.springframework.context.support.PostProcessorRegistrationDelegate.invokeBeanFactoryPostProcessors(PostProcessorRegistrationDelegate.java:95)
	at org.springframework.context.support.AbstractApplicationContext.invokeBeanFactoryPostProcessors(AbstractApplicationContext.java:705)
	at org.springframework.context.support.AbstractApplicationContext.refresh(AbstractApplicationContext.java:531)
	at org.springframework.boot.web.servlet.context.ServletWebServerApplicationContext.refresh(ServletWebServerApplicationContext.java:142)
	at org.springframework.boot.SpringApplication.refresh(SpringApplication.java:775)
	at org.springframework.boot.SpringApplication.refreshContext(SpringApplication.java:397)
	at org.springframework.boot.SpringApplication.run(SpringApplication.java:316)
	at org.springframework.boot.SpringApplication.run(SpringApplication.java:1260)
	at org.springframework.boot.SpringApplication.run(SpringApplication.java:1248)
	at com.nowcoder.community.community.CommunityApplication.main(CommunityApplication.java:13)
	at sun.reflect.NativeMethodAccessorImpl.invoke0(Native Method)
	at sun.reflect.NativeMethodAccessorImpl.invoke(NativeMethodAccessorImpl.java:62)
	at sun.reflect.DelegatingMethodAccessorImpl.invoke(DelegatingMethodAccessorImpl.java:43)
	at java.lang.reflect.Method.invoke(Method.java:498)
	at org.springframework.boot.devtools.restart.RestartLauncher.run(RestartLauncher.java:49)
Caused by: java.lang.IllegalStateException: Failed to introspect Class [com.nowcoder.community.community.config.RedisConfig] from ClassLoader [org.springframework.boot.devtools.restart.classloader.RestartClassLoader@3098b84b]
	at org.springframework.util.ReflectionUtils.getDeclaredMethods(ReflectionUtils.java:507)
	at org.springframework.util.ReflectionUtils.doWithMethods(ReflectionUtils.java:404)
	at org.springframework.util.ReflectionUtils.doWithMethods(ReflectionUtils.java:389)
	at org.springframework.util.ReflectionUtils.getUniqueDeclaredMethods(ReflectionUtils.java:447)
	at java.util.concurrent.ConcurrentHashMap.computeIfAbsent(ConcurrentHashMap.java:1660)
	at org.springframework.beans.factory.support.AbstractAutowireCapableBeanFactory.getTypeForFactoryMethod(AbstractAutowireCapableBeanFactory.java:738)
	at org.springframework.beans.factory.support.AbstractAutowireCapableBeanFactory.determineTargetType(AbstractAutowireCapableBeanFactory.java:679)
	at org.springframework.beans.factory.support.AbstractAutowireCapableBeanFactory.predictBeanType(AbstractAutowireCapableBeanFactory.java:647)
	at org.springframework.beans.factory.support.AbstractBeanFactory.isFactoryBean(AbstractBeanFactory.java:1518)
	at org.springframework.beans.factory.support.AbstractBeanFactory.isFactoryBean(AbstractBeanFactory.java:1023)
	at org.springframework.boot.autoconfigure.condition.BeanTypeRegistry.addBeanTypeForNonAliasDefinition(BeanTypeRegistry.java:195)
	at org.springframework.boot.autoconfigure.condition.BeanTypeRegistry.addBeanTypeForNonAliasDefinition(BeanTypeRegistry.java:159)
	at org.springframework.boot.autoconfigure.condition.BeanTypeRegistry.addBeanType(BeanTypeRegistry.java:152)
	at org.springframework.boot.autoconfigure.condition.BeanTypeRegistry.updateTypesIfNecessary(BeanTypeRegistry.java:140)
	at java.util.Iterator.forEachRemaining(Iterator.java:116)
	at org.springframework.boot.autoconfigure.condition.BeanTypeRegistry.updateTypesIfNecessary(BeanTypeRegistry.java:135)
	at org.springframework.boot.autoconfigure.condition.BeanTypeRegistry.getNamesForType(BeanTypeRegistry.java:97)
	at org.springframework.boot.autoconfigure.condition.OnBeanCondition.collectBeanNamesForType(OnBeanCondition.java:298)
	at org.springframework.boot.autoconfigure.condition.OnBeanCondition.getBeanNamesForType(OnBeanCondition.java:289)
	at org.springframework.boot.autoconfigure.condition.OnBeanCondition.getBeanNamesForType(OnBeanCondition.java:278)
	at org.springframework.boot.autoconfigure.condition.OnBeanCondition.getMatchingBeans(OnBeanCondition.java:189)
	at org.springframework.boot.autoconfigure.condition.OnBeanCondition.getMatchOutcome(OnBeanCondition.java:160)
	at org.springframework.boot.autoconfigure.condition.SpringBootCondition.matches(SpringBootCondition.java:47)
	... 22 common frames omitted
Caused by: java.lang.NoClassDefFoundError: org/springframework/data/redis/connection/RedisConnectionFactory
	at java.lang.Class.getDeclaredMethods0(Native Method)
	at java.lang.Class.privateGetDeclaredMethods(Class.java:2701)
	at java.lang.Class.getDeclaredMethods(Class.java:1975)
	at org.springframework.util.ReflectionUtils.getDeclaredMethods(ReflectionUtils.java:489)
	... 44 common frames omitted
Caused by: java.lang.ClassNotFoundException: org.springframework.data.redis.connection.RedisConnectionFactory
	at java.net.URLClassLoader.findClass(URLClassLoader.java:381)
	at java.lang.ClassLoader.loadClass(ClassLoader.java:424)
	at sun.misc.Launcher$AppClassLoader.loadClass(Launcher.java:331)
	at java.lang.ClassLoader.loadClass(ClassLoader.java:357)
	at org.springframework.boot.devtools.restart.classloader.RestartClassLoader.loadClass(RestartClassLoader.java:148)
	at java.lang.ClassLoader.loadClass(ClassLoader.java:357)
	... 48 common frames omitted
