2024-03-24 14:24:04,578 INFO [main] c.n.c.c.MailTests [StartupInfoLogger.java:50] Starting MailTests on LAPTOP-E3TEOQ52 with PID 9700 (started by 杨理 in C:\Desktop\软件开发\项目\niuke_coder\community)
2024-03-24 14:24:04,597 INFO [main] c.n.c.c.MailTests [SpringApplication.java:675] No active profile set, falling back to default profiles: default
2024-03-24 14:24:07,701 INFO [main] o.s.c.s.PostProcessorRegistrationDelegate$BeanPostProcessorChecker [PostProcessorRegistrationDelegate.java:330] Bean 'org.springframework.ws.config.annotation.DelegatingWsConfiguration' of type [org.springframework.ws.config.annotation.DelegatingWsConfiguration$$EnhancerBySpringCGLIB$$bf8673e5] is not eligible for getting processed by all BeanPostProcessors (for example: not eligible for auto-proxying)
2024-03-24 14:24:07,797 INFO [main] o.s.w.s.a.s.AnnotationActionEndpointMapping [AbstractAddressingEndpointMapping.java:236] Supporting [WS-Addressing August 2004, WS-Addressing 1.0]
2024-03-24 14:24:10,042 INFO [main] o.s.s.c.ThreadPoolTaskExecutor [ExecutorConfigurationSupport.java:171] Initializing ExecutorService 'applicationTaskExecutor'
2024-03-24 14:24:10,653 INFO [main] o.s.b.a.w.s.WelcomePageHandlerMapping [WelcomePageHandlerMapping.java:61] Adding welcome page template: index
2024-03-24 14:24:11,523 INFO [main] c.n.c.c.MailTests [StartupInfoLogger.java:59] Started MailTests in 7.846 seconds (JVM running for 9.998)
2024-03-24 14:24:33,309 INFO [Thread-3] o.s.s.c.ThreadPoolTaskExecutor [ExecutorConfigurationSupport.java:208] Shutting down ExecutorService 'applicationTaskExecutor'
2024-03-24 14:25:12,000 INFO [main] c.n.c.c.MailTests [StartupInfoLogger.java:50] Starting MailTests on LAPTOP-E3TEOQ52 with PID 9532 (started by 杨理 in C:\Desktop\软件开发\项目\niuke_coder\community)
2024-03-24 14:25:12,003 INFO [main] c.n.c.c.MailTests [SpringApplication.java:675] No active profile set, falling back to default profiles: default
2024-03-24 14:25:14,303 INFO [main] o.s.c.s.PostProcessorRegistrationDelegate$BeanPostProcessorChecker [PostProcessorRegistrationDelegate.java:330] Bean 'org.springframework.ws.config.annotation.DelegatingWsConfiguration' of type [org.springframework.ws.config.annotation.DelegatingWsConfiguration$$EnhancerBySpringCGLIB$$6ee527bf] is not eligible for getting processed by all BeanPostProcessors (for example: not eligible for auto-proxying)
2024-03-24 14:25:14,380 INFO [main] o.s.w.s.a.s.AnnotationActionEndpointMapping [AbstractAddressingEndpointMapping.java:236] Supporting [WS-Addressing August 2004, WS-Addressing 1.0]
2024-03-24 14:25:16,155 INFO [main] o.s.s.c.ThreadPoolTaskExecutor [ExecutorConfigurationSupport.java:171] Initializing ExecutorService 'applicationTaskExecutor'
2024-03-24 14:25:16,656 INFO [main] o.s.b.a.w.s.WelcomePageHandlerMapping [WelcomePageHandlerMapping.java:61] Adding welcome page template: index
2024-03-24 14:25:17,279 INFO [main] c.n.c.c.MailTests [StartupInfoLogger.java:59] Started MailTests in 6.105 seconds (JVM running for 7.873)
2024-03-24 14:25:21,458 INFO [Thread-3] o.s.s.c.ThreadPoolTaskExecutor [ExecutorConfigurationSupport.java:208] Shutting down ExecutorService 'applicationTaskExecutor'
2024-03-24 14:33:08,518 INFO [main] c.n.c.c.MailTests [StartupInfoLogger.java:50] Starting MailTests on LAPTOP-E3TEOQ52 with PID 9828 (started by 杨理 in C:\Desktop\软件开发\项目\niuke_coder\community)
2024-03-24 14:33:08,521 INFO [main] c.n.c.c.MailTests [SpringApplication.java:675] No active profile set, falling back to default profiles: default
2024-03-24 14:33:10,875 INFO [main] o.s.c.s.PostProcessorRegistrationDelegate$BeanPostProcessorChecker [PostProcessorRegistrationDelegate.java:330] Bean 'org.springframework.ws.config.annotation.DelegatingWsConfiguration' of type [org.springframework.ws.config.annotation.DelegatingWsConfiguration$$EnhancerBySpringCGLIB$$f9cb3908] is not eligible for getting processed by all BeanPostProcessors (for example: not eligible for auto-proxying)
2024-03-24 14:33:10,956 INFO [main] o.s.w.s.a.s.AnnotationActionEndpointMapping [AbstractAddressingEndpointMapping.java:236] Supporting [WS-Addressing August 2004, WS-Addressing 1.0]
2024-03-24 14:33:12,692 INFO [main] o.s.s.c.ThreadPoolTaskExecutor [ExecutorConfigurationSupport.java:171] Initializing ExecutorService 'applicationTaskExecutor'
2024-03-24 14:33:13,223 INFO [main] o.s.b.a.w.s.WelcomePageHandlerMapping [WelcomePageHandlerMapping.java:61] Adding welcome page template: index
2024-03-24 14:33:13,914 INFO [main] c.n.c.c.MailTests [StartupInfoLogger.java:59] Started MailTests in 6.251 seconds (JVM running for 8.14)
2024-03-24 14:33:26,760 INFO [Thread-3] o.s.s.c.ThreadPoolTaskExecutor [ExecutorConfigurationSupport.java:208] Shutting down ExecutorService 'applicationTaskExecutor'
2024-03-24 14:34:35,925 INFO [main] c.n.c.c.MailTests [StartupInfoLogger.java:50] Starting MailTests on LAPTOP-E3TEOQ52 with PID 24140 (started by 杨理 in C:\Desktop\软件开发\项目\niuke_coder\community)
2024-03-24 14:34:35,928 INFO [main] c.n.c.c.MailTests [SpringApplication.java:675] No active profile set, falling back to default profiles: default
2024-03-24 14:34:38,053 INFO [main] o.s.c.s.PostProcessorRegistrationDelegate$BeanPostProcessorChecker [PostProcessorRegistrationDelegate.java:330] Bean 'org.springframework.ws.config.annotation.DelegatingWsConfiguration' of type [org.springframework.ws.config.annotation.DelegatingWsConfiguration$$EnhancerBySpringCGLIB$$c3da83b3] is not eligible for getting processed by all BeanPostProcessors (for example: not eligible for auto-proxying)
2024-03-24 14:34:38,129 INFO [main] o.s.w.s.a.s.AnnotationActionEndpointMapping [AbstractAddressingEndpointMapping.java:236] Supporting [WS-Addressing August 2004, WS-Addressing 1.0]
2024-03-24 14:34:39,909 INFO [main] o.s.s.c.ThreadPoolTaskExecutor [ExecutorConfigurationSupport.java:171] Initializing ExecutorService 'applicationTaskExecutor'
2024-03-24 14:34:40,411 INFO [main] o.s.b.a.w.s.WelcomePageHandlerMapping [WelcomePageHandlerMapping.java:61] Adding welcome page template: index
2024-03-24 14:34:41,069 INFO [main] c.n.c.c.MailTests [StartupInfoLogger.java:59] Started MailTests in 5.909 seconds (JVM running for 7.665)
2024-03-24 14:34:52,820 INFO [Thread-3] o.s.s.c.ThreadPoolTaskExecutor [ExecutorConfigurationSupport.java:208] Shutting down ExecutorService 'applicationTaskExecutor'
2024-03-24 14:39:44,656 INFO [main] c.n.c.c.MailTests [StartupInfoLogger.java:50] Starting MailTests on LAPTOP-E3TEOQ52 with PID 9464 (started by 杨理 in C:\Desktop\软件开发\项目\niuke_coder\community)
2024-03-24 14:39:44,659 INFO [main] c.n.c.c.MailTests [SpringApplication.java:675] No active profile set, falling back to default profiles: default
2024-03-24 14:39:47,042 INFO [main] o.s.c.s.PostProcessorRegistrationDelegate$BeanPostProcessorChecker [PostProcessorRegistrationDelegate.java:330] Bean 'org.springframework.ws.config.annotation.DelegatingWsConfiguration' of type [org.springframework.ws.config.annotation.DelegatingWsConfiguration$$EnhancerBySpringCGLIB$$fb0b8806] is not eligible for getting processed by all BeanPostProcessors (for example: not eligible for auto-proxying)
2024-03-24 14:39:47,115 INFO [main] o.s.w.s.a.s.AnnotationActionEndpointMapping [AbstractAddressingEndpointMapping.java:236] Supporting [WS-Addressing August 2004, WS-Addressing 1.0]
2024-03-24 14:39:48,915 INFO [main] o.s.s.c.ThreadPoolTaskExecutor [ExecutorConfigurationSupport.java:171] Initializing ExecutorService 'applicationTaskExecutor'
2024-03-24 14:39:49,406 INFO [main] o.s.b.a.w.s.WelcomePageHandlerMapping [WelcomePageHandlerMapping.java:61] Adding welcome page template: index
2024-03-24 14:39:50,047 INFO [main] c.n.c.c.MailTests [StartupInfoLogger.java:59] Started MailTests in 6.16 seconds (JVM running for 7.901)
2024-03-24 14:40:01,839 INFO [Thread-3] o.s.s.c.ThreadPoolTaskExecutor [ExecutorConfigurationSupport.java:208] Shutting down ExecutorService 'applicationTaskExecutor'
2024-03-24 14:43:02,270 INFO [main] c.n.c.c.MailTests [StartupInfoLogger.java:50] Starting MailTests on LAPTOP-E3TEOQ52 with PID 7144 (started by 杨理 in C:\Desktop\软件开发\项目\niuke_coder\community)
2024-03-24 14:43:02,274 INFO [main] c.n.c.c.MailTests [SpringApplication.java:675] No active profile set, falling back to default profiles: default
2024-03-24 14:43:04,541 INFO [main] o.s.c.s.PostProcessorRegistrationDelegate$BeanPostProcessorChecker [PostProcessorRegistrationDelegate.java:330] Bean 'org.springframework.ws.config.annotation.DelegatingWsConfiguration' of type [org.springframework.ws.config.annotation.DelegatingWsConfiguration$$EnhancerBySpringCGLIB$$f9cb3908] is not eligible for getting processed by all BeanPostProcessors (for example: not eligible for auto-proxying)
2024-03-24 14:43:04,616 INFO [main] o.s.w.s.a.s.AnnotationActionEndpointMapping [AbstractAddressingEndpointMapping.java:236] Supporting [WS-Addressing August 2004, WS-Addressing 1.0]
2024-03-24 14:43:06,580 INFO [main] o.s.s.c.ThreadPoolTaskExecutor [ExecutorConfigurationSupport.java:171] Initializing ExecutorService 'applicationTaskExecutor'
2024-03-24 14:43:07,088 INFO [main] o.s.b.a.w.s.WelcomePageHandlerMapping [WelcomePageHandlerMapping.java:61] Adding welcome page template: index
2024-03-24 14:43:07,752 INFO [main] c.n.c.c.MailTests [StartupInfoLogger.java:59] Started MailTests in 6.294 seconds (JVM running for 8.102)
2024-03-24 14:43:19,949 INFO [Thread-3] o.s.s.c.ThreadPoolTaskExecutor [ExecutorConfigurationSupport.java:208] Shutting down ExecutorService 'applicationTaskExecutor'
2024-03-24 14:44:20,613 INFO [main] c.n.c.c.MailTests [StartupInfoLogger.java:50] Starting MailTests on LAPTOP-E3TEOQ52 with PID 18188 (started by 杨理 in C:\Desktop\软件开发\项目\niuke_coder\community)
2024-03-24 14:44:20,617 INFO [main] c.n.c.c.MailTests [SpringApplication.java:675] No active profile set, falling back to default profiles: default
2024-03-24 14:44:23,763 INFO [main] o.s.c.s.PostProcessorRegistrationDelegate$BeanPostProcessorChecker [PostProcessorRegistrationDelegate.java:330] Bean 'org.springframework.ws.config.annotation.DelegatingWsConfiguration' of type [org.springframework.ws.config.annotation.DelegatingWsConfiguration$$EnhancerBySpringCGLIB$$801bc24f] is not eligible for getting processed by all BeanPostProcessors (for example: not eligible for auto-proxying)
2024-03-24 14:44:23,854 INFO [main] o.s.w.s.a.s.AnnotationActionEndpointMapping [AbstractAddressingEndpointMapping.java:236] Supporting [WS-Addressing August 2004, WS-Addressing 1.0]
2024-03-24 14:44:26,309 INFO [main] o.s.s.c.ThreadPoolTaskExecutor [ExecutorConfigurationSupport.java:171] Initializing ExecutorService 'applicationTaskExecutor'
2024-03-24 14:44:26,917 INFO [main] o.s.b.a.w.s.WelcomePageHandlerMapping [WelcomePageHandlerMapping.java:61] Adding welcome page template: index
2024-03-24 14:44:27,642 INFO [main] c.n.c.c.MailTests [StartupInfoLogger.java:59] Started MailTests in 7.928 seconds (JVM running for 9.975)
2024-03-24 14:44:39,664 INFO [Thread-3] o.s.s.c.ThreadPoolTaskExecutor [ExecutorConfigurationSupport.java:208] Shutting down ExecutorService 'applicationTaskExecutor'
2024-03-24 14:45:00,897 INFO [main] c.n.c.c.MailTests [StartupInfoLogger.java:50] Starting MailTests on LAPTOP-E3TEOQ52 with PID 10792 (started by 杨理 in C:\Desktop\软件开发\项目\niuke_coder\community)
2024-03-24 14:45:00,900 INFO [main] c.n.c.c.MailTests [SpringApplication.java:675] No active profile set, falling back to default profiles: default
2024-03-24 14:45:02,964 INFO [main] o.s.c.s.PostProcessorRegistrationDelegate$BeanPostProcessorChecker [PostProcessorRegistrationDelegate.java:330] Bean 'org.springframework.ws.config.annotation.DelegatingWsConfiguration' of type [org.springframework.ws.config.annotation.DelegatingWsConfiguration$$EnhancerBySpringCGLIB$$6ee527bf] is not eligible for getting processed by all BeanPostProcessors (for example: not eligible for auto-proxying)
2024-03-24 14:45:03,036 INFO [main] o.s.w.s.a.s.AnnotationActionEndpointMapping [AbstractAddressingEndpointMapping.java:236] Supporting [WS-Addressing August 2004, WS-Addressing 1.0]
2024-03-24 14:45:04,789 INFO [main] o.s.s.c.ThreadPoolTaskExecutor [ExecutorConfigurationSupport.java:171] Initializing ExecutorService 'applicationTaskExecutor'
2024-03-24 14:45:05,285 INFO [main] o.s.b.a.w.s.WelcomePageHandlerMapping [WelcomePageHandlerMapping.java:61] Adding welcome page template: index
2024-03-24 14:45:05,919 INFO [main] c.n.c.c.MailTests [StartupInfoLogger.java:59] Started MailTests in 5.937 seconds (JVM running for 7.594)
2024-03-24 14:45:27,235 INFO [Thread-3] o.s.s.c.ThreadPoolTaskExecutor [ExecutorConfigurationSupport.java:208] Shutting down ExecutorService 'applicationTaskExecutor'
2024-03-24 14:47:26,127 INFO [main] c.n.c.c.MailTests [StartupInfoLogger.java:50] Starting MailTests on LAPTOP-E3TEOQ52 with PID 21588 (started by 杨理 in C:\Desktop\软件开发\项目\niuke_coder\community)
2024-03-24 14:47:26,131 INFO [main] c.n.c.c.MailTests [SpringApplication.java:675] No active profile set, falling back to default profiles: default
2024-03-24 14:47:29,167 INFO [main] o.s.c.s.PostProcessorRegistrationDelegate$BeanPostProcessorChecker [PostProcessorRegistrationDelegate.java:330] Bean 'org.springframework.ws.config.annotation.DelegatingWsConfiguration' of type [org.springframework.ws.config.annotation.DelegatingWsConfiguration$$EnhancerBySpringCGLIB$$801bc24f] is not eligible for getting processed by all BeanPostProcessors (for example: not eligible for auto-proxying)
2024-03-24 14:47:29,243 INFO [main] o.s.w.s.a.s.AnnotationActionEndpointMapping [AbstractAddressingEndpointMapping.java:236] Supporting [WS-Addressing August 2004, WS-Addressing 1.0]
2024-03-24 14:47:31,022 INFO [main] o.s.s.c.ThreadPoolTaskExecutor [ExecutorConfigurationSupport.java:171] Initializing ExecutorService 'applicationTaskExecutor'
2024-03-24 14:47:31,622 INFO [main] o.s.b.a.w.s.WelcomePageHandlerMapping [WelcomePageHandlerMapping.java:61] Adding welcome page template: index
2024-03-24 14:47:33,273 INFO [main] c.n.c.c.MailTests [StartupInfoLogger.java:59] Started MailTests in 8.737 seconds (JVM running for 10.976)
2024-03-24 14:47:55,128 INFO [Thread-3] o.s.s.c.ThreadPoolTaskExecutor [ExecutorConfigurationSupport.java:208] Shutting down ExecutorService 'applicationTaskExecutor'
2024-03-24 14:54:26,449 INFO [main] c.n.c.c.MailTests [StartupInfoLogger.java:50] Starting MailTests on LAPTOP-E3TEOQ52 with PID 13100 (started by 杨理 in C:\Desktop\软件开发\项目\niuke_coder\community)
2024-03-24 14:54:26,453 INFO [main] c.n.c.c.MailTests [SpringApplication.java:675] No active profile set, falling back to default profiles: default
2024-03-24 14:54:29,034 INFO [main] o.s.c.s.PostProcessorRegistrationDelegate$BeanPostProcessorChecker [PostProcessorRegistrationDelegate.java:330] Bean 'org.springframework.ws.config.annotation.DelegatingWsConfiguration' of type [org.springframework.ws.config.annotation.DelegatingWsConfiguration$$EnhancerBySpringCGLIB$$f9cb3908] is not eligible for getting processed by all BeanPostProcessors (for example: not eligible for auto-proxying)
2024-03-24 14:54:29,120 INFO [main] o.s.w.s.a.s.AnnotationActionEndpointMapping [AbstractAddressingEndpointMapping.java:236] Supporting [WS-Addressing August 2004, WS-Addressing 1.0]
2024-03-24 14:54:31,003 INFO [main] o.s.s.c.ThreadPoolTaskExecutor [ExecutorConfigurationSupport.java:171] Initializing ExecutorService 'applicationTaskExecutor'
2024-03-24 14:54:31,499 INFO [main] o.s.b.a.w.s.WelcomePageHandlerMapping [WelcomePageHandlerMapping.java:61] Adding welcome page template: index
2024-03-24 14:54:32,143 INFO [main] c.n.c.c.MailTests [StartupInfoLogger.java:59] Started MailTests in 6.496 seconds (JVM running for 8.384)
2024-03-24 14:54:54,508 INFO [Thread-3] o.s.s.c.ThreadPoolTaskExecutor [ExecutorConfigurationSupport.java:208] Shutting down ExecutorService 'applicationTaskExecutor'
2024-03-24 15:14:51,124 INFO [restartedMain] c.n.c.c.CommunityApplication [StartupInfoLogger.java:50] Starting CommunityApplication on LAPTOP-E3TEOQ52 with PID 2120 (started by 杨理 in C:\Desktop\软件开发\项目\niuke_coder\community)
2024-03-24 15:14:51,132 INFO [restartedMain] c.n.c.c.CommunityApplication [SpringApplication.java:675] No active profile set, falling back to default profiles: default
2024-03-24 15:14:51,206 INFO [restartedMain] o.s.b.d.e.DevToolsPropertyDefaultsPostProcessor [DeferredLog.java:227] Devtools property defaults active! Set 'spring.devtools.add-properties' to 'false' to disable
2024-03-24 15:14:51,206 INFO [restartedMain] o.s.b.d.e.DevToolsPropertyDefaultsPostProcessor [DeferredLog.java:227] For additional web related logging consider setting the 'logging.level.web' property to 'DEBUG'
2024-03-24 15:14:52,771 INFO [restartedMain] o.s.c.s.PostProcessorRegistrationDelegate$BeanPostProcessorChecker [PostProcessorRegistrationDelegate.java:330] Bean 'org.springframework.ws.config.annotation.DelegatingWsConfiguration' of type [org.springframework.ws.config.annotation.DelegatingWsConfiguration$$EnhancerBySpringCGLIB$$c875c1b] is not eligible for getting processed by all BeanPostProcessors (for example: not eligible for auto-proxying)
2024-03-24 15:14:52,814 INFO [restartedMain] o.s.w.s.a.s.AnnotationActionEndpointMapping [AbstractAddressingEndpointMapping.java:236] Supporting [WS-Addressing August 2004, WS-Addressing 1.0]
2024-03-24 15:14:53,350 INFO [restartedMain] o.s.b.w.e.t.TomcatWebServer [TomcatWebServer.java:90] Tomcat initialized with port(s): 8080 (http)
2024-03-24 15:14:53,374 INFO [restartedMain] o.a.c.h.Http11NioProtocol [DirectJDKLog.java:173] Initializing ProtocolHandler ["http-nio-8080"]
2024-03-24 15:14:53,388 INFO [restartedMain] o.a.c.c.StandardService [DirectJDKLog.java:173] Starting service [Tomcat]
2024-03-24 15:14:53,389 INFO [restartedMain] o.a.c.c.StandardEngine [DirectJDKLog.java:173] Starting Servlet engine: [Apache Tomcat/9.0.19]
2024-03-24 15:14:53,613 INFO [restartedMain] o.a.c.c.C.[.[.[/community] [DirectJDKLog.java:173] Initializing Spring embedded WebApplicationContext
2024-03-24 15:14:53,614 INFO [restartedMain] o.s.w.c.ContextLoader [ServletWebServerApplicationContext.java:296] Root WebApplicationContext: initialization completed in 2407 ms
2024-03-24 15:14:54,319 INFO [restartedMain] o.s.s.c.ThreadPoolTaskExecutor [ExecutorConfigurationSupport.java:171] Initializing ExecutorService 'applicationTaskExecutor'
2024-03-24 15:14:54,478 INFO [restartedMain] o.s.b.a.w.s.WelcomePageHandlerMapping [WelcomePageHandlerMapping.java:61] Adding welcome page template: index
2024-03-24 15:14:54,786 INFO [restartedMain] o.s.b.d.a.OptionalLiveReloadServer [OptionalLiveReloadServer.java:57] LiveReload server is running on port 35729
2024-03-24 15:14:54,824 INFO [restartedMain] o.a.c.h.Http11NioProtocol [DirectJDKLog.java:173] Starting ProtocolHandler ["http-nio-8080"]
2024-03-24 15:14:54,864 INFO [restartedMain] o.s.b.w.e.t.TomcatWebServer [TomcatWebServer.java:204] Tomcat started on port(s): 8080 (http) with context path '/community'
2024-03-24 15:14:54,870 INFO [restartedMain] c.n.c.c.CommunityApplication [StartupInfoLogger.java:59] Started CommunityApplication in 4.483 seconds (JVM running for 6.895)
2024-03-24 15:15:33,556 INFO [http-nio-8080-exec-2] o.a.c.c.C.[.[.[/community] [DirectJDKLog.java:173] Initializing Spring DispatcherServlet 'dispatcherServlet'
2024-03-24 15:15:33,558 INFO [http-nio-8080-exec-2] o.s.w.s.DispatcherServlet [FrameworkServlet.java:524] Initializing Servlet 'dispatcherServlet'
2024-03-24 15:15:33,568 INFO [http-nio-8080-exec-2] o.s.w.s.DispatcherServlet [FrameworkServlet.java:546] Completed initialization in 10 ms
2024-03-24 15:15:33,660 INFO [http-nio-8080-exec-2] c.z.h.HikariDataSource [HikariDataSource.java:110] HikariPool-1 - Starting...
2024-03-24 15:15:33,949 INFO [http-nio-8080-exec-2] c.z.h.HikariDataSource [HikariDataSource.java:123] HikariPool-1 - Start completed.
2024-03-24 15:23:20,418 INFO [Thread-17] o.s.s.c.ThreadPoolTaskExecutor [ExecutorConfigurationSupport.java:208] Shutting down ExecutorService 'applicationTaskExecutor'
2024-03-24 15:23:20,420 INFO [Thread-17] c.z.h.HikariDataSource [HikariDataSource.java:350] HikariPool-1 - Shutdown initiated...
2024-03-24 15:23:20,456 INFO [Thread-17] c.z.h.HikariDataSource [HikariDataSource.java:352] HikariPool-1 - Shutdown completed.
2024-03-24 16:12:39,942 INFO [restartedMain] c.n.c.c.CommunityApplication [StartupInfoLogger.java:50] Starting CommunityApplication on LAPTOP-E3TEOQ52 with PID 21488 (started by 杨理 in C:\Desktop\软件开发\项目\niuke_coder\community)
2024-03-24 16:12:39,949 INFO [restartedMain] c.n.c.c.CommunityApplication [SpringApplication.java:675] No active profile set, falling back to default profiles: default
2024-03-24 16:12:40,146 INFO [restartedMain] o.s.b.d.e.DevToolsPropertyDefaultsPostProcessor [DeferredLog.java:227] Devtools property defaults active! Set 'spring.devtools.add-properties' to 'false' to disable
2024-03-24 16:12:40,147 INFO [restartedMain] o.s.b.d.e.DevToolsPropertyDefaultsPostProcessor [DeferredLog.java:227] For additional web related logging consider setting the 'logging.level.web' property to 'DEBUG'
2024-03-24 16:12:42,779 INFO [restartedMain] o.s.c.s.PostProcessorRegistrationDelegate$BeanPostProcessorChecker [PostProcessorRegistrationDelegate.java:330] Bean 'org.springframework.ws.config.annotation.DelegatingWsConfiguration' of type [org.springframework.ws.config.annotation.DelegatingWsConfiguration$$EnhancerBySpringCGLIB$$23f09951] is not eligible for getting processed by all BeanPostProcessors (for example: not eligible for auto-proxying)
2024-03-24 16:12:42,839 INFO [restartedMain] o.s.w.s.a.s.AnnotationActionEndpointMapping [AbstractAddressingEndpointMapping.java:236] Supporting [WS-Addressing August 2004, WS-Addressing 1.0]
2024-03-24 16:12:43,453 INFO [restartedMain] o.s.b.w.e.t.TomcatWebServer [TomcatWebServer.java:90] Tomcat initialized with port(s): 8080 (http)
2024-03-24 16:12:43,477 INFO [restartedMain] o.a.c.h.Http11NioProtocol [DirectJDKLog.java:173] Initializing ProtocolHandler ["http-nio-8080"]
2024-03-24 16:12:43,493 INFO [restartedMain] o.a.c.c.StandardService [DirectJDKLog.java:173] Starting service [Tomcat]
2024-03-24 16:12:43,493 INFO [restartedMain] o.a.c.c.StandardEngine [DirectJDKLog.java:173] Starting Servlet engine: [Apache Tomcat/9.0.19]
2024-03-24 16:12:43,742 INFO [restartedMain] o.a.c.c.C.[.[.[/community] [DirectJDKLog.java:173] Initializing Spring embedded WebApplicationContext
2024-03-24 16:12:43,743 INFO [restartedMain] o.s.w.c.ContextLoader [ServletWebServerApplicationContext.java:296] Root WebApplicationContext: initialization completed in 3595 ms
2024-03-24 16:12:44,590 INFO [restartedMain] o.s.s.c.ThreadPoolTaskExecutor [ExecutorConfigurationSupport.java:171] Initializing ExecutorService 'applicationTaskExecutor'
2024-03-24 16:12:44,730 INFO [restartedMain] o.s.b.a.w.s.WelcomePageHandlerMapping [WelcomePageHandlerMapping.java:61] Adding welcome page template: index
2024-03-24 16:12:44,993 INFO [restartedMain] o.s.b.d.a.OptionalLiveReloadServer [OptionalLiveReloadServer.java:57] LiveReload server is running on port 35729
2024-03-24 16:12:45,031 INFO [restartedMain] o.a.c.h.Http11NioProtocol [DirectJDKLog.java:173] Starting ProtocolHandler ["http-nio-8080"]
2024-03-24 16:12:45,067 INFO [restartedMain] o.s.b.w.e.t.TomcatWebServer [TomcatWebServer.java:204] Tomcat started on port(s): 8080 (http) with context path '/community'
2024-03-24 16:12:45,071 INFO [restartedMain] c.n.c.c.CommunityApplication [StartupInfoLogger.java:59] Started CommunityApplication in 6.224 seconds (JVM running for 9.81)
2024-03-24 16:13:04,247 INFO [http-nio-8080-exec-1] o.a.c.c.C.[.[.[/community] [DirectJDKLog.java:173] Initializing Spring DispatcherServlet 'dispatcherServlet'
2024-03-24 16:13:04,249 INFO [http-nio-8080-exec-1] o.s.w.s.DispatcherServlet [FrameworkServlet.java:524] Initializing Servlet 'dispatcherServlet'
2024-03-24 16:13:04,258 INFO [http-nio-8080-exec-1] o.s.w.s.DispatcherServlet [FrameworkServlet.java:546] Completed initialization in 8 ms
2024-03-24 16:13:04,349 INFO [http-nio-8080-exec-1] c.z.h.HikariDataSource [HikariDataSource.java:110] HikariPool-1 - Starting...
2024-03-24 16:13:04,587 INFO [http-nio-8080-exec-1] c.z.h.HikariDataSource [HikariDataSource.java:123] HikariPool-1 - Start completed.
2024-03-24 16:18:32,049 INFO [Thread-20] o.s.s.c.ThreadPoolTaskExecutor [ExecutorConfigurationSupport.java:208] Shutting down ExecutorService 'applicationTaskExecutor'
2024-03-24 16:18:32,050 INFO [Thread-20] c.z.h.HikariDataSource [HikariDataSource.java:350] HikariPool-1 - Shutdown initiated...
2024-03-24 16:18:32,055 INFO [Thread-20] c.z.h.HikariDataSource [HikariDataSource.java:352] HikariPool-1 - Shutdown completed.
2024-03-24 16:18:40,629 INFO [restartedMain] c.n.c.c.CommunityApplication [StartupInfoLogger.java:50] Starting CommunityApplication on LAPTOP-E3TEOQ52 with PID 24892 (started by 杨理 in C:\Desktop\软件开发\项目\niuke_coder\community)
2024-03-24 16:18:40,635 INFO [restartedMain] c.n.c.c.CommunityApplication [SpringApplication.java:675] No active profile set, falling back to default profiles: default
2024-03-24 16:18:40,718 INFO [restartedMain] o.s.b.d.e.DevToolsPropertyDefaultsPostProcessor [DeferredLog.java:227] Devtools property defaults active! Set 'spring.devtools.add-properties' to 'false' to disable
2024-03-24 16:18:40,718 INFO [restartedMain] o.s.b.d.e.DevToolsPropertyDefaultsPostProcessor [DeferredLog.java:227] For additional web related logging consider setting the 'logging.level.web' property to 'DEBUG'
2024-03-24 16:18:42,501 INFO [restartedMain] o.s.c.s.PostProcessorRegistrationDelegate$BeanPostProcessorChecker [PostProcessorRegistrationDelegate.java:330] Bean 'org.springframework.ws.config.annotation.DelegatingWsConfiguration' of type [org.springframework.ws.config.annotation.DelegatingWsConfiguration$$EnhancerBySpringCGLIB$$9c5d6d07] is not eligible for getting processed by all BeanPostProcessors (for example: not eligible for auto-proxying)
2024-03-24 16:18:42,550 INFO [restartedMain] o.s.w.s.a.s.AnnotationActionEndpointMapping [AbstractAddressingEndpointMapping.java:236] Supporting [WS-Addressing August 2004, WS-Addressing 1.0]
2024-03-24 16:18:43,124 INFO [restartedMain] o.s.b.w.e.t.TomcatWebServer [TomcatWebServer.java:90] Tomcat initialized with port(s): 8080 (http)
2024-03-24 16:18:43,145 INFO [restartedMain] o.a.c.h.Http11NioProtocol [DirectJDKLog.java:173] Initializing ProtocolHandler ["http-nio-8080"]
2024-03-24 16:18:43,159 INFO [restartedMain] o.a.c.c.StandardService [DirectJDKLog.java:173] Starting service [Tomcat]
2024-03-24 16:18:43,160 INFO [restartedMain] o.a.c.c.StandardEngine [DirectJDKLog.java:173] Starting Servlet engine: [Apache Tomcat/9.0.19]
2024-03-24 16:18:43,388 INFO [restartedMain] o.a.c.c.C.[.[.[/community] [DirectJDKLog.java:173] Initializing Spring embedded WebApplicationContext
2024-03-24 16:18:43,389 INFO [restartedMain] o.s.w.c.ContextLoader [ServletWebServerApplicationContext.java:296] Root WebApplicationContext: initialization completed in 2670 ms
2024-03-24 16:18:44,188 INFO [restartedMain] o.s.s.c.ThreadPoolTaskExecutor [ExecutorConfigurationSupport.java:171] Initializing ExecutorService 'applicationTaskExecutor'
2024-03-24 16:18:44,331 INFO [restartedMain] o.s.b.a.w.s.WelcomePageHandlerMapping [WelcomePageHandlerMapping.java:61] Adding welcome page template: index
2024-03-24 16:18:44,570 INFO [restartedMain] o.s.b.d.a.OptionalLiveReloadServer [OptionalLiveReloadServer.java:57] LiveReload server is running on port 35729
2024-03-24 16:18:44,606 INFO [restartedMain] o.a.c.h.Http11NioProtocol [DirectJDKLog.java:173] Starting ProtocolHandler ["http-nio-8080"]
2024-03-24 16:18:44,640 INFO [restartedMain] o.s.b.w.e.t.TomcatWebServer [TomcatWebServer.java:204] Tomcat started on port(s): 8080 (http) with context path '/community'
2024-03-24 16:18:44,644 INFO [restartedMain] c.n.c.c.CommunityApplication [StartupInfoLogger.java:59] Started CommunityApplication in 4.945 seconds (JVM running for 7.697)
2024-03-24 16:21:07,998 INFO [http-nio-8080-exec-1] o.a.c.c.C.[.[.[/community] [DirectJDKLog.java:173] Initializing Spring DispatcherServlet 'dispatcherServlet'
2024-03-24 16:21:07,999 INFO [http-nio-8080-exec-1] o.s.w.s.DispatcherServlet [FrameworkServlet.java:524] Initializing Servlet 'dispatcherServlet'
2024-03-24 16:21:08,010 INFO [http-nio-8080-exec-1] o.s.w.s.DispatcherServlet [FrameworkServlet.java:546] Completed initialization in 11 ms
2024-03-24 17:36:19,262 INFO [Thread-17] o.s.s.c.ThreadPoolTaskExecutor [ExecutorConfigurationSupport.java:208] Shutting down ExecutorService 'applicationTaskExecutor'
2024-03-24 17:38:57,961 INFO [restartedMain] c.n.c.c.CommunityApplication [StartupInfoLogger.java:50] Starting CommunityApplication on LAPTOP-E3TEOQ52 with PID 26344 (started by 杨理 in C:\Desktop\软件开发\项目\niuke_coder\community)
2024-03-24 17:38:57,969 INFO [restartedMain] c.n.c.c.CommunityApplication [SpringApplication.java:675] No active profile set, falling back to default profiles: default
2024-03-24 17:38:58,243 INFO [restartedMain] o.s.b.d.e.DevToolsPropertyDefaultsPostProcessor [DeferredLog.java:227] Devtools property defaults active! Set 'spring.devtools.add-properties' to 'false' to disable
2024-03-24 17:38:58,245 INFO [restartedMain] o.s.b.d.e.DevToolsPropertyDefaultsPostProcessor [DeferredLog.java:227] For additional web related logging consider setting the 'logging.level.web' property to 'DEBUG'
2024-03-24 17:39:00,412 INFO [restartedMain] o.s.c.s.PostProcessorRegistrationDelegate$BeanPostProcessorChecker [PostProcessorRegistrationDelegate.java:330] Bean 'org.springframework.ws.config.annotation.DelegatingWsConfiguration' of type [org.springframework.ws.config.annotation.DelegatingWsConfiguration$$EnhancerBySpringCGLIB$$eb4c5b73] is not eligible for getting processed by all BeanPostProcessors (for example: not eligible for auto-proxying)
2024-03-24 17:39:00,471 INFO [restartedMain] o.s.w.s.a.s.AnnotationActionEndpointMapping [AbstractAddressingEndpointMapping.java:236] Supporting [WS-Addressing August 2004, WS-Addressing 1.0]
2024-03-24 17:39:01,206 INFO [restartedMain] o.s.b.w.e.t.TomcatWebServer [TomcatWebServer.java:90] Tomcat initialized with port(s): 8080 (http)
2024-03-24 17:39:01,232 INFO [restartedMain] o.a.c.h.Http11NioProtocol [DirectJDKLog.java:173] Initializing ProtocolHandler ["http-nio-8080"]
2024-03-24 17:39:01,249 INFO [restartedMain] o.a.c.c.StandardService [DirectJDKLog.java:173] Starting service [Tomcat]
2024-03-24 17:39:01,249 INFO [restartedMain] o.a.c.c.StandardEngine [DirectJDKLog.java:173] Starting Servlet engine: [Apache Tomcat/9.0.19]
2024-03-24 17:39:01,518 INFO [restartedMain] o.a.c.c.C.[.[.[/community] [DirectJDKLog.java:173] Initializing Spring embedded WebApplicationContext
2024-03-24 17:39:01,518 INFO [restartedMain] o.s.w.c.ContextLoader [ServletWebServerApplicationContext.java:296] Root WebApplicationContext: initialization completed in 3272 ms
2024-03-24 17:39:02,534 INFO [restartedMain] o.s.s.c.ThreadPoolTaskExecutor [ExecutorConfigurationSupport.java:171] Initializing ExecutorService 'applicationTaskExecutor'
2024-03-24 17:39:02,739 INFO [restartedMain] o.s.b.a.w.s.WelcomePageHandlerMapping [WelcomePageHandlerMapping.java:61] Adding welcome page template: index
2024-03-24 17:39:03,119 INFO [restartedMain] o.s.b.d.a.OptionalLiveReloadServer [OptionalLiveReloadServer.java:57] LiveReload server is running on port 35729
2024-03-24 17:39:03,177 INFO [restartedMain] o.a.c.h.Http11NioProtocol [DirectJDKLog.java:173] Starting ProtocolHandler ["http-nio-8080"]
2024-03-24 17:39:03,232 INFO [restartedMain] o.s.b.w.e.t.TomcatWebServer [TomcatWebServer.java:204] Tomcat started on port(s): 8080 (http) with context path '/community'
2024-03-24 17:39:03,237 INFO [restartedMain] c.n.c.c.CommunityApplication [StartupInfoLogger.java:59] Started CommunityApplication in 6.574 seconds (JVM running for 10.203)
2024-03-24 17:41:53,388 INFO [http-nio-8080-exec-1] o.a.c.c.C.[.[.[/community] [DirectJDKLog.java:173] Initializing Spring DispatcherServlet 'dispatcherServlet'
2024-03-24 17:41:53,388 INFO [http-nio-8080-exec-1] o.s.w.s.DispatcherServlet [FrameworkServlet.java:524] Initializing Servlet 'dispatcherServlet'
2024-03-24 17:41:53,398 INFO [http-nio-8080-exec-1] o.s.w.s.DispatcherServlet [FrameworkServlet.java:546] Completed initialization in 9 ms
2024-03-24 17:41:53,527 INFO [http-nio-8080-exec-1] c.z.h.HikariDataSource [HikariDataSource.java:110] HikariPool-1 - Starting...
2024-03-24 17:41:53,820 INFO [http-nio-8080-exec-1] c.z.h.HikariDataSource [HikariDataSource.java:123] HikariPool-1 - Start completed.
2024-03-24 17:58:25,967 INFO [Thread-20] o.s.s.c.ThreadPoolTaskExecutor [ExecutorConfigurationSupport.java:208] Shutting down ExecutorService 'applicationTaskExecutor'
2024-03-24 17:58:25,968 INFO [Thread-20] c.z.h.HikariDataSource [HikariDataSource.java:350] HikariPool-1 - Shutdown initiated...
2024-03-24 17:58:25,973 INFO [Thread-20] c.z.h.HikariDataSource [HikariDataSource.java:352] HikariPool-1 - Shutdown completed.
2024-03-24 17:58:43,170 INFO [restartedMain] c.n.c.c.CommunityApplication [StartupInfoLogger.java:50] Starting CommunityApplication on LAPTOP-E3TEOQ52 with PID 21568 (started by 杨理 in C:\Desktop\软件开发\项目\niuke_coder\community)
2024-03-24 17:58:43,175 INFO [restartedMain] c.n.c.c.CommunityApplication [SpringApplication.java:675] No active profile set, falling back to default profiles: default
2024-03-24 17:58:43,232 INFO [restartedMain] o.s.b.d.e.DevToolsPropertyDefaultsPostProcessor [DeferredLog.java:227] Devtools property defaults active! Set 'spring.devtools.add-properties' to 'false' to disable
2024-03-24 17:58:43,245 INFO [restartedMain] o.s.b.d.e.DevToolsPropertyDefaultsPostProcessor [DeferredLog.java:227] For additional web related logging consider setting the 'logging.level.web' property to 'DEBUG'
2024-03-24 17:58:44,933 INFO [restartedMain] o.s.c.s.PostProcessorRegistrationDelegate$BeanPostProcessorChecker [PostProcessorRegistrationDelegate.java:330] Bean 'org.springframework.ws.config.annotation.DelegatingWsConfiguration' of type [org.springframework.ws.config.annotation.DelegatingWsConfiguration$$EnhancerBySpringCGLIB$$7333db6a] is not eligible for getting processed by all BeanPostProcessors (for example: not eligible for auto-proxying)
2024-03-24 17:58:44,981 INFO [restartedMain] o.s.w.s.a.s.AnnotationActionEndpointMapping [AbstractAddressingEndpointMapping.java:236] Supporting [WS-Addressing August 2004, WS-Addressing 1.0]
2024-03-24 17:58:45,548 INFO [restartedMain] o.s.b.w.e.t.TomcatWebServer [TomcatWebServer.java:90] Tomcat initialized with port(s): 8080 (http)
2024-03-24 17:58:45,573 INFO [restartedMain] o.a.c.h.Http11NioProtocol [DirectJDKLog.java:173] Initializing ProtocolHandler ["http-nio-8080"]
2024-03-24 17:58:45,587 INFO [restartedMain] o.a.c.c.StandardService [DirectJDKLog.java:173] Starting service [Tomcat]
2024-03-24 17:58:45,587 INFO [restartedMain] o.a.c.c.StandardEngine [DirectJDKLog.java:173] Starting Servlet engine: [Apache Tomcat/9.0.19]
2024-03-24 17:58:45,837 INFO [restartedMain] o.a.c.c.C.[.[.[/community] [DirectJDKLog.java:173] Initializing Spring embedded WebApplicationContext
2024-03-24 17:58:45,837 INFO [restartedMain] o.s.w.c.ContextLoader [ServletWebServerApplicationContext.java:296] Root WebApplicationContext: initialization completed in 2592 ms
2024-03-24 17:58:46,650 INFO [restartedMain] o.s.s.c.ThreadPoolTaskExecutor [ExecutorConfigurationSupport.java:171] Initializing ExecutorService 'applicationTaskExecutor'
2024-03-24 17:58:46,785 INFO [restartedMain] o.s.b.a.w.s.WelcomePageHandlerMapping [WelcomePageHandlerMapping.java:61] Adding welcome page template: index
2024-03-24 17:58:47,075 INFO [restartedMain] o.s.b.d.a.OptionalLiveReloadServer [OptionalLiveReloadServer.java:57] LiveReload server is running on port 35729
2024-03-24 17:58:47,114 INFO [restartedMain] o.a.c.h.Http11NioProtocol [DirectJDKLog.java:173] Starting ProtocolHandler ["http-nio-8080"]
2024-03-24 17:58:47,149 INFO [restartedMain] o.s.b.w.e.t.TomcatWebServer [TomcatWebServer.java:204] Tomcat started on port(s): 8080 (http) with context path '/community'
2024-03-24 17:58:47,154 INFO [restartedMain] c.n.c.c.CommunityApplication [StartupInfoLogger.java:59] Started CommunityApplication in 4.62 seconds (JVM running for 11.141)
2024-03-24 18:20:13,945 INFO [http-nio-8080-exec-1] o.a.c.c.C.[.[.[/community] [DirectJDKLog.java:173] Initializing Spring DispatcherServlet 'dispatcherServlet'
2024-03-24 18:20:13,947 INFO [http-nio-8080-exec-1] o.s.w.s.DispatcherServlet [FrameworkServlet.java:524] Initializing Servlet 'dispatcherServlet'
2024-03-24 18:20:13,960 INFO [http-nio-8080-exec-1] o.s.w.s.DispatcherServlet [FrameworkServlet.java:546] Completed initialization in 12 ms
2024-03-24 18:20:14,097 INFO [http-nio-8080-exec-1] c.z.h.HikariDataSource [HikariDataSource.java:110] HikariPool-1 - Starting...
2024-03-24 18:20:14,421 INFO [http-nio-8080-exec-1] c.z.h.HikariDataSource [HikariDataSource.java:123] HikariPool-1 - Start completed.
2024-03-24 18:26:38,929 INFO [Thread-19] o.s.s.c.ThreadPoolTaskExecutor [ExecutorConfigurationSupport.java:208] Shutting down ExecutorService 'applicationTaskExecutor'
2024-03-24 18:26:38,930 INFO [Thread-19] c.z.h.HikariDataSource [HikariDataSource.java:350] HikariPool-1 - Shutdown initiated...
2024-03-24 18:26:38,936 INFO [Thread-19] c.z.h.HikariDataSource [HikariDataSource.java:352] HikariPool-1 - Shutdown completed.
2024-03-24 18:26:50,524 INFO [restartedMain] c.n.c.c.CommunityApplication [StartupInfoLogger.java:50] Starting CommunityApplication on LAPTOP-E3TEOQ52 with PID 19152 (started by 杨理 in C:\Desktop\软件开发\项目\niuke_coder\community)
2024-03-24 18:26:50,531 INFO [restartedMain] c.n.c.c.CommunityApplication [SpringApplication.java:675] No active profile set, falling back to default profiles: default
2024-03-24 18:26:50,618 INFO [restartedMain] o.s.b.d.e.DevToolsPropertyDefaultsPostProcessor [DeferredLog.java:227] Devtools property defaults active! Set 'spring.devtools.add-properties' to 'false' to disable
2024-03-24 18:26:50,619 INFO [restartedMain] o.s.b.d.e.DevToolsPropertyDefaultsPostProcessor [DeferredLog.java:227] For additional web related logging consider setting the 'logging.level.web' property to 'DEBUG'
2024-03-24 18:26:52,848 INFO [restartedMain] o.s.c.s.PostProcessorRegistrationDelegate$BeanPostProcessorChecker [PostProcessorRegistrationDelegate.java:330] Bean 'org.springframework.ws.config.annotation.DelegatingWsConfiguration' of type [org.springframework.ws.config.annotation.DelegatingWsConfiguration$$EnhancerBySpringCGLIB$$fa669b6e] is not eligible for getting processed by all BeanPostProcessors (for example: not eligible for auto-proxying)
2024-03-24 18:26:52,918 INFO [restartedMain] o.s.w.s.a.s.AnnotationActionEndpointMapping [AbstractAddressingEndpointMapping.java:236] Supporting [WS-Addressing August 2004, WS-Addressing 1.0]
2024-03-24 18:26:53,897 INFO [restartedMain] o.s.b.w.e.t.TomcatWebServer [TomcatWebServer.java:90] Tomcat initialized with port(s): 8080 (http)
2024-03-24 18:26:53,927 INFO [restartedMain] o.a.c.h.Http11NioProtocol [DirectJDKLog.java:173] Initializing ProtocolHandler ["http-nio-8080"]
2024-03-24 18:26:53,948 INFO [restartedMain] o.a.c.c.StandardService [DirectJDKLog.java:173] Starting service [Tomcat]
2024-03-24 18:26:53,948 INFO [restartedMain] o.a.c.c.StandardEngine [DirectJDKLog.java:173] Starting Servlet engine: [Apache Tomcat/9.0.19]
2024-03-24 18:26:54,226 INFO [restartedMain] o.a.c.c.C.[.[.[/community] [DirectJDKLog.java:173] Initializing Spring embedded WebApplicationContext
2024-03-24 18:26:54,226 INFO [restartedMain] o.s.w.c.ContextLoader [ServletWebServerApplicationContext.java:296] Root WebApplicationContext: initialization completed in 3606 ms
2024-03-24 18:26:55,048 INFO [restartedMain] o.s.s.c.ThreadPoolTaskExecutor [ExecutorConfigurationSupport.java:171] Initializing ExecutorService 'applicationTaskExecutor'
2024-03-24 18:26:55,194 INFO [restartedMain] o.s.b.a.w.s.WelcomePageHandlerMapping [WelcomePageHandlerMapping.java:61] Adding welcome page template: index
2024-03-24 18:26:55,536 INFO [restartedMain] o.s.b.d.a.OptionalLiveReloadServer [OptionalLiveReloadServer.java:57] LiveReload server is running on port 35729
2024-03-24 18:26:55,575 INFO [restartedMain] o.a.c.h.Http11NioProtocol [DirectJDKLog.java:173] Starting ProtocolHandler ["http-nio-8080"]
2024-03-24 18:26:55,608 INFO [restartedMain] o.s.b.w.e.t.TomcatWebServer [TomcatWebServer.java:204] Tomcat started on port(s): 8080 (http) with context path '/community'
2024-03-24 18:26:55,613 INFO [restartedMain] c.n.c.c.CommunityApplication [StartupInfoLogger.java:59] Started CommunityApplication in 5.967 seconds (JVM running for 9.51)
2024-03-24 18:28:16,544 INFO [http-nio-8080-exec-1] o.a.c.c.C.[.[.[/community] [DirectJDKLog.java:173] Initializing Spring DispatcherServlet 'dispatcherServlet'
2024-03-24 18:28:16,545 INFO [http-nio-8080-exec-1] o.s.w.s.DispatcherServlet [FrameworkServlet.java:524] Initializing Servlet 'dispatcherServlet'
2024-03-24 18:28:16,556 INFO [http-nio-8080-exec-1] o.s.w.s.DispatcherServlet [FrameworkServlet.java:546] Completed initialization in 11 ms
2024-03-24 18:28:16,671 INFO [http-nio-8080-exec-1] c.z.h.HikariDataSource [HikariDataSource.java:110] HikariPool-1 - Starting...
2024-03-24 18:28:16,975 INFO [http-nio-8080-exec-1] c.z.h.HikariDataSource [HikariDataSource.java:123] HikariPool-1 - Start completed.
2024-03-24 19:01:21,166 INFO [Thread-19] o.s.s.c.ThreadPoolTaskExecutor [ExecutorConfigurationSupport.java:208] Shutting down ExecutorService 'applicationTaskExecutor'
2024-03-24 19:01:21,168 INFO [Thread-19] c.z.h.HikariDataSource [HikariDataSource.java:350] HikariPool-1 - Shutdown initiated...
2024-03-24 19:01:21,172 INFO [Thread-19] c.z.h.HikariDataSource [HikariDataSource.java:352] HikariPool-1 - Shutdown completed.
2024-03-24 19:01:40,799 INFO [restartedMain] c.n.c.c.CommunityApplication [StartupInfoLogger.java:50] Starting CommunityApplication on LAPTOP-E3TEOQ52 with PID 19656 (started by 杨理 in C:\Desktop\软件开发\项目\niuke_coder\community)
2024-03-24 19:01:40,808 INFO [restartedMain] c.n.c.c.CommunityApplication [SpringApplication.java:675] No active profile set, falling back to default profiles: default
2024-03-24 19:01:40,923 INFO [restartedMain] o.s.b.d.e.DevToolsPropertyDefaultsPostProcessor [DeferredLog.java:227] Devtools property defaults active! Set 'spring.devtools.add-properties' to 'false' to disable
2024-03-24 19:01:40,923 INFO [restartedMain] o.s.b.d.e.DevToolsPropertyDefaultsPostProcessor [DeferredLog.java:227] For additional web related logging consider setting the 'logging.level.web' property to 'DEBUG'
2024-03-24 19:01:43,424 INFO [restartedMain] o.s.c.s.PostProcessorRegistrationDelegate$BeanPostProcessorChecker [PostProcessorRegistrationDelegate.java:330] Bean 'org.springframework.ws.config.annotation.DelegatingWsConfiguration' of type [org.springframework.ws.config.annotation.DelegatingWsConfiguration$$EnhancerBySpringCGLIB$$e2f6b734] is not eligible for getting processed by all BeanPostProcessors (for example: not eligible for auto-proxying)
2024-03-24 19:01:43,488 INFO [restartedMain] o.s.w.s.a.s.AnnotationActionEndpointMapping [AbstractAddressingEndpointMapping.java:236] Supporting [WS-Addressing August 2004, WS-Addressing 1.0]
2024-03-24 19:01:44,233 INFO [restartedMain] o.s.b.w.e.t.TomcatWebServer [TomcatWebServer.java:90] Tomcat initialized with port(s): 8080 (http)
2024-03-24 19:01:44,262 INFO [restartedMain] o.a.c.h.Http11NioProtocol [DirectJDKLog.java:173] Initializing ProtocolHandler ["http-nio-8080"]
2024-03-24 19:01:44,286 INFO [restartedMain] o.a.c.c.StandardService [DirectJDKLog.java:173] Starting service [Tomcat]
2024-03-24 19:01:44,287 INFO [restartedMain] o.a.c.c.StandardEngine [DirectJDKLog.java:173] Starting Servlet engine: [Apache Tomcat/9.0.19]
2024-03-24 19:01:44,586 INFO [restartedMain] o.a.c.c.C.[.[.[/community] [DirectJDKLog.java:173] Initializing Spring embedded WebApplicationContext
2024-03-24 19:01:44,587 INFO [restartedMain] o.s.w.c.ContextLoader [ServletWebServerApplicationContext.java:296] Root WebApplicationContext: initialization completed in 3663 ms
2024-03-24 19:01:45,568 INFO [restartedMain] o.s.s.c.ThreadPoolTaskExecutor [ExecutorConfigurationSupport.java:171] Initializing ExecutorService 'applicationTaskExecutor'
2024-03-24 19:01:45,769 INFO [restartedMain] o.s.b.a.w.s.WelcomePageHandlerMapping [WelcomePageHandlerMapping.java:61] Adding welcome page template: index
2024-03-24 19:01:46,137 INFO [restartedMain] o.s.b.d.a.OptionalLiveReloadServer [OptionalLiveReloadServer.java:57] LiveReload server is running on port 35729
2024-03-24 19:01:46,176 INFO [restartedMain] o.a.c.h.Http11NioProtocol [DirectJDKLog.java:173] Starting ProtocolHandler ["http-nio-8080"]
2024-03-24 19:01:46,214 INFO [restartedMain] o.s.b.w.e.t.TomcatWebServer [TomcatWebServer.java:204] Tomcat started on port(s): 8080 (http) with context path '/community'
2024-03-24 19:01:46,219 INFO [restartedMain] c.n.c.c.CommunityApplication [StartupInfoLogger.java:59] Started CommunityApplication in 6.527 seconds (JVM running for 9.677)
2024-03-24 19:01:46,331 INFO [http-nio-8080-exec-1] o.a.c.c.C.[.[.[/community] [DirectJDKLog.java:173] Initializing Spring DispatcherServlet 'dispatcherServlet'
2024-03-24 19:01:46,331 INFO [http-nio-8080-exec-1] o.s.w.s.DispatcherServlet [FrameworkServlet.java:524] Initializing Servlet 'dispatcherServlet'
2024-03-24 19:01:46,343 INFO [http-nio-8080-exec-1] o.s.w.s.DispatcherServlet [FrameworkServlet.java:546] Completed initialization in 11 ms
2024-03-24 19:01:46,458 INFO [http-nio-8080-exec-1] c.z.h.HikariDataSource [HikariDataSource.java:110] HikariPool-1 - Starting...
2024-03-24 19:01:46,833 INFO [http-nio-8080-exec-1] c.z.h.HikariDataSource [HikariDataSource.java:123] HikariPool-1 - Start completed.
2024-03-24 19:25:58,578 INFO [Thread-20] o.s.s.c.ThreadPoolTaskExecutor [ExecutorConfigurationSupport.java:208] Shutting down ExecutorService 'applicationTaskExecutor'
2024-03-24 19:25:58,579 INFO [Thread-20] c.z.h.HikariDataSource [HikariDataSource.java:350] HikariPool-1 - Shutdown initiated...
2024-03-24 19:25:58,584 INFO [Thread-20] c.z.h.HikariDataSource [HikariDataSource.java:352] HikariPool-1 - Shutdown completed.
