2024-04-07 08:38:03,919 ERROR [http-nio-8080-exec-4] c.n.c.c.c.a.ExceptionAdvice [ExceptionAdvice.java:33] 服务器发生异常null
2024-04-07 08:38:03,925 ERROR [http-nio-8080-exec-4] c.n.c.c.c.a.ExceptionAdvice [ExceptionAdvice.java:35] com.nowcoder.community.community.controller.MessageController.getLetterList(MessageController.java:51)
2024-04-07 08:38:03,926 ERROR [http-nio-8080-exec-4] c.n.c.c.c.a.ExceptionAdvice [ExceptionAdvice.java:35] sun.reflect.NativeMethodAccessorImpl.invoke0(Native Method)
2024-04-07 08:38:03,926 ERROR [http-nio-8080-exec-4] c.n.c.c.c.a.ExceptionAdvice [ExceptionAdvice.java:35] sun.reflect.NativeMethodAccessorImpl.invoke(NativeMethodAccessorImpl.java:62)
2024-04-07 08:38:03,927 ERROR [http-nio-8080-exec-4] c.n.c.c.c.a.ExceptionAdvice [ExceptionAdvice.java:35] sun.reflect.DelegatingMethodAccessorImpl.invoke(DelegatingMethodAccessorImpl.java:43)
2024-04-07 08:38:03,927 ERROR [http-nio-8080-exec-4] c.n.c.c.c.a.ExceptionAdvice [ExceptionAdvice.java:35] java.lang.reflect.Method.invoke(Method.java:498)
2024-04-07 08:38:03,927 ERROR [http-nio-8080-exec-4] c.n.c.c.c.a.ExceptionAdvice [ExceptionAdvice.java:35] org.springframework.web.method.support.InvocableHandlerMethod.doInvoke(InvocableHandlerMethod.java:190)
2024-04-07 08:38:03,928 ERROR [http-nio-8080-exec-4] c.n.c.c.c.a.ExceptionAdvice [ExceptionAdvice.java:35] org.springframework.web.method.support.InvocableHandlerMethod.invokeForRequest(InvocableHandlerMethod.java:138)
2024-04-07 08:38:03,928 ERROR [http-nio-8080-exec-4] c.n.c.c.c.a.ExceptionAdvice [ExceptionAdvice.java:35] org.springframework.web.servlet.mvc.method.annotation.ServletInvocableHandlerMethod.invokeAndHandle(ServletInvocableHandlerMethod.java:104)
2024-04-07 08:38:03,928 ERROR [http-nio-8080-exec-4] c.n.c.c.c.a.ExceptionAdvice [ExceptionAdvice.java:35] org.springframework.web.servlet.mvc.method.annotation.RequestMappingHandlerAdapter.invokeHandlerMethod(RequestMappingHandlerAdapter.java:892)
2024-04-07 08:38:03,928 ERROR [http-nio-8080-exec-4] c.n.c.c.c.a.ExceptionAdvice [ExceptionAdvice.java:35] org.springframework.web.servlet.mvc.method.annotation.RequestMappingHandlerAdapter.handleInternal(RequestMappingHandlerAdapter.java:797)
2024-04-07 08:38:03,929 ERROR [http-nio-8080-exec-4] c.n.c.c.c.a.ExceptionAdvice [ExceptionAdvice.java:35] org.springframework.web.servlet.mvc.method.AbstractHandlerMethodAdapter.handle(AbstractHandlerMethodAdapter.java:87)
2024-04-07 08:38:03,929 ERROR [http-nio-8080-exec-4] c.n.c.c.c.a.ExceptionAdvice [ExceptionAdvice.java:35] org.springframework.web.servlet.DispatcherServlet.doDispatch(DispatcherServlet.java:1039)
2024-04-07 08:38:03,929 ERROR [http-nio-8080-exec-4] c.n.c.c.c.a.ExceptionAdvice [ExceptionAdvice.java:35] org.springframework.web.servlet.DispatcherServlet.doService(DispatcherServlet.java:942)
2024-04-07 08:38:03,929 ERROR [http-nio-8080-exec-4] c.n.c.c.c.a.ExceptionAdvice [ExceptionAdvice.java:35] org.springframework.web.servlet.FrameworkServlet.processRequest(FrameworkServlet.java:1005)
2024-04-07 08:38:03,929 ERROR [http-nio-8080-exec-4] c.n.c.c.c.a.ExceptionAdvice [ExceptionAdvice.java:35] org.springframework.web.servlet.FrameworkServlet.doGet(FrameworkServlet.java:897)
2024-04-07 08:38:03,930 ERROR [http-nio-8080-exec-4] c.n.c.c.c.a.ExceptionAdvice [ExceptionAdvice.java:35] javax.servlet.http.HttpServlet.service(HttpServlet.java:634)
2024-04-07 08:38:03,930 ERROR [http-nio-8080-exec-4] c.n.c.c.c.a.ExceptionAdvice [ExceptionAdvice.java:35] org.springframework.web.servlet.FrameworkServlet.service(FrameworkServlet.java:882)
2024-04-07 08:38:03,930 ERROR [http-nio-8080-exec-4] c.n.c.c.c.a.ExceptionAdvice [ExceptionAdvice.java:35] javax.servlet.http.HttpServlet.service(HttpServlet.java:741)
2024-04-07 08:38:03,930 ERROR [http-nio-8080-exec-4] c.n.c.c.c.a.ExceptionAdvice [ExceptionAdvice.java:35] org.apache.catalina.core.ApplicationFilterChain.internalDoFilter(ApplicationFilterChain.java:231)
2024-04-07 08:38:03,931 ERROR [http-nio-8080-exec-4] c.n.c.c.c.a.ExceptionAdvice [ExceptionAdvice.java:35] org.apache.catalina.core.ApplicationFilterChain.doFilter(ApplicationFilterChain.java:166)
2024-04-07 08:38:03,931 ERROR [http-nio-8080-exec-4] c.n.c.c.c.a.ExceptionAdvice [ExceptionAdvice.java:35] org.apache.tomcat.websocket.server.WsFilter.doFilter(WsFilter.java:53)
2024-04-07 08:38:03,931 ERROR [http-nio-8080-exec-4] c.n.c.c.c.a.ExceptionAdvice [ExceptionAdvice.java:35] org.apache.catalina.core.ApplicationFilterChain.internalDoFilter(ApplicationFilterChain.java:193)
2024-04-07 08:38:03,931 ERROR [http-nio-8080-exec-4] c.n.c.c.c.a.ExceptionAdvice [ExceptionAdvice.java:35] org.apache.catalina.core.ApplicationFilterChain.doFilter(ApplicationFilterChain.java:166)
2024-04-07 08:38:03,932 ERROR [http-nio-8080-exec-4] c.n.c.c.c.a.ExceptionAdvice [ExceptionAdvice.java:35] org.springframework.web.filter.RequestContextFilter.doFilterInternal(RequestContextFilter.java:99)
2024-04-07 08:38:03,932 ERROR [http-nio-8080-exec-4] c.n.c.c.c.a.ExceptionAdvice [ExceptionAdvice.java:35] org.springframework.web.filter.OncePerRequestFilter.doFilter(OncePerRequestFilter.java:107)
2024-04-07 08:38:03,932 ERROR [http-nio-8080-exec-4] c.n.c.c.c.a.ExceptionAdvice [ExceptionAdvice.java:35] org.apache.catalina.core.ApplicationFilterChain.internalDoFilter(ApplicationFilterChain.java:193)
2024-04-07 08:38:03,932 ERROR [http-nio-8080-exec-4] c.n.c.c.c.a.ExceptionAdvice [ExceptionAdvice.java:35] org.apache.catalina.core.ApplicationFilterChain.doFilter(ApplicationFilterChain.java:166)
2024-04-07 08:38:03,932 ERROR [http-nio-8080-exec-4] c.n.c.c.c.a.ExceptionAdvice [ExceptionAdvice.java:35] org.springframework.web.filter.FormContentFilter.doFilterInternal(FormContentFilter.java:92)
2024-04-07 08:38:03,933 ERROR [http-nio-8080-exec-4] c.n.c.c.c.a.ExceptionAdvice [ExceptionAdvice.java:35] org.springframework.web.filter.OncePerRequestFilter.doFilter(OncePerRequestFilter.java:107)
2024-04-07 08:38:03,933 ERROR [http-nio-8080-exec-4] c.n.c.c.c.a.ExceptionAdvice [ExceptionAdvice.java:35] org.apache.catalina.core.ApplicationFilterChain.internalDoFilter(ApplicationFilterChain.java:193)
2024-04-07 08:38:03,933 ERROR [http-nio-8080-exec-4] c.n.c.c.c.a.ExceptionAdvice [ExceptionAdvice.java:35] org.apache.catalina.core.ApplicationFilterChain.doFilter(ApplicationFilterChain.java:166)
2024-04-07 08:38:03,933 ERROR [http-nio-8080-exec-4] c.n.c.c.c.a.ExceptionAdvice [ExceptionAdvice.java:35] org.springframework.web.filter.HiddenHttpMethodFilter.doFilterInternal(HiddenHttpMethodFilter.java:93)
2024-04-07 08:38:03,934 ERROR [http-nio-8080-exec-4] c.n.c.c.c.a.ExceptionAdvice [ExceptionAdvice.java:35] org.springframework.web.filter.OncePerRequestFilter.doFilter(OncePerRequestFilter.java:107)
2024-04-07 08:38:03,934 ERROR [http-nio-8080-exec-4] c.n.c.c.c.a.ExceptionAdvice [ExceptionAdvice.java:35] org.apache.catalina.core.ApplicationFilterChain.internalDoFilter(ApplicationFilterChain.java:193)
2024-04-07 08:38:03,935 ERROR [http-nio-8080-exec-4] c.n.c.c.c.a.ExceptionAdvice [ExceptionAdvice.java:35] org.apache.catalina.core.ApplicationFilterChain.doFilter(ApplicationFilterChain.java:166)
2024-04-07 08:38:03,935 ERROR [http-nio-8080-exec-4] c.n.c.c.c.a.ExceptionAdvice [ExceptionAdvice.java:35] org.springframework.web.filter.CharacterEncodingFilter.doFilterInternal(CharacterEncodingFilter.java:200)
2024-04-07 08:38:03,935 ERROR [http-nio-8080-exec-4] c.n.c.c.c.a.ExceptionAdvice [ExceptionAdvice.java:35] org.springframework.web.filter.OncePerRequestFilter.doFilter(OncePerRequestFilter.java:107)
2024-04-07 08:38:03,935 ERROR [http-nio-8080-exec-4] c.n.c.c.c.a.ExceptionAdvice [ExceptionAdvice.java:35] org.apache.catalina.core.ApplicationFilterChain.internalDoFilter(ApplicationFilterChain.java:193)
2024-04-07 08:38:03,936 ERROR [http-nio-8080-exec-4] c.n.c.c.c.a.ExceptionAdvice [ExceptionAdvice.java:35] org.apache.catalina.core.ApplicationFilterChain.doFilter(ApplicationFilterChain.java:166)
2024-04-07 08:38:03,936 ERROR [http-nio-8080-exec-4] c.n.c.c.c.a.ExceptionAdvice [ExceptionAdvice.java:35] org.apache.catalina.core.StandardWrapperValve.invoke(StandardWrapperValve.java:200)
2024-04-07 08:38:03,936 ERROR [http-nio-8080-exec-4] c.n.c.c.c.a.ExceptionAdvice [ExceptionAdvice.java:35] org.apache.catalina.core.StandardContextValve.invoke(StandardContextValve.java:96)
2024-04-07 08:38:03,936 ERROR [http-nio-8080-exec-4] c.n.c.c.c.a.ExceptionAdvice [ExceptionAdvice.java:35] org.apache.catalina.authenticator.AuthenticatorBase.invoke(AuthenticatorBase.java:490)
2024-04-07 08:38:03,937 ERROR [http-nio-8080-exec-4] c.n.c.c.c.a.ExceptionAdvice [ExceptionAdvice.java:35] org.apache.catalina.core.StandardHostValve.invoke(StandardHostValve.java:139)
2024-04-07 08:38:03,937 ERROR [http-nio-8080-exec-4] c.n.c.c.c.a.ExceptionAdvice [ExceptionAdvice.java:35] org.apache.catalina.valves.ErrorReportValve.invoke(ErrorReportValve.java:92)
2024-04-07 08:38:03,938 ERROR [http-nio-8080-exec-4] c.n.c.c.c.a.ExceptionAdvice [ExceptionAdvice.java:35] org.apache.catalina.core.StandardEngineValve.invoke(StandardEngineValve.java:74)
2024-04-07 08:38:03,938 ERROR [http-nio-8080-exec-4] c.n.c.c.c.a.ExceptionAdvice [ExceptionAdvice.java:35] org.apache.catalina.connector.CoyoteAdapter.service(CoyoteAdapter.java:343)
2024-04-07 08:38:03,938 ERROR [http-nio-8080-exec-4] c.n.c.c.c.a.ExceptionAdvice [ExceptionAdvice.java:35] org.apache.coyote.http11.Http11Processor.service(Http11Processor.java:408)
2024-04-07 08:38:03,938 ERROR [http-nio-8080-exec-4] c.n.c.c.c.a.ExceptionAdvice [ExceptionAdvice.java:35] org.apache.coyote.AbstractProcessorLight.process(AbstractProcessorLight.java:66)
2024-04-07 08:38:03,939 ERROR [http-nio-8080-exec-4] c.n.c.c.c.a.ExceptionAdvice [ExceptionAdvice.java:35] org.apache.coyote.AbstractProtocol$ConnectionHandler.process(AbstractProtocol.java:836)
2024-04-07 08:38:03,939 ERROR [http-nio-8080-exec-4] c.n.c.c.c.a.ExceptionAdvice [ExceptionAdvice.java:35] org.apache.tomcat.util.net.NioEndpoint$SocketProcessor.doRun(NioEndpoint.java:1747)
2024-04-07 08:38:03,939 ERROR [http-nio-8080-exec-4] c.n.c.c.c.a.ExceptionAdvice [ExceptionAdvice.java:35] org.apache.tomcat.util.net.SocketProcessorBase.run(SocketProcessorBase.java:49)
2024-04-07 08:38:03,939 ERROR [http-nio-8080-exec-4] c.n.c.c.c.a.ExceptionAdvice [ExceptionAdvice.java:35] java.util.concurrent.ThreadPoolExecutor.runWorker(ThreadPoolExecutor.java:1142)
2024-04-07 08:38:03,939 ERROR [http-nio-8080-exec-4] c.n.c.c.c.a.ExceptionAdvice [ExceptionAdvice.java:35] java.util.concurrent.ThreadPoolExecutor$Worker.run(ThreadPoolExecutor.java:617)
2024-04-07 08:38:03,940 ERROR [http-nio-8080-exec-4] c.n.c.c.c.a.ExceptionAdvice [ExceptionAdvice.java:35] org.apache.tomcat.util.threads.TaskThread$WrappingRunnable.run(TaskThread.java:61)
2024-04-07 08:38:03,940 ERROR [http-nio-8080-exec-4] c.n.c.c.c.a.ExceptionAdvice [ExceptionAdvice.java:35] java.lang.Thread.run(Thread.java:745)
