2024-04-06 14:45:33,345 INFO [restartedMain] c.n.c.c.CommunityApplication [StartupInfoLogger.java:50] Starting CommunityApplication on LAPTOP-E3TEOQ52 with PID 1368 (started by 杨理 in C:\Desktop\软件开发\项目\niuke_coder\community)
2024-04-06 14:45:33,365 INFO [restartedMain] c.n.c.c.CommunityApplication [SpringApplication.java:675] No active profile set, falling back to default profiles: default
2024-04-06 14:45:33,499 INFO [restartedMain] o.s.b.d.e.DevToolsPropertyDefaultsPostProcessor [DeferredLog.java:227] Devtools property defaults active! Set 'spring.devtools.add-properties' to 'false' to disable
2024-04-06 14:45:33,500 INFO [restartedMain] o.s.b.d.e.DevToolsPropertyDefaultsPostProcessor [DeferredLog.java:227] For additional web related logging consider setting the 'logging.level.web' property to 'DEBUG'
2024-04-06 14:45:36,080 INFO [restartedMain] o.s.c.s.PostProcessorRegistrationDelegate$BeanPostProcessorChecker [PostProcessorRegistrationDelegate.java:330] Bean 'org.springframework.ws.config.annotation.DelegatingWsConfiguration' of type [org.springframework.ws.config.annotation.DelegatingWsConfiguration$$EnhancerBySpringCGLIB$$445de4d3] is not eligible for getting processed by all BeanPostProcessors (for example: not eligible for auto-proxying)
2024-04-06 14:45:36,141 INFO [restartedMain] o.s.w.s.a.s.AnnotationActionEndpointMapping [AbstractAddressingEndpointMapping.java:236] Supporting [WS-Addressing August 2004, WS-Addressing 1.0]
2024-04-06 14:45:36,772 INFO [restartedMain] o.s.b.w.e.t.TomcatWebServer [TomcatWebServer.java:90] Tomcat initialized with port(s): 8080 (http)
2024-04-06 14:45:36,798 INFO [restartedMain] o.a.c.h.Http11NioProtocol [DirectJDKLog.java:173] Initializing ProtocolHandler ["http-nio-8080"]
2024-04-06 14:45:36,816 INFO [restartedMain] o.a.c.c.StandardService [DirectJDKLog.java:173] Starting service [Tomcat]
2024-04-06 14:45:36,817 INFO [restartedMain] o.a.c.c.StandardEngine [DirectJDKLog.java:173] Starting Servlet engine: [Apache Tomcat/9.0.19]
2024-04-06 14:45:37,130 INFO [restartedMain] o.a.c.c.C.[.[.[/community] [DirectJDKLog.java:173] Initializing Spring embedded WebApplicationContext
2024-04-06 14:45:37,131 INFO [restartedMain] o.s.w.c.ContextLoader [ServletWebServerApplicationContext.java:296] Root WebApplicationContext: initialization completed in 3630 ms
2024-04-06 14:45:38,277 INFO [restartedMain] o.s.s.c.ThreadPoolTaskExecutor [ExecutorConfigurationSupport.java:171] Initializing ExecutorService 'applicationTaskExecutor'
2024-04-06 14:45:38,435 INFO [restartedMain] o.s.b.a.w.s.WelcomePageHandlerMapping [WelcomePageHandlerMapping.java:61] Adding welcome page template: index
2024-04-06 14:45:38,737 INFO [restartedMain] o.s.b.d.a.OptionalLiveReloadServer [OptionalLiveReloadServer.java:57] LiveReload server is running on port 35729
2024-04-06 14:45:38,780 INFO [restartedMain] o.a.c.h.Http11NioProtocol [DirectJDKLog.java:173] Starting ProtocolHandler ["http-nio-8080"]
2024-04-06 14:45:38,813 INFO [restartedMain] o.s.b.w.e.t.TomcatWebServer [TomcatWebServer.java:204] Tomcat started on port(s): 8080 (http) with context path '/community'
2024-04-06 14:45:38,818 INFO [restartedMain] c.n.c.c.CommunityApplication [StartupInfoLogger.java:59] Started CommunityApplication in 6.516 seconds (JVM running for 15.865)
2024-04-06 14:45:38,906 INFO [http-nio-8080-exec-1] o.a.c.c.C.[.[.[/community] [DirectJDKLog.java:173] Initializing Spring DispatcherServlet 'dispatcherServlet'
2024-04-06 14:45:38,906 INFO [http-nio-8080-exec-1] o.s.w.s.DispatcherServlet [FrameworkServlet.java:524] Initializing Servlet 'dispatcherServlet'
2024-04-06 14:45:38,916 INFO [http-nio-8080-exec-1] o.s.w.s.DispatcherServlet [FrameworkServlet.java:546] Completed initialization in 9 ms
2024-04-06 14:45:38,970 INFO [http-nio-8080-exec-1] c.z.h.HikariDataSource [HikariDataSource.java:110] HikariPool-1 - Starting...
2024-04-06 14:45:39,292 INFO [http-nio-8080-exec-1] c.z.h.HikariDataSource [HikariDataSource.java:123] HikariPool-1 - Start completed.
2024-04-06 16:02:28,427 INFO [Thread-19] o.s.s.c.ThreadPoolTaskExecutor [ExecutorConfigurationSupport.java:208] Shutting down ExecutorService 'applicationTaskExecutor'
2024-04-06 16:02:28,435 INFO [Thread-19] c.z.h.HikariDataSource [HikariDataSource.java:350] HikariPool-1 - Shutdown initiated...
2024-04-06 16:02:28,441 INFO [Thread-19] c.z.h.HikariDataSource [HikariDataSource.java:352] HikariPool-1 - Shutdown completed.
2024-04-06 16:02:51,719 INFO [restartedMain] c.n.c.c.CommunityApplication [StartupInfoLogger.java:50] Starting CommunityApplication on LAPTOP-E3TEOQ52 with PID 25692 (started by 杨理 in C:\Desktop\软件开发\项目\niuke_coder\community)
2024-04-06 16:02:51,727 INFO [restartedMain] c.n.c.c.CommunityApplication [SpringApplication.java:675] No active profile set, falling back to default profiles: default
2024-04-06 16:02:51,845 INFO [restartedMain] o.s.b.d.e.DevToolsPropertyDefaultsPostProcessor [DeferredLog.java:227] Devtools property defaults active! Set 'spring.devtools.add-properties' to 'false' to disable
2024-04-06 16:02:51,845 INFO [restartedMain] o.s.b.d.e.DevToolsPropertyDefaultsPostProcessor [DeferredLog.java:227] For additional web related logging consider setting the 'logging.level.web' property to 'DEBUG'
2024-04-06 16:02:55,036 INFO [restartedMain] o.s.c.s.PostProcessorRegistrationDelegate$BeanPostProcessorChecker [PostProcessorRegistrationDelegate.java:330] Bean 'org.springframework.ws.config.annotation.DelegatingWsConfiguration' of type [org.springframework.ws.config.annotation.DelegatingWsConfiguration$$EnhancerBySpringCGLIB$$a94d220e] is not eligible for getting processed by all BeanPostProcessors (for example: not eligible for auto-proxying)
2024-04-06 16:02:55,096 INFO [restartedMain] o.s.w.s.a.s.AnnotationActionEndpointMapping [AbstractAddressingEndpointMapping.java:236] Supporting [WS-Addressing August 2004, WS-Addressing 1.0]
2024-04-06 16:02:55,818 INFO [restartedMain] o.s.b.w.e.t.TomcatWebServer [TomcatWebServer.java:90] Tomcat initialized with port(s): 8080 (http)
2024-04-06 16:02:55,844 INFO [restartedMain] o.a.c.h.Http11NioProtocol [DirectJDKLog.java:173] Initializing ProtocolHandler ["http-nio-8080"]
2024-04-06 16:02:55,878 INFO [restartedMain] o.a.c.c.StandardService [DirectJDKLog.java:173] Starting service [Tomcat]
2024-04-06 16:02:55,880 INFO [restartedMain] o.a.c.c.StandardEngine [DirectJDKLog.java:173] Starting Servlet engine: [Apache Tomcat/9.0.19]
2024-04-06 16:02:56,204 INFO [restartedMain] o.a.c.c.C.[.[.[/community] [DirectJDKLog.java:173] Initializing Spring embedded WebApplicationContext
2024-04-06 16:02:56,204 INFO [restartedMain] o.s.w.c.ContextLoader [ServletWebServerApplicationContext.java:296] Root WebApplicationContext: initialization completed in 4358 ms
2024-04-06 16:02:57,296 INFO [restartedMain] o.s.s.c.ThreadPoolTaskExecutor [ExecutorConfigurationSupport.java:171] Initializing ExecutorService 'applicationTaskExecutor'
2024-04-06 16:02:57,464 INFO [restartedMain] o.s.b.a.w.s.WelcomePageHandlerMapping [WelcomePageHandlerMapping.java:61] Adding welcome page template: index
2024-04-06 16:02:57,759 INFO [restartedMain] o.s.b.d.a.OptionalLiveReloadServer [OptionalLiveReloadServer.java:57] LiveReload server is running on port 35729
2024-04-06 16:02:57,835 INFO [restartedMain] o.a.c.h.Http11NioProtocol [DirectJDKLog.java:173] Starting ProtocolHandler ["http-nio-8080"]
2024-04-06 16:02:57,905 INFO [restartedMain] o.s.b.w.e.t.TomcatWebServer [TomcatWebServer.java:204] Tomcat started on port(s): 8080 (http) with context path '/community'
2024-04-06 16:02:57,914 INFO [restartedMain] c.n.c.c.CommunityApplication [StartupInfoLogger.java:59] Started CommunityApplication in 7.294 seconds (JVM running for 10.824)
2024-04-06 16:03:02,032 INFO [http-nio-8080-exec-1] o.a.c.c.C.[.[.[/community] [DirectJDKLog.java:173] Initializing Spring DispatcherServlet 'dispatcherServlet'
2024-04-06 16:03:02,033 INFO [http-nio-8080-exec-1] o.s.w.s.DispatcherServlet [FrameworkServlet.java:524] Initializing Servlet 'dispatcherServlet'
2024-04-06 16:03:02,054 INFO [http-nio-8080-exec-1] o.s.w.s.DispatcherServlet [FrameworkServlet.java:546] Completed initialization in 18 ms
2024-04-06 16:03:02,172 INFO [http-nio-8080-exec-1] c.z.h.HikariDataSource [HikariDataSource.java:110] HikariPool-1 - Starting...
2024-04-06 16:03:02,574 INFO [http-nio-8080-exec-1] c.z.h.HikariDataSource [HikariDataSource.java:123] HikariPool-1 - Start completed.
2024-04-06 16:08:36,397 INFO [Thread-22] o.s.s.c.ThreadPoolTaskExecutor [ExecutorConfigurationSupport.java:208] Shutting down ExecutorService 'applicationTaskExecutor'
2024-04-06 16:08:36,399 INFO [Thread-22] c.z.h.HikariDataSource [HikariDataSource.java:350] HikariPool-1 - Shutdown initiated...
2024-04-06 16:08:36,404 INFO [Thread-22] c.z.h.HikariDataSource [HikariDataSource.java:352] HikariPool-1 - Shutdown completed.
2024-04-06 16:08:46,122 INFO [restartedMain] c.n.c.c.CommunityApplication [StartupInfoLogger.java:50] Starting CommunityApplication on LAPTOP-E3TEOQ52 with PID 12200 (started by 杨理 in C:\Desktop\软件开发\项目\niuke_coder\community)
2024-04-06 16:08:46,128 INFO [restartedMain] c.n.c.c.CommunityApplication [SpringApplication.java:675] No active profile set, falling back to default profiles: default
2024-04-06 16:08:46,214 INFO [restartedMain] o.s.b.d.e.DevToolsPropertyDefaultsPostProcessor [DeferredLog.java:227] Devtools property defaults active! Set 'spring.devtools.add-properties' to 'false' to disable
2024-04-06 16:08:46,215 INFO [restartedMain] o.s.b.d.e.DevToolsPropertyDefaultsPostProcessor [DeferredLog.java:227] For additional web related logging consider setting the 'logging.level.web' property to 'DEBUG'
2024-04-06 16:08:48,015 INFO [restartedMain] o.s.c.s.PostProcessorRegistrationDelegate$BeanPostProcessorChecker [PostProcessorRegistrationDelegate.java:330] Bean 'org.springframework.ws.config.annotation.DelegatingWsConfiguration' of type [org.springframework.ws.config.annotation.DelegatingWsConfiguration$$EnhancerBySpringCGLIB$$8b3faed0] is not eligible for getting processed by all BeanPostProcessors (for example: not eligible for auto-proxying)
2024-04-06 16:08:48,065 INFO [restartedMain] o.s.w.s.a.s.AnnotationActionEndpointMapping [AbstractAddressingEndpointMapping.java:236] Supporting [WS-Addressing August 2004, WS-Addressing 1.0]
2024-04-06 16:08:48,690 INFO [restartedMain] o.s.b.w.e.t.TomcatWebServer [TomcatWebServer.java:90] Tomcat initialized with port(s): 8080 (http)
2024-04-06 16:08:48,715 INFO [restartedMain] o.a.c.h.Http11NioProtocol [DirectJDKLog.java:173] Initializing ProtocolHandler ["http-nio-8080"]
2024-04-06 16:08:48,734 INFO [restartedMain] o.a.c.c.StandardService [DirectJDKLog.java:173] Starting service [Tomcat]
2024-04-06 16:08:48,735 INFO [restartedMain] o.a.c.c.StandardEngine [DirectJDKLog.java:173] Starting Servlet engine: [Apache Tomcat/9.0.19]
2024-04-06 16:08:48,998 INFO [restartedMain] o.a.c.c.C.[.[.[/community] [DirectJDKLog.java:173] Initializing Spring embedded WebApplicationContext
2024-04-06 16:08:48,999 INFO [restartedMain] o.s.w.c.ContextLoader [ServletWebServerApplicationContext.java:296] Root WebApplicationContext: initialization completed in 2784 ms
2024-04-06 16:08:49,963 INFO [restartedMain] o.s.s.c.ThreadPoolTaskExecutor [ExecutorConfigurationSupport.java:171] Initializing ExecutorService 'applicationTaskExecutor'
2024-04-06 16:08:50,105 INFO [restartedMain] o.s.b.a.w.s.WelcomePageHandlerMapping [WelcomePageHandlerMapping.java:61] Adding welcome page template: index
2024-04-06 16:08:50,380 INFO [restartedMain] o.s.b.d.a.OptionalLiveReloadServer [OptionalLiveReloadServer.java:57] LiveReload server is running on port 35729
2024-04-06 16:08:50,424 INFO [restartedMain] o.a.c.h.Http11NioProtocol [DirectJDKLog.java:173] Starting ProtocolHandler ["http-nio-8080"]
2024-04-06 16:08:50,458 INFO [restartedMain] o.s.b.w.e.t.TomcatWebServer [TomcatWebServer.java:204] Tomcat started on port(s): 8080 (http) with context path '/community'
2024-04-06 16:08:50,462 INFO [restartedMain] c.n.c.c.CommunityApplication [StartupInfoLogger.java:59] Started CommunityApplication in 5.204 seconds (JVM running for 8.066)
2024-04-06 16:09:01,466 INFO [http-nio-8080-exec-1] o.a.c.c.C.[.[.[/community] [DirectJDKLog.java:173] Initializing Spring DispatcherServlet 'dispatcherServlet'
2024-04-06 16:09:01,468 INFO [http-nio-8080-exec-1] o.s.w.s.DispatcherServlet [FrameworkServlet.java:524] Initializing Servlet 'dispatcherServlet'
2024-04-06 16:09:01,478 INFO [http-nio-8080-exec-1] o.s.w.s.DispatcherServlet [FrameworkServlet.java:546] Completed initialization in 10 ms
2024-04-06 16:09:01,532 INFO [http-nio-8080-exec-1] c.z.h.HikariDataSource [HikariDataSource.java:110] HikariPool-1 - Starting...
2024-04-06 16:09:01,776 INFO [http-nio-8080-exec-1] c.z.h.HikariDataSource [HikariDataSource.java:123] HikariPool-1 - Start completed.
2024-04-06 16:23:09,103 INFO [Thread-18] o.s.s.c.ThreadPoolTaskExecutor [ExecutorConfigurationSupport.java:208] Shutting down ExecutorService 'applicationTaskExecutor'
2024-04-06 16:23:09,105 INFO [Thread-18] c.z.h.HikariDataSource [HikariDataSource.java:350] HikariPool-1 - Shutdown initiated...
2024-04-06 16:23:09,111 INFO [Thread-18] c.z.h.HikariDataSource [HikariDataSource.java:352] HikariPool-1 - Shutdown completed.
2024-04-06 16:23:22,653 INFO [restartedMain] c.n.c.c.CommunityApplication [StartupInfoLogger.java:50] Starting CommunityApplication on LAPTOP-E3TEOQ52 with PID 22252 (started by 杨理 in C:\Desktop\软件开发\项目\niuke_coder\community)
2024-04-06 16:23:22,658 INFO [restartedMain] c.n.c.c.CommunityApplication [SpringApplication.java:675] No active profile set, falling back to default profiles: default
2024-04-06 16:23:22,737 INFO [restartedMain] o.s.b.d.e.DevToolsPropertyDefaultsPostProcessor [DeferredLog.java:227] Devtools property defaults active! Set 'spring.devtools.add-properties' to 'false' to disable
2024-04-06 16:23:22,737 INFO [restartedMain] o.s.b.d.e.DevToolsPropertyDefaultsPostProcessor [DeferredLog.java:227] For additional web related logging consider setting the 'logging.level.web' property to 'DEBUG'
2024-04-06 16:23:24,476 INFO [restartedMain] o.s.c.s.PostProcessorRegistrationDelegate$BeanPostProcessorChecker [PostProcessorRegistrationDelegate.java:330] Bean 'org.springframework.ws.config.annotation.DelegatingWsConfiguration' of type [org.springframework.ws.config.annotation.DelegatingWsConfiguration$$EnhancerBySpringCGLIB$$307814b5] is not eligible for getting processed by all BeanPostProcessors (for example: not eligible for auto-proxying)
2024-04-06 16:23:24,522 INFO [restartedMain] o.s.w.s.a.s.AnnotationActionEndpointMapping [AbstractAddressingEndpointMapping.java:236] Supporting [WS-Addressing August 2004, WS-Addressing 1.0]
2024-04-06 16:23:25,076 INFO [restartedMain] o.s.b.w.e.t.TomcatWebServer [TomcatWebServer.java:90] Tomcat initialized with port(s): 8080 (http)
2024-04-06 16:23:25,098 INFO [restartedMain] o.a.c.h.Http11NioProtocol [DirectJDKLog.java:173] Initializing ProtocolHandler ["http-nio-8080"]
2024-04-06 16:23:25,112 INFO [restartedMain] o.a.c.c.StandardService [DirectJDKLog.java:173] Starting service [Tomcat]
2024-04-06 16:23:25,112 INFO [restartedMain] o.a.c.c.StandardEngine [DirectJDKLog.java:173] Starting Servlet engine: [Apache Tomcat/9.0.19]
2024-04-06 16:23:25,373 INFO [restartedMain] o.a.c.c.C.[.[.[/community] [DirectJDKLog.java:173] Initializing Spring embedded WebApplicationContext
2024-04-06 16:23:25,374 INFO [restartedMain] o.s.w.c.ContextLoader [ServletWebServerApplicationContext.java:296] Root WebApplicationContext: initialization completed in 2636 ms
2024-04-06 16:23:26,260 INFO [restartedMain] o.s.s.c.ThreadPoolTaskExecutor [ExecutorConfigurationSupport.java:171] Initializing ExecutorService 'applicationTaskExecutor'
2024-04-06 16:23:26,393 INFO [restartedMain] o.s.b.a.w.s.WelcomePageHandlerMapping [WelcomePageHandlerMapping.java:61] Adding welcome page template: index
2024-04-06 16:23:26,694 INFO [restartedMain] o.s.b.d.a.OptionalLiveReloadServer [OptionalLiveReloadServer.java:57] LiveReload server is running on port 35729
2024-04-06 16:23:26,745 INFO [restartedMain] o.a.c.h.Http11NioProtocol [DirectJDKLog.java:173] Starting ProtocolHandler ["http-nio-8080"]
2024-04-06 16:23:26,792 INFO [restartedMain] o.s.b.w.e.t.TomcatWebServer [TomcatWebServer.java:204] Tomcat started on port(s): 8080 (http) with context path '/community'
2024-04-06 16:23:26,797 INFO [restartedMain] c.n.c.c.CommunityApplication [StartupInfoLogger.java:59] Started CommunityApplication in 5.009 seconds (JVM running for 7.667)
2024-04-06 16:24:46,464 INFO [http-nio-8080-exec-2] o.a.c.c.C.[.[.[/community] [DirectJDKLog.java:173] Initializing Spring DispatcherServlet 'dispatcherServlet'
2024-04-06 16:24:46,465 INFO [http-nio-8080-exec-2] o.s.w.s.DispatcherServlet [FrameworkServlet.java:524] Initializing Servlet 'dispatcherServlet'
2024-04-06 16:24:46,480 INFO [http-nio-8080-exec-2] o.s.w.s.DispatcherServlet [FrameworkServlet.java:546] Completed initialization in 14 ms
2024-04-06 16:24:46,534 INFO [http-nio-8080-exec-2] c.z.h.HikariDataSource [HikariDataSource.java:110] HikariPool-1 - Starting...
2024-04-06 16:24:46,870 INFO [http-nio-8080-exec-2] c.z.h.HikariDataSource [HikariDataSource.java:123] HikariPool-1 - Start completed.
2024-04-06 16:30:09,848 INFO [Thread-18] o.s.s.c.ThreadPoolTaskExecutor [ExecutorConfigurationSupport.java:208] Shutting down ExecutorService 'applicationTaskExecutor'
2024-04-06 16:30:09,849 INFO [Thread-18] c.z.h.HikariDataSource [HikariDataSource.java:350] HikariPool-1 - Shutdown initiated...
2024-04-06 16:30:09,854 INFO [Thread-18] c.z.h.HikariDataSource [HikariDataSource.java:352] HikariPool-1 - Shutdown completed.
2024-04-06 16:30:21,023 INFO [restartedMain] c.n.c.c.CommunityApplication [StartupInfoLogger.java:50] Starting CommunityApplication on LAPTOP-E3TEOQ52 with PID 17364 (started by 杨理 in C:\Desktop\软件开发\项目\niuke_coder\community)
2024-04-06 16:30:21,030 INFO [restartedMain] c.n.c.c.CommunityApplication [SpringApplication.java:675] No active profile set, falling back to default profiles: default
2024-04-06 16:30:21,113 INFO [restartedMain] o.s.b.d.e.DevToolsPropertyDefaultsPostProcessor [DeferredLog.java:227] Devtools property defaults active! Set 'spring.devtools.add-properties' to 'false' to disable
2024-04-06 16:30:21,113 INFO [restartedMain] o.s.b.d.e.DevToolsPropertyDefaultsPostProcessor [DeferredLog.java:227] For additional web related logging consider setting the 'logging.level.web' property to 'DEBUG'
2024-04-06 16:30:22,912 INFO [restartedMain] o.s.c.s.PostProcessorRegistrationDelegate$BeanPostProcessorChecker [PostProcessorRegistrationDelegate.java:330] Bean 'org.springframework.ws.config.annotation.DelegatingWsConfiguration' of type [org.springframework.ws.config.annotation.DelegatingWsConfiguration$$EnhancerBySpringCGLIB$$3ff47edc] is not eligible for getting processed by all BeanPostProcessors (for example: not eligible for auto-proxying)
2024-04-06 16:30:22,965 INFO [restartedMain] o.s.w.s.a.s.AnnotationActionEndpointMapping [AbstractAddressingEndpointMapping.java:236] Supporting [WS-Addressing August 2004, WS-Addressing 1.0]
2024-04-06 16:30:23,520 INFO [restartedMain] o.s.b.w.e.t.TomcatWebServer [TomcatWebServer.java:90] Tomcat initialized with port(s): 8080 (http)
2024-04-06 16:30:23,542 INFO [restartedMain] o.a.c.h.Http11NioProtocol [DirectJDKLog.java:173] Initializing ProtocolHandler ["http-nio-8080"]
2024-04-06 16:30:23,557 INFO [restartedMain] o.a.c.c.StandardService [DirectJDKLog.java:173] Starting service [Tomcat]
2024-04-06 16:30:23,558 INFO [restartedMain] o.a.c.c.StandardEngine [DirectJDKLog.java:173] Starting Servlet engine: [Apache Tomcat/9.0.19]
2024-04-06 16:30:23,797 INFO [restartedMain] o.a.c.c.C.[.[.[/community] [DirectJDKLog.java:173] Initializing Spring embedded WebApplicationContext
2024-04-06 16:30:23,798 INFO [restartedMain] o.s.w.c.ContextLoader [ServletWebServerApplicationContext.java:296] Root WebApplicationContext: initialization completed in 2684 ms
2024-04-06 16:30:24,753 INFO [restartedMain] o.s.s.c.ThreadPoolTaskExecutor [ExecutorConfigurationSupport.java:171] Initializing ExecutorService 'applicationTaskExecutor'
2024-04-06 16:30:24,892 INFO [restartedMain] o.s.b.a.w.s.WelcomePageHandlerMapping [WelcomePageHandlerMapping.java:61] Adding welcome page template: index
2024-04-06 16:30:25,156 INFO [restartedMain] o.s.b.d.a.OptionalLiveReloadServer [OptionalLiveReloadServer.java:57] LiveReload server is running on port 35729
2024-04-06 16:30:25,195 INFO [restartedMain] o.a.c.h.Http11NioProtocol [DirectJDKLog.java:173] Starting ProtocolHandler ["http-nio-8080"]
2024-04-06 16:30:25,229 INFO [restartedMain] o.s.b.w.e.t.TomcatWebServer [TomcatWebServer.java:204] Tomcat started on port(s): 8080 (http) with context path '/community'
2024-04-06 16:30:25,233 INFO [restartedMain] c.n.c.c.CommunityApplication [StartupInfoLogger.java:59] Started CommunityApplication in 5.009 seconds (JVM running for 7.736)
2024-04-06 16:30:55,798 INFO [http-nio-8080-exec-1] o.a.c.c.C.[.[.[/community] [DirectJDKLog.java:173] Initializing Spring DispatcherServlet 'dispatcherServlet'
2024-04-06 16:30:55,799 INFO [http-nio-8080-exec-1] o.s.w.s.DispatcherServlet [FrameworkServlet.java:524] Initializing Servlet 'dispatcherServlet'
2024-04-06 16:30:55,814 INFO [http-nio-8080-exec-1] o.s.w.s.DispatcherServlet [FrameworkServlet.java:546] Completed initialization in 14 ms
2024-04-06 16:30:55,888 INFO [http-nio-8080-exec-1] c.z.h.HikariDataSource [HikariDataSource.java:110] HikariPool-1 - Starting...
2024-04-06 16:30:56,274 INFO [http-nio-8080-exec-1] c.z.h.HikariDataSource [HikariDataSource.java:123] HikariPool-1 - Start completed.
2024-04-06 16:48:36,689 INFO [Thread-18] o.s.s.c.ThreadPoolTaskExecutor [ExecutorConfigurationSupport.java:208] Shutting down ExecutorService 'applicationTaskExecutor'
2024-04-06 16:48:36,691 INFO [Thread-18] c.z.h.HikariDataSource [HikariDataSource.java:350] HikariPool-1 - Shutdown initiated...
2024-04-06 16:48:36,696 INFO [Thread-18] c.z.h.HikariDataSource [HikariDataSource.java:352] HikariPool-1 - Shutdown completed.
2024-04-06 16:48:51,414 INFO [restartedMain] c.n.c.c.CommunityApplication [StartupInfoLogger.java:50] Starting CommunityApplication on LAPTOP-E3TEOQ52 with PID 22640 (started by 杨理 in C:\Desktop\软件开发\项目\niuke_coder\community)
2024-04-06 16:48:51,420 INFO [restartedMain] c.n.c.c.CommunityApplication [SpringApplication.java:675] No active profile set, falling back to default profiles: default
2024-04-06 16:48:51,500 INFO [restartedMain] o.s.b.d.e.DevToolsPropertyDefaultsPostProcessor [DeferredLog.java:227] Devtools property defaults active! Set 'spring.devtools.add-properties' to 'false' to disable
2024-04-06 16:48:51,501 INFO [restartedMain] o.s.b.d.e.DevToolsPropertyDefaultsPostProcessor [DeferredLog.java:227] For additional web related logging consider setting the 'logging.level.web' property to 'DEBUG'
2024-04-06 16:48:53,291 INFO [restartedMain] o.s.c.s.PostProcessorRegistrationDelegate$BeanPostProcessorChecker [PostProcessorRegistrationDelegate.java:330] Bean 'org.springframework.ws.config.annotation.DelegatingWsConfiguration' of type [org.springframework.ws.config.annotation.DelegatingWsConfiguration$$EnhancerBySpringCGLIB$$aed2d93a] is not eligible for getting processed by all BeanPostProcessors (for example: not eligible for auto-proxying)
2024-04-06 16:48:53,338 INFO [restartedMain] o.s.w.s.a.s.AnnotationActionEndpointMapping [AbstractAddressingEndpointMapping.java:236] Supporting [WS-Addressing August 2004, WS-Addressing 1.0]
2024-04-06 16:48:53,894 INFO [restartedMain] o.s.b.w.e.t.TomcatWebServer [TomcatWebServer.java:90] Tomcat initialized with port(s): 8080 (http)
2024-04-06 16:48:53,918 INFO [restartedMain] o.a.c.h.Http11NioProtocol [DirectJDKLog.java:173] Initializing ProtocolHandler ["http-nio-8080"]
2024-04-06 16:48:53,935 INFO [restartedMain] o.a.c.c.StandardService [DirectJDKLog.java:173] Starting service [Tomcat]
2024-04-06 16:48:53,936 INFO [restartedMain] o.a.c.c.StandardEngine [DirectJDKLog.java:173] Starting Servlet engine: [Apache Tomcat/9.0.19]
2024-04-06 16:48:54,191 INFO [restartedMain] o.a.c.c.C.[.[.[/community] [DirectJDKLog.java:173] Initializing Spring embedded WebApplicationContext
2024-04-06 16:48:54,191 INFO [restartedMain] o.s.w.c.ContextLoader [ServletWebServerApplicationContext.java:296] Root WebApplicationContext: initialization completed in 2690 ms
2024-04-06 16:48:55,101 INFO [restartedMain] o.s.s.c.ThreadPoolTaskExecutor [ExecutorConfigurationSupport.java:171] Initializing ExecutorService 'applicationTaskExecutor'
2024-04-06 16:48:55,244 INFO [restartedMain] o.s.b.a.w.s.WelcomePageHandlerMapping [WelcomePageHandlerMapping.java:61] Adding welcome page template: index
2024-04-06 16:48:55,497 INFO [restartedMain] o.s.b.d.a.OptionalLiveReloadServer [OptionalLiveReloadServer.java:57] LiveReload server is running on port 35729
2024-04-06 16:48:55,536 INFO [restartedMain] o.a.c.h.Http11NioProtocol [DirectJDKLog.java:173] Starting ProtocolHandler ["http-nio-8080"]
2024-04-06 16:48:55,570 INFO [restartedMain] o.s.b.w.e.t.TomcatWebServer [TomcatWebServer.java:204] Tomcat started on port(s): 8080 (http) with context path '/community'
2024-04-06 16:48:55,574 INFO [restartedMain] c.n.c.c.CommunityApplication [StartupInfoLogger.java:59] Started CommunityApplication in 4.959 seconds (JVM running for 7.513)
2024-04-06 16:55:25,156 INFO [Thread-18] o.s.s.c.ThreadPoolTaskExecutor [ExecutorConfigurationSupport.java:208] Shutting down ExecutorService 'applicationTaskExecutor'
2024-04-06 16:55:35,352 INFO [restartedMain] c.n.c.c.CommunityApplication [StartupInfoLogger.java:50] Starting CommunityApplication on LAPTOP-E3TEOQ52 with PID 9872 (started by 杨理 in C:\Desktop\软件开发\项目\niuke_coder\community)
2024-04-06 16:55:35,359 INFO [restartedMain] c.n.c.c.CommunityApplication [SpringApplication.java:675] No active profile set, falling back to default profiles: default
2024-04-06 16:55:35,448 INFO [restartedMain] o.s.b.d.e.DevToolsPropertyDefaultsPostProcessor [DeferredLog.java:227] Devtools property defaults active! Set 'spring.devtools.add-properties' to 'false' to disable
2024-04-06 16:55:35,449 INFO [restartedMain] o.s.b.d.e.DevToolsPropertyDefaultsPostProcessor [DeferredLog.java:227] For additional web related logging consider setting the 'logging.level.web' property to 'DEBUG'
2024-04-06 16:55:37,486 INFO [restartedMain] o.s.c.s.PostProcessorRegistrationDelegate$BeanPostProcessorChecker [PostProcessorRegistrationDelegate.java:330] Bean 'org.springframework.ws.config.annotation.DelegatingWsConfiguration' of type [org.springframework.ws.config.annotation.DelegatingWsConfiguration$$EnhancerBySpringCGLIB$$19c6f872] is not eligible for getting processed by all BeanPostProcessors (for example: not eligible for auto-proxying)
2024-04-06 16:55:37,540 INFO [restartedMain] o.s.w.s.a.s.AnnotationActionEndpointMapping [AbstractAddressingEndpointMapping.java:236] Supporting [WS-Addressing August 2004, WS-Addressing 1.0]
2024-04-06 16:55:38,136 INFO [restartedMain] o.s.b.w.e.t.TomcatWebServer [TomcatWebServer.java:90] Tomcat initialized with port(s): 8080 (http)
2024-04-06 16:55:38,165 INFO [restartedMain] o.a.c.h.Http11NioProtocol [DirectJDKLog.java:173] Initializing ProtocolHandler ["http-nio-8080"]
2024-04-06 16:55:38,179 INFO [restartedMain] o.a.c.c.StandardService [DirectJDKLog.java:173] Starting service [Tomcat]
2024-04-06 16:55:38,180 INFO [restartedMain] o.a.c.c.StandardEngine [DirectJDKLog.java:173] Starting Servlet engine: [Apache Tomcat/9.0.19]
2024-04-06 16:55:38,453 INFO [restartedMain] o.a.c.c.C.[.[.[/community] [DirectJDKLog.java:173] Initializing Spring embedded WebApplicationContext
2024-04-06 16:55:38,454 INFO [restartedMain] o.s.w.c.ContextLoader [ServletWebServerApplicationContext.java:296] Root WebApplicationContext: initialization completed in 3005 ms
2024-04-06 16:55:39,428 INFO [restartedMain] o.s.s.c.ThreadPoolTaskExecutor [ExecutorConfigurationSupport.java:171] Initializing ExecutorService 'applicationTaskExecutor'
2024-04-06 16:55:39,577 INFO [restartedMain] o.s.b.a.w.s.WelcomePageHandlerMapping [WelcomePageHandlerMapping.java:61] Adding welcome page template: index
2024-04-06 16:55:39,858 INFO [restartedMain] o.s.b.d.a.OptionalLiveReloadServer [OptionalLiveReloadServer.java:57] LiveReload server is running on port 35729
2024-04-06 16:55:39,903 INFO [restartedMain] o.a.c.h.Http11NioProtocol [DirectJDKLog.java:173] Starting ProtocolHandler ["http-nio-8080"]
2024-04-06 16:55:39,941 INFO [restartedMain] o.s.b.w.e.t.TomcatWebServer [TomcatWebServer.java:204] Tomcat started on port(s): 8080 (http) with context path '/community'
2024-04-06 16:55:39,945 INFO [restartedMain] c.n.c.c.CommunityApplication [StartupInfoLogger.java:59] Started CommunityApplication in 5.563 seconds (JVM running for 8.91)
2024-04-06 16:55:50,688 INFO [http-nio-8080-exec-1] o.a.c.c.C.[.[.[/community] [DirectJDKLog.java:173] Initializing Spring DispatcherServlet 'dispatcherServlet'
2024-04-06 16:55:50,689 INFO [http-nio-8080-exec-1] o.s.w.s.DispatcherServlet [FrameworkServlet.java:524] Initializing Servlet 'dispatcherServlet'
2024-04-06 16:55:50,701 INFO [http-nio-8080-exec-1] o.s.w.s.DispatcherServlet [FrameworkServlet.java:546] Completed initialization in 12 ms
2024-04-06 16:55:50,751 INFO [http-nio-8080-exec-1] c.z.h.HikariDataSource [HikariDataSource.java:110] HikariPool-1 - Starting...
2024-04-06 16:55:50,998 INFO [http-nio-8080-exec-1] c.z.h.HikariDataSource [HikariDataSource.java:123] HikariPool-1 - Start completed.
2024-04-06 19:46:22,312 INFO [Thread-18] o.s.s.c.ThreadPoolTaskExecutor [ExecutorConfigurationSupport.java:208] Shutting down ExecutorService 'applicationTaskExecutor'
2024-04-06 19:46:22,324 INFO [Thread-18] c.z.h.HikariDataSource [HikariDataSource.java:350] HikariPool-1 - Shutdown initiated...
2024-04-06 19:46:22,329 INFO [Thread-18] c.z.h.HikariDataSource [HikariDataSource.java:352] HikariPool-1 - Shutdown completed.
2024-04-06 19:48:16,532 INFO [restartedMain] c.n.c.c.CommunityApplication [StartupInfoLogger.java:50] Starting CommunityApplication on LAPTOP-E3TEOQ52 with PID 25348 (started by 杨理 in C:\Desktop\软件开发\项目\niuke_coder\community)
2024-04-06 19:48:16,538 INFO [restartedMain] c.n.c.c.CommunityApplication [SpringApplication.java:675] No active profile set, falling back to default profiles: default
2024-04-06 19:48:16,625 INFO [restartedMain] o.s.b.d.e.DevToolsPropertyDefaultsPostProcessor [DeferredLog.java:227] Devtools property defaults active! Set 'spring.devtools.add-properties' to 'false' to disable
2024-04-06 19:48:16,626 INFO [restartedMain] o.s.b.d.e.DevToolsPropertyDefaultsPostProcessor [DeferredLog.java:227] For additional web related logging consider setting the 'logging.level.web' property to 'DEBUG'
2024-04-06 19:48:18,809 INFO [restartedMain] o.s.c.s.PostProcessorRegistrationDelegate$BeanPostProcessorChecker [PostProcessorRegistrationDelegate.java:330] Bean 'org.springframework.ws.config.annotation.DelegatingWsConfiguration' of type [org.springframework.ws.config.annotation.DelegatingWsConfiguration$$EnhancerBySpringCGLIB$$bfb0187] is not eligible for getting processed by all BeanPostProcessors (for example: not eligible for auto-proxying)
2024-04-06 19:48:18,868 INFO [restartedMain] o.s.w.s.a.s.AnnotationActionEndpointMapping [AbstractAddressingEndpointMapping.java:236] Supporting [WS-Addressing August 2004, WS-Addressing 1.0]
2024-04-06 19:48:19,482 INFO [restartedMain] o.s.b.w.e.t.TomcatWebServer [TomcatWebServer.java:90] Tomcat initialized with port(s): 8080 (http)
2024-04-06 19:48:19,506 INFO [restartedMain] o.a.c.h.Http11NioProtocol [DirectJDKLog.java:173] Initializing ProtocolHandler ["http-nio-8080"]
2024-04-06 19:48:19,521 INFO [restartedMain] o.a.c.c.StandardService [DirectJDKLog.java:173] Starting service [Tomcat]
2024-04-06 19:48:19,521 INFO [restartedMain] o.a.c.c.StandardEngine [DirectJDKLog.java:173] Starting Servlet engine: [Apache Tomcat/9.0.19]
2024-04-06 19:48:19,788 INFO [restartedMain] o.a.c.c.C.[.[.[/community] [DirectJDKLog.java:173] Initializing Spring embedded WebApplicationContext
2024-04-06 19:48:19,788 INFO [restartedMain] o.s.w.c.ContextLoader [ServletWebServerApplicationContext.java:296] Root WebApplicationContext: initialization completed in 3162 ms
2024-04-06 19:48:20,747 INFO [restartedMain] o.s.s.c.ThreadPoolTaskExecutor [ExecutorConfigurationSupport.java:171] Initializing ExecutorService 'applicationTaskExecutor'
2024-04-06 19:48:20,931 INFO [restartedMain] o.s.b.a.w.s.WelcomePageHandlerMapping [WelcomePageHandlerMapping.java:61] Adding welcome page template: index
2024-04-06 19:48:21,224 INFO [restartedMain] o.s.b.d.a.OptionalLiveReloadServer [OptionalLiveReloadServer.java:57] LiveReload server is running on port 35729
2024-04-06 19:48:21,271 INFO [restartedMain] o.a.c.h.Http11NioProtocol [DirectJDKLog.java:173] Starting ProtocolHandler ["http-nio-8080"]
2024-04-06 19:48:21,306 INFO [restartedMain] o.s.b.w.e.t.TomcatWebServer [TomcatWebServer.java:204] Tomcat started on port(s): 8080 (http) with context path '/community'
2024-04-06 19:48:21,310 INFO [restartedMain] c.n.c.c.CommunityApplication [StartupInfoLogger.java:59] Started CommunityApplication in 5.733 seconds (JVM running for 8.584)
2024-04-06 19:48:29,549 INFO [http-nio-8080-exec-1] o.a.c.c.C.[.[.[/community] [DirectJDKLog.java:173] Initializing Spring DispatcherServlet 'dispatcherServlet'
2024-04-06 19:48:29,549 INFO [http-nio-8080-exec-1] o.s.w.s.DispatcherServlet [FrameworkServlet.java:524] Initializing Servlet 'dispatcherServlet'
2024-04-06 19:48:29,562 INFO [http-nio-8080-exec-1] o.s.w.s.DispatcherServlet [FrameworkServlet.java:546] Completed initialization in 12 ms
2024-04-06 19:48:29,614 INFO [http-nio-8080-exec-1] c.z.h.HikariDataSource [HikariDataSource.java:110] HikariPool-1 - Starting...
2024-04-06 19:48:29,870 INFO [http-nio-8080-exec-1] c.z.h.HikariDataSource [HikariDataSource.java:123] HikariPool-1 - Start completed.
2024-04-06 19:49:36,990 INFO [Thread-19] o.s.s.c.ThreadPoolTaskExecutor [ExecutorConfigurationSupport.java:208] Shutting down ExecutorService 'applicationTaskExecutor'
2024-04-06 19:49:36,992 INFO [Thread-19] c.z.h.HikariDataSource [HikariDataSource.java:350] HikariPool-1 - Shutdown initiated...
2024-04-06 19:49:36,998 INFO [Thread-19] c.z.h.HikariDataSource [HikariDataSource.java:352] HikariPool-1 - Shutdown completed.
2024-04-06 19:49:50,732 INFO [restartedMain] c.n.c.c.CommunityApplication [StartupInfoLogger.java:50] Starting CommunityApplication on LAPTOP-E3TEOQ52 with PID 22608 (started by 杨理 in C:\Desktop\软件开发\项目\niuke_coder\community)
2024-04-06 19:49:50,738 INFO [restartedMain] c.n.c.c.CommunityApplication [SpringApplication.java:675] No active profile set, falling back to default profiles: default
2024-04-06 19:49:50,815 INFO [restartedMain] o.s.b.d.e.DevToolsPropertyDefaultsPostProcessor [DeferredLog.java:227] Devtools property defaults active! Set 'spring.devtools.add-properties' to 'false' to disable
2024-04-06 19:49:50,816 INFO [restartedMain] o.s.b.d.e.DevToolsPropertyDefaultsPostProcessor [DeferredLog.java:227] For additional web related logging consider setting the 'logging.level.web' property to 'DEBUG'
2024-04-06 19:49:52,902 INFO [restartedMain] o.s.c.s.PostProcessorRegistrationDelegate$BeanPostProcessorChecker [PostProcessorRegistrationDelegate.java:330] Bean 'org.springframework.ws.config.annotation.DelegatingWsConfiguration' of type [org.springframework.ws.config.annotation.DelegatingWsConfiguration$$EnhancerBySpringCGLIB$$93b81115] is not eligible for getting processed by all BeanPostProcessors (for example: not eligible for auto-proxying)
2024-04-06 19:49:52,958 INFO [restartedMain] o.s.w.s.a.s.AnnotationActionEndpointMapping [AbstractAddressingEndpointMapping.java:236] Supporting [WS-Addressing August 2004, WS-Addressing 1.0]
2024-04-06 19:49:53,712 INFO [restartedMain] o.s.b.w.e.t.TomcatWebServer [TomcatWebServer.java:90] Tomcat initialized with port(s): 8080 (http)
2024-04-06 19:49:53,737 INFO [restartedMain] o.a.c.h.Http11NioProtocol [DirectJDKLog.java:173] Initializing ProtocolHandler ["http-nio-8080"]
2024-04-06 19:49:53,752 INFO [restartedMain] o.a.c.c.StandardService [DirectJDKLog.java:173] Starting service [Tomcat]
2024-04-06 19:49:53,752 INFO [restartedMain] o.a.c.c.StandardEngine [DirectJDKLog.java:173] Starting Servlet engine: [Apache Tomcat/9.0.19]
2024-04-06 19:49:54,094 INFO [restartedMain] o.a.c.c.C.[.[.[/community] [DirectJDKLog.java:173] Initializing Spring embedded WebApplicationContext
2024-04-06 19:49:54,095 INFO [restartedMain] o.s.w.c.ContextLoader [ServletWebServerApplicationContext.java:296] Root WebApplicationContext: initialization completed in 3277 ms
2024-04-06 19:49:55,160 INFO [restartedMain] o.s.s.c.ThreadPoolTaskExecutor [ExecutorConfigurationSupport.java:171] Initializing ExecutorService 'applicationTaskExecutor'
2024-04-06 19:49:55,329 INFO [restartedMain] o.s.b.a.w.s.WelcomePageHandlerMapping [WelcomePageHandlerMapping.java:61] Adding welcome page template: index
2024-04-06 19:49:55,604 INFO [restartedMain] o.s.b.d.a.OptionalLiveReloadServer [OptionalLiveReloadServer.java:57] LiveReload server is running on port 35729
2024-04-06 19:49:55,642 INFO [restartedMain] o.a.c.h.Http11NioProtocol [DirectJDKLog.java:173] Starting ProtocolHandler ["http-nio-8080"]
2024-04-06 19:49:55,689 INFO [restartedMain] o.s.b.w.e.t.TomcatWebServer [TomcatWebServer.java:204] Tomcat started on port(s): 8080 (http) with context path '/community'
2024-04-06 19:49:55,697 INFO [restartedMain] c.n.c.c.CommunityApplication [StartupInfoLogger.java:59] Started CommunityApplication in 5.776 seconds (JVM running for 8.393)
2024-04-06 19:49:55,793 INFO [http-nio-8080-exec-2] o.a.c.c.C.[.[.[/community] [DirectJDKLog.java:173] Initializing Spring DispatcherServlet 'dispatcherServlet'
2024-04-06 19:49:55,793 INFO [http-nio-8080-exec-2] o.s.w.s.DispatcherServlet [FrameworkServlet.java:524] Initializing Servlet 'dispatcherServlet'
2024-04-06 19:49:55,805 INFO [http-nio-8080-exec-2] o.s.w.s.DispatcherServlet [FrameworkServlet.java:546] Completed initialization in 11 ms
2024-04-06 19:49:55,856 INFO [http-nio-8080-exec-2] c.z.h.HikariDataSource [HikariDataSource.java:110] HikariPool-1 - Starting...
2024-04-06 19:49:56,129 INFO [http-nio-8080-exec-2] c.z.h.HikariDataSource [HikariDataSource.java:123] HikariPool-1 - Start completed.
2024-04-06 20:50:44,568 INFO [Thread-19] o.s.s.c.ThreadPoolTaskExecutor [ExecutorConfigurationSupport.java:208] Shutting down ExecutorService 'applicationTaskExecutor'
2024-04-06 20:50:44,574 INFO [Thread-19] c.z.h.HikariDataSource [HikariDataSource.java:350] HikariPool-1 - Shutdown initiated...
2024-04-06 20:50:44,578 INFO [Thread-19] c.z.h.HikariDataSource [HikariDataSource.java:352] HikariPool-1 - Shutdown completed.
2024-04-06 20:51:15,828 INFO [restartedMain] c.n.c.c.CommunityApplication [StartupInfoLogger.java:50] Starting CommunityApplication on LAPTOP-E3TEOQ52 with PID 31176 (started by 杨理 in C:\Desktop\软件开发\项目\niuke_coder\community)
2024-04-06 20:51:15,834 INFO [restartedMain] c.n.c.c.CommunityApplication [SpringApplication.java:675] No active profile set, falling back to default profiles: default
2024-04-06 20:51:15,934 INFO [restartedMain] o.s.b.d.e.DevToolsPropertyDefaultsPostProcessor [DeferredLog.java:227] Devtools property defaults active! Set 'spring.devtools.add-properties' to 'false' to disable
2024-04-06 20:51:15,935 INFO [restartedMain] o.s.b.d.e.DevToolsPropertyDefaultsPostProcessor [DeferredLog.java:227] For additional web related logging consider setting the 'logging.level.web' property to 'DEBUG'
2024-04-06 20:51:19,045 INFO [restartedMain] o.s.c.s.PostProcessorRegistrationDelegate$BeanPostProcessorChecker [PostProcessorRegistrationDelegate.java:330] Bean 'org.springframework.ws.config.annotation.DelegatingWsConfiguration' of type [org.springframework.ws.config.annotation.DelegatingWsConfiguration$$EnhancerBySpringCGLIB$$dd5ce95f] is not eligible for getting processed by all BeanPostProcessors (for example: not eligible for auto-proxying)
2024-04-06 20:51:19,099 INFO [restartedMain] o.s.w.s.a.s.AnnotationActionEndpointMapping [AbstractAddressingEndpointMapping.java:236] Supporting [WS-Addressing August 2004, WS-Addressing 1.0]
2024-04-06 20:51:20,076 INFO [restartedMain] o.s.b.w.e.t.TomcatWebServer [TomcatWebServer.java:90] Tomcat initialized with port(s): 8080 (http)
2024-04-06 20:51:20,102 INFO [restartedMain] o.a.c.h.Http11NioProtocol [DirectJDKLog.java:173] Initializing ProtocolHandler ["http-nio-8080"]
2024-04-06 20:51:20,120 INFO [restartedMain] o.a.c.c.StandardService [DirectJDKLog.java:173] Starting service [Tomcat]
2024-04-06 20:51:20,120 INFO [restartedMain] o.a.c.c.StandardEngine [DirectJDKLog.java:173] Starting Servlet engine: [Apache Tomcat/9.0.19]
2024-04-06 20:51:20,381 INFO [restartedMain] o.a.c.c.C.[.[.[/community] [DirectJDKLog.java:173] Initializing Spring embedded WebApplicationContext
2024-04-06 20:51:20,381 INFO [restartedMain] o.s.w.c.ContextLoader [ServletWebServerApplicationContext.java:296] Root WebApplicationContext: initialization completed in 4445 ms
2024-04-06 20:51:21,997 INFO [restartedMain] o.s.s.c.ThreadPoolTaskExecutor [ExecutorConfigurationSupport.java:171] Initializing ExecutorService 'applicationTaskExecutor'
2024-04-06 20:51:22,295 INFO [restartedMain] o.s.b.a.w.s.WelcomePageHandlerMapping [WelcomePageHandlerMapping.java:61] Adding welcome page template: index
2024-04-06 20:51:22,935 INFO [restartedMain] o.s.b.d.a.OptionalLiveReloadServer [OptionalLiveReloadServer.java:57] LiveReload server is running on port 35729
2024-04-06 20:51:22,989 INFO [restartedMain] o.a.c.h.Http11NioProtocol [DirectJDKLog.java:173] Starting ProtocolHandler ["http-nio-8080"]
2024-04-06 20:51:23,029 INFO [restartedMain] o.s.b.w.e.t.TomcatWebServer [TomcatWebServer.java:204] Tomcat started on port(s): 8080 (http) with context path '/community'
2024-04-06 20:51:23,034 INFO [restartedMain] c.n.c.c.CommunityApplication [StartupInfoLogger.java:59] Started CommunityApplication in 8.277 seconds (JVM running for 12.145)
2024-04-06 20:51:23,109 INFO [http-nio-8080-exec-1] o.a.c.c.C.[.[.[/community] [DirectJDKLog.java:173] Initializing Spring DispatcherServlet 'dispatcherServlet'
2024-04-06 20:51:23,110 INFO [http-nio-8080-exec-1] o.s.w.s.DispatcherServlet [FrameworkServlet.java:524] Initializing Servlet 'dispatcherServlet'
2024-04-06 20:51:23,132 INFO [http-nio-8080-exec-1] o.s.w.s.DispatcherServlet [FrameworkServlet.java:546] Completed initialization in 21 ms
2024-04-06 20:51:23,209 INFO [http-nio-8080-exec-1] c.z.h.HikariDataSource [HikariDataSource.java:110] HikariPool-1 - Starting...
2024-04-06 20:51:23,458 INFO [http-nio-8080-exec-1] c.z.h.HikariDataSource [HikariDataSource.java:123] HikariPool-1 - Start completed.
2024-04-06 21:17:15,362 INFO [Thread-24] o.s.s.c.ThreadPoolTaskExecutor [ExecutorConfigurationSupport.java:208] Shutting down ExecutorService 'applicationTaskExecutor'
2024-04-06 21:17:15,364 INFO [Thread-24] c.z.h.HikariDataSource [HikariDataSource.java:350] HikariPool-1 - Shutdown initiated...
2024-04-06 21:17:15,371 INFO [Thread-24] c.z.h.HikariDataSource [HikariDataSource.java:352] HikariPool-1 - Shutdown completed.
2024-04-06 21:17:28,264 INFO [restartedMain] c.n.c.c.CommunityApplication [StartupInfoLogger.java:50] Starting CommunityApplication on LAPTOP-E3TEOQ52 with PID 27660 (started by 杨理 in C:\Desktop\软件开发\项目\niuke_coder\community)
2024-04-06 21:17:28,269 INFO [restartedMain] c.n.c.c.CommunityApplication [SpringApplication.java:675] No active profile set, falling back to default profiles: default
2024-04-06 21:17:28,347 INFO [restartedMain] o.s.b.d.e.DevToolsPropertyDefaultsPostProcessor [DeferredLog.java:227] Devtools property defaults active! Set 'spring.devtools.add-properties' to 'false' to disable
2024-04-06 21:17:28,348 INFO [restartedMain] o.s.b.d.e.DevToolsPropertyDefaultsPostProcessor [DeferredLog.java:227] For additional web related logging consider setting the 'logging.level.web' property to 'DEBUG'
2024-04-06 21:17:30,270 INFO [restartedMain] o.s.c.s.PostProcessorRegistrationDelegate$BeanPostProcessorChecker [PostProcessorRegistrationDelegate.java:330] Bean 'org.springframework.ws.config.annotation.DelegatingWsConfiguration' of type [org.springframework.ws.config.annotation.DelegatingWsConfiguration$$EnhancerBySpringCGLIB$$e14729fb] is not eligible for getting processed by all BeanPostProcessors (for example: not eligible for auto-proxying)
2024-04-06 21:17:30,326 INFO [restartedMain] o.s.w.s.a.s.AnnotationActionEndpointMapping [AbstractAddressingEndpointMapping.java:236] Supporting [WS-Addressing August 2004, WS-Addressing 1.0]
2024-04-06 21:17:31,224 INFO [restartedMain] o.s.b.w.e.t.TomcatWebServer [TomcatWebServer.java:90] Tomcat initialized with port(s): 8080 (http)
2024-04-06 21:17:31,246 INFO [restartedMain] o.a.c.h.Http11NioProtocol [DirectJDKLog.java:173] Initializing ProtocolHandler ["http-nio-8080"]
2024-04-06 21:17:31,262 INFO [restartedMain] o.a.c.c.StandardService [DirectJDKLog.java:173] Starting service [Tomcat]
2024-04-06 21:17:31,263 INFO [restartedMain] o.a.c.c.StandardEngine [DirectJDKLog.java:173] Starting Servlet engine: [Apache Tomcat/9.0.19]
2024-04-06 21:17:31,519 INFO [restartedMain] o.a.c.c.C.[.[.[/community] [DirectJDKLog.java:173] Initializing Spring embedded WebApplicationContext
2024-04-06 21:17:31,520 INFO [restartedMain] o.s.w.c.ContextLoader [ServletWebServerApplicationContext.java:296] Root WebApplicationContext: initialization completed in 3172 ms
2024-04-06 21:17:32,710 INFO [restartedMain] o.s.s.c.ThreadPoolTaskExecutor [ExecutorConfigurationSupport.java:171] Initializing ExecutorService 'applicationTaskExecutor'
2024-04-06 21:17:32,895 INFO [restartedMain] o.s.b.a.w.s.WelcomePageHandlerMapping [WelcomePageHandlerMapping.java:61] Adding welcome page template: index
2024-04-06 21:17:33,257 INFO [restartedMain] o.s.b.d.a.OptionalLiveReloadServer [OptionalLiveReloadServer.java:57] LiveReload server is running on port 35729
2024-04-06 21:17:33,299 INFO [restartedMain] o.a.c.h.Http11NioProtocol [DirectJDKLog.java:173] Starting ProtocolHandler ["http-nio-8080"]
2024-04-06 21:17:33,335 INFO [restartedMain] o.s.b.w.e.t.TomcatWebServer [TomcatWebServer.java:204] Tomcat started on port(s): 8080 (http) with context path '/community'
2024-04-06 21:17:33,339 INFO [restartedMain] c.n.c.c.CommunityApplication [StartupInfoLogger.java:59] Started CommunityApplication in 5.927 seconds (JVM running for 8.743)
2024-04-06 21:18:10,443 INFO [http-nio-8080-exec-1] o.a.c.c.C.[.[.[/community] [DirectJDKLog.java:173] Initializing Spring DispatcherServlet 'dispatcherServlet'
2024-04-06 21:18:10,444 INFO [http-nio-8080-exec-1] o.s.w.s.DispatcherServlet [FrameworkServlet.java:524] Initializing Servlet 'dispatcherServlet'
2024-04-06 21:18:10,466 INFO [http-nio-8080-exec-1] o.s.w.s.DispatcherServlet [FrameworkServlet.java:546] Completed initialization in 21 ms
2024-04-06 21:18:10,498 INFO [http-nio-8080-exec-1] c.n.c.c.a.ServiceLogAspect [ServiceLogAspect.java:54] 用户[0:0:0:0:0:0:0:1],在[2024-04-06 21:18:10],访问了[com.nowcoder.community.community.service.UserService.findLoginTicket].
2024-04-06 21:18:10,537 INFO [http-nio-8080-exec-1] c.z.h.HikariDataSource [HikariDataSource.java:110] HikariPool-1 - Starting...
2024-04-06 21:18:10,827 INFO [http-nio-8080-exec-1] c.z.h.HikariDataSource [HikariDataSource.java:123] HikariPool-1 - Start completed.
2024-04-06 21:18:10,902 INFO [http-nio-8080-exec-1] c.n.c.c.a.ServiceLogAspect [ServiceLogAspect.java:54] 用户[0:0:0:0:0:0:0:1],在[2024-04-06 21:18:10],访问了[com.nowcoder.community.community.service.UserService.findUserById].
2024-04-06 21:18:10,950 INFO [http-nio-8080-exec-1] c.n.c.c.a.ServiceLogAspect [ServiceLogAspect.java:54] 用户[0:0:0:0:0:0:0:1],在[2024-04-06 21:18:10],访问了[com.nowcoder.community.community.service.UserService.findLoginTicket].
2024-04-06 21:18:10,955 INFO [http-nio-8080-exec-1] c.n.c.c.a.ServiceLogAspect [ServiceLogAspect.java:54] 用户[0:0:0:0:0:0:0:1],在[2024-04-06 21:18:10],访问了[com.nowcoder.community.community.service.UserService.findUserById].
2024-04-06 21:18:10,979 INFO [http-nio-8080-exec-1] c.n.c.c.a.ServiceLogAspect [ServiceLogAspect.java:54] 用户[0:0:0:0:0:0:0:1],在[2024-04-06 21:18:10],访问了[com.nowcoder.community.community.service.DiscussPostService.findDiscussPostRows].
2024-04-06 21:18:11,015 INFO [http-nio-8080-exec-1] c.n.c.c.a.ServiceLogAspect [ServiceLogAspect.java:54] 用户[0:0:0:0:0:0:0:1],在[2024-04-06 21:18:11],访问了[com.nowcoder.community.community.service.DiscussPostService.findDiscussPosts].
2024-04-06 21:18:11,026 INFO [http-nio-8080-exec-1] c.n.c.c.a.ServiceLogAspect [ServiceLogAspect.java:54] 用户[0:0:0:0:0:0:0:1],在[2024-04-06 21:18:11],访问了[com.nowcoder.community.community.service.UserService.findUserById].
2024-04-06 21:18:11,032 INFO [http-nio-8080-exec-1] c.n.c.c.a.ServiceLogAspect [ServiceLogAspect.java:54] 用户[0:0:0:0:0:0:0:1],在[2024-04-06 21:18:11],访问了[com.nowcoder.community.community.service.UserService.findUserById].
2024-04-06 21:18:11,036 INFO [http-nio-8080-exec-1] c.n.c.c.a.ServiceLogAspect [ServiceLogAspect.java:54] 用户[0:0:0:0:0:0:0:1],在[2024-04-06 21:18:11],访问了[com.nowcoder.community.community.service.UserService.findUserById].
2024-04-06 21:18:11,040 INFO [http-nio-8080-exec-1] c.n.c.c.a.ServiceLogAspect [ServiceLogAspect.java:54] 用户[0:0:0:0:0:0:0:1],在[2024-04-06 21:18:11],访问了[com.nowcoder.community.community.service.UserService.findUserById].
2024-04-06 21:18:11,046 INFO [http-nio-8080-exec-1] c.n.c.c.a.ServiceLogAspect [ServiceLogAspect.java:54] 用户[0:0:0:0:0:0:0:1],在[2024-04-06 21:18:11],访问了[com.nowcoder.community.community.service.UserService.findUserById].
2024-04-06 21:18:11,050 INFO [http-nio-8080-exec-1] c.n.c.c.a.ServiceLogAspect [ServiceLogAspect.java:54] 用户[0:0:0:0:0:0:0:1],在[2024-04-06 21:18:11],访问了[com.nowcoder.community.community.service.UserService.findUserById].
2024-04-06 21:18:11,053 INFO [http-nio-8080-exec-1] c.n.c.c.a.ServiceLogAspect [ServiceLogAspect.java:54] 用户[0:0:0:0:0:0:0:1],在[2024-04-06 21:18:11],访问了[com.nowcoder.community.community.service.UserService.findUserById].
2024-04-06 21:18:11,056 INFO [http-nio-8080-exec-1] c.n.c.c.a.ServiceLogAspect [ServiceLogAspect.java:54] 用户[0:0:0:0:0:0:0:1],在[2024-04-06 21:18:11],访问了[com.nowcoder.community.community.service.UserService.findUserById].
2024-04-06 21:18:11,061 INFO [http-nio-8080-exec-1] c.n.c.c.a.ServiceLogAspect [ServiceLogAspect.java:54] 用户[0:0:0:0:0:0:0:1],在[2024-04-06 21:18:11],访问了[com.nowcoder.community.community.service.UserService.findUserById].
2024-04-06 21:18:11,066 INFO [http-nio-8080-exec-1] c.n.c.c.a.ServiceLogAspect [ServiceLogAspect.java:54] 用户[0:0:0:0:0:0:0:1],在[2024-04-06 21:18:11],访问了[com.nowcoder.community.community.service.UserService.findUserById].
2024-04-06 21:18:41,277 INFO [http-nio-8080-exec-6] c.n.c.c.a.ServiceLogAspect [ServiceLogAspect.java:54] 用户[127.0.0.1],在[2024-04-06 21:18:41],访问了[com.nowcoder.community.community.service.DiscussPostService.findDiscussPostRows].
2024-04-06 21:18:41,286 INFO [http-nio-8080-exec-6] c.n.c.c.a.ServiceLogAspect [ServiceLogAspect.java:54] 用户[127.0.0.1],在[2024-04-06 21:18:41],访问了[com.nowcoder.community.community.service.DiscussPostService.findDiscussPosts].
2024-04-06 21:18:41,302 INFO [http-nio-8080-exec-6] c.n.c.c.a.ServiceLogAspect [ServiceLogAspect.java:54] 用户[127.0.0.1],在[2024-04-06 21:18:41],访问了[com.nowcoder.community.community.service.UserService.findUserById].
2024-04-06 21:18:41,310 INFO [http-nio-8080-exec-6] c.n.c.c.a.ServiceLogAspect [ServiceLogAspect.java:54] 用户[127.0.0.1],在[2024-04-06 21:18:41],访问了[com.nowcoder.community.community.service.UserService.findUserById].
2024-04-06 21:18:41,314 INFO [http-nio-8080-exec-6] c.n.c.c.a.ServiceLogAspect [ServiceLogAspect.java:54] 用户[127.0.0.1],在[2024-04-06 21:18:41],访问了[com.nowcoder.community.community.service.UserService.findUserById].
2024-04-06 21:18:41,318 INFO [http-nio-8080-exec-6] c.n.c.c.a.ServiceLogAspect [ServiceLogAspect.java:54] 用户[127.0.0.1],在[2024-04-06 21:18:41],访问了[com.nowcoder.community.community.service.UserService.findUserById].
2024-04-06 21:18:41,327 INFO [http-nio-8080-exec-6] c.n.c.c.a.ServiceLogAspect [ServiceLogAspect.java:54] 用户[127.0.0.1],在[2024-04-06 21:18:41],访问了[com.nowcoder.community.community.service.UserService.findUserById].
2024-04-06 21:18:41,331 INFO [http-nio-8080-exec-6] c.n.c.c.a.ServiceLogAspect [ServiceLogAspect.java:54] 用户[127.0.0.1],在[2024-04-06 21:18:41],访问了[com.nowcoder.community.community.service.UserService.findUserById].
2024-04-06 21:18:41,334 INFO [http-nio-8080-exec-6] c.n.c.c.a.ServiceLogAspect [ServiceLogAspect.java:54] 用户[127.0.0.1],在[2024-04-06 21:18:41],访问了[com.nowcoder.community.community.service.UserService.findUserById].
2024-04-06 21:18:41,340 INFO [http-nio-8080-exec-6] c.n.c.c.a.ServiceLogAspect [ServiceLogAspect.java:54] 用户[127.0.0.1],在[2024-04-06 21:18:41],访问了[com.nowcoder.community.community.service.UserService.findUserById].
2024-04-06 21:18:41,346 INFO [http-nio-8080-exec-6] c.n.c.c.a.ServiceLogAspect [ServiceLogAspect.java:54] 用户[127.0.0.1],在[2024-04-06 21:18:41],访问了[com.nowcoder.community.community.service.UserService.findUserById].
2024-04-06 21:18:41,351 INFO [http-nio-8080-exec-6] c.n.c.c.a.ServiceLogAspect [ServiceLogAspect.java:54] 用户[127.0.0.1],在[2024-04-06 21:18:41],访问了[com.nowcoder.community.community.service.UserService.findUserById].
2024-04-06 21:19:02,272 INFO [http-nio-8080-exec-1] c.n.c.c.a.ServiceLogAspect [ServiceLogAspect.java:54] 用户[127.0.0.1],在[2024-04-06 21:19:02],访问了[com.nowcoder.community.community.service.DiscussPostService.findDiscussPostRows].
2024-04-06 21:19:02,292 INFO [http-nio-8080-exec-1] c.n.c.c.a.ServiceLogAspect [ServiceLogAspect.java:54] 用户[127.0.0.1],在[2024-04-06 21:19:02],访问了[com.nowcoder.community.community.service.DiscussPostService.findDiscussPosts].
2024-04-06 21:19:02,301 INFO [http-nio-8080-exec-1] c.n.c.c.a.ServiceLogAspect [ServiceLogAspect.java:54] 用户[127.0.0.1],在[2024-04-06 21:19:02],访问了[com.nowcoder.community.community.service.UserService.findUserById].
2024-04-06 21:19:02,310 INFO [http-nio-8080-exec-1] c.n.c.c.a.ServiceLogAspect [ServiceLogAspect.java:54] 用户[127.0.0.1],在[2024-04-06 21:19:02],访问了[com.nowcoder.community.community.service.UserService.findUserById].
2024-04-06 21:19:02,315 INFO [http-nio-8080-exec-1] c.n.c.c.a.ServiceLogAspect [ServiceLogAspect.java:54] 用户[127.0.0.1],在[2024-04-06 21:19:02],访问了[com.nowcoder.community.community.service.UserService.findUserById].
2024-04-06 21:19:02,322 INFO [http-nio-8080-exec-1] c.n.c.c.a.ServiceLogAspect [ServiceLogAspect.java:54] 用户[127.0.0.1],在[2024-04-06 21:19:02],访问了[com.nowcoder.community.community.service.UserService.findUserById].
2024-04-06 21:19:02,327 INFO [http-nio-8080-exec-1] c.n.c.c.a.ServiceLogAspect [ServiceLogAspect.java:54] 用户[127.0.0.1],在[2024-04-06 21:19:02],访问了[com.nowcoder.community.community.service.UserService.findUserById].
2024-04-06 21:19:02,333 INFO [http-nio-8080-exec-1] c.n.c.c.a.ServiceLogAspect [ServiceLogAspect.java:54] 用户[127.0.0.1],在[2024-04-06 21:19:02],访问了[com.nowcoder.community.community.service.UserService.findUserById].
2024-04-06 21:19:02,339 INFO [http-nio-8080-exec-1] c.n.c.c.a.ServiceLogAspect [ServiceLogAspect.java:54] 用户[127.0.0.1],在[2024-04-06 21:19:02],访问了[com.nowcoder.community.community.service.UserService.findUserById].
2024-04-06 21:19:02,345 INFO [http-nio-8080-exec-1] c.n.c.c.a.ServiceLogAspect [ServiceLogAspect.java:54] 用户[127.0.0.1],在[2024-04-06 21:19:02],访问了[com.nowcoder.community.community.service.UserService.findUserById].
2024-04-06 21:19:02,350 INFO [http-nio-8080-exec-1] c.n.c.c.a.ServiceLogAspect [ServiceLogAspect.java:54] 用户[127.0.0.1],在[2024-04-06 21:19:02],访问了[com.nowcoder.community.community.service.UserService.findUserById].
2024-04-06 21:19:02,359 INFO [http-nio-8080-exec-1] c.n.c.c.a.ServiceLogAspect [ServiceLogAspect.java:54] 用户[127.0.0.1],在[2024-04-06 21:19:02],访问了[com.nowcoder.community.community.service.UserService.findUserById].
2024-04-06 21:19:18,014 INFO [http-nio-8080-exec-10] c.n.c.c.a.ServiceLogAspect [ServiceLogAspect.java:54] 用户[0:0:0:0:0:0:0:1],在[2024-04-06 21:19:18],访问了[com.nowcoder.community.community.service.UserService.findLoginTicket].
2024-04-06 21:19:18,022 INFO [http-nio-8080-exec-10] c.n.c.c.a.ServiceLogAspect [ServiceLogAspect.java:54] 用户[0:0:0:0:0:0:0:1],在[2024-04-06 21:19:18],访问了[com.nowcoder.community.community.service.UserService.findUserById].
2024-04-06 21:19:18,029 INFO [http-nio-8080-exec-10] c.n.c.c.a.ServiceLogAspect [ServiceLogAspect.java:54] 用户[0:0:0:0:0:0:0:1],在[2024-04-06 21:19:18],访问了[com.nowcoder.community.community.service.UserService.findLoginTicket].
2024-04-06 21:19:18,035 INFO [http-nio-8080-exec-10] c.n.c.c.a.ServiceLogAspect [ServiceLogAspect.java:54] 用户[0:0:0:0:0:0:0:1],在[2024-04-06 21:19:18],访问了[com.nowcoder.community.community.service.UserService.findUserById].
2024-04-06 21:19:18,042 INFO [http-nio-8080-exec-10] c.n.c.c.a.ServiceLogAspect [ServiceLogAspect.java:54] 用户[0:0:0:0:0:0:0:1],在[2024-04-06 21:19:18],访问了[com.nowcoder.community.community.service.DiscussPostService.findDiscussPostRows].
2024-04-06 21:19:18,047 INFO [http-nio-8080-exec-10] c.n.c.c.a.ServiceLogAspect [ServiceLogAspect.java:54] 用户[0:0:0:0:0:0:0:1],在[2024-04-06 21:19:18],访问了[com.nowcoder.community.community.service.DiscussPostService.findDiscussPosts].
2024-04-06 21:19:18,056 INFO [http-nio-8080-exec-10] c.n.c.c.a.ServiceLogAspect [ServiceLogAspect.java:54] 用户[0:0:0:0:0:0:0:1],在[2024-04-06 21:19:18],访问了[com.nowcoder.community.community.service.UserService.findUserById].
2024-04-06 21:19:18,061 INFO [http-nio-8080-exec-10] c.n.c.c.a.ServiceLogAspect [ServiceLogAspect.java:54] 用户[0:0:0:0:0:0:0:1],在[2024-04-06 21:19:18],访问了[com.nowcoder.community.community.service.UserService.findUserById].
2024-04-06 21:19:18,065 INFO [http-nio-8080-exec-10] c.n.c.c.a.ServiceLogAspect [ServiceLogAspect.java:54] 用户[0:0:0:0:0:0:0:1],在[2024-04-06 21:19:18],访问了[com.nowcoder.community.community.service.UserService.findUserById].
2024-04-06 21:19:18,070 INFO [http-nio-8080-exec-10] c.n.c.c.a.ServiceLogAspect [ServiceLogAspect.java:54] 用户[0:0:0:0:0:0:0:1],在[2024-04-06 21:19:18],访问了[com.nowcoder.community.community.service.UserService.findUserById].
2024-04-06 21:19:18,074 INFO [http-nio-8080-exec-10] c.n.c.c.a.ServiceLogAspect [ServiceLogAspect.java:54] 用户[0:0:0:0:0:0:0:1],在[2024-04-06 21:19:18],访问了[com.nowcoder.community.community.service.UserService.findUserById].
2024-04-06 21:19:18,077 INFO [http-nio-8080-exec-10] c.n.c.c.a.ServiceLogAspect [ServiceLogAspect.java:54] 用户[0:0:0:0:0:0:0:1],在[2024-04-06 21:19:18],访问了[com.nowcoder.community.community.service.UserService.findUserById].
2024-04-06 21:19:18,080 INFO [http-nio-8080-exec-10] c.n.c.c.a.ServiceLogAspect [ServiceLogAspect.java:54] 用户[0:0:0:0:0:0:0:1],在[2024-04-06 21:19:18],访问了[com.nowcoder.community.community.service.UserService.findUserById].
2024-04-06 21:19:18,084 INFO [http-nio-8080-exec-10] c.n.c.c.a.ServiceLogAspect [ServiceLogAspect.java:54] 用户[0:0:0:0:0:0:0:1],在[2024-04-06 21:19:18],访问了[com.nowcoder.community.community.service.UserService.findUserById].
2024-04-06 21:19:18,089 INFO [http-nio-8080-exec-10] c.n.c.c.a.ServiceLogAspect [ServiceLogAspect.java:54] 用户[0:0:0:0:0:0:0:1],在[2024-04-06 21:19:18],访问了[com.nowcoder.community.community.service.UserService.findUserById].
2024-04-06 21:19:18,093 INFO [http-nio-8080-exec-10] c.n.c.c.a.ServiceLogAspect [ServiceLogAspect.java:54] 用户[0:0:0:0:0:0:0:1],在[2024-04-06 21:19:18],访问了[com.nowcoder.community.community.service.UserService.findUserById].
2024-04-06 21:19:50,709 INFO [http-nio-8080-exec-8] c.n.c.c.a.ServiceLogAspect [ServiceLogAspect.java:54] 用户[127.0.0.1],在[2024-04-06 21:19:50],访问了[com.nowcoder.community.community.service.UserService.login].
2024-04-06 21:19:50,761 INFO [http-nio-8080-exec-7] c.n.c.c.a.ServiceLogAspect [ServiceLogAspect.java:54] 用户[127.0.0.1],在[2024-04-06 21:19:50],访问了[com.nowcoder.community.community.service.UserService.findLoginTicket].
2024-04-06 21:19:50,766 INFO [http-nio-8080-exec-7] c.n.c.c.a.ServiceLogAspect [ServiceLogAspect.java:54] 用户[127.0.0.1],在[2024-04-06 21:19:50],访问了[com.nowcoder.community.community.service.UserService.findUserById].
2024-04-06 21:19:50,771 INFO [http-nio-8080-exec-7] c.n.c.c.a.ServiceLogAspect [ServiceLogAspect.java:54] 用户[127.0.0.1],在[2024-04-06 21:19:50],访问了[com.nowcoder.community.community.service.DiscussPostService.findDiscussPostRows].
2024-04-06 21:19:50,775 INFO [http-nio-8080-exec-7] c.n.c.c.a.ServiceLogAspect [ServiceLogAspect.java:54] 用户[127.0.0.1],在[2024-04-06 21:19:50],访问了[com.nowcoder.community.community.service.DiscussPostService.findDiscussPosts].
2024-04-06 21:19:50,782 INFO [http-nio-8080-exec-7] c.n.c.c.a.ServiceLogAspect [ServiceLogAspect.java:54] 用户[127.0.0.1],在[2024-04-06 21:19:50],访问了[com.nowcoder.community.community.service.UserService.findUserById].
2024-04-06 21:19:50,787 INFO [http-nio-8080-exec-7] c.n.c.c.a.ServiceLogAspect [ServiceLogAspect.java:54] 用户[127.0.0.1],在[2024-04-06 21:19:50],访问了[com.nowcoder.community.community.service.UserService.findUserById].
2024-04-06 21:19:50,791 INFO [http-nio-8080-exec-7] c.n.c.c.a.ServiceLogAspect [ServiceLogAspect.java:54] 用户[127.0.0.1],在[2024-04-06 21:19:50],访问了[com.nowcoder.community.community.service.UserService.findUserById].
2024-04-06 21:19:50,794 INFO [http-nio-8080-exec-7] c.n.c.c.a.ServiceLogAspect [ServiceLogAspect.java:54] 用户[127.0.0.1],在[2024-04-06 21:19:50],访问了[com.nowcoder.community.community.service.UserService.findUserById].
2024-04-06 21:19:50,798 INFO [http-nio-8080-exec-7] c.n.c.c.a.ServiceLogAspect [ServiceLogAspect.java:54] 用户[127.0.0.1],在[2024-04-06 21:19:50],访问了[com.nowcoder.community.community.service.UserService.findUserById].
2024-04-06 21:19:50,802 INFO [http-nio-8080-exec-7] c.n.c.c.a.ServiceLogAspect [ServiceLogAspect.java:54] 用户[127.0.0.1],在[2024-04-06 21:19:50],访问了[com.nowcoder.community.community.service.UserService.findUserById].
2024-04-06 21:19:50,804 INFO [http-nio-8080-exec-7] c.n.c.c.a.ServiceLogAspect [ServiceLogAspect.java:54] 用户[127.0.0.1],在[2024-04-06 21:19:50],访问了[com.nowcoder.community.community.service.UserService.findUserById].
2024-04-06 21:19:50,806 INFO [http-nio-8080-exec-7] c.n.c.c.a.ServiceLogAspect [ServiceLogAspect.java:54] 用户[127.0.0.1],在[2024-04-06 21:19:50],访问了[com.nowcoder.community.community.service.UserService.findUserById].
2024-04-06 21:19:50,809 INFO [http-nio-8080-exec-7] c.n.c.c.a.ServiceLogAspect [ServiceLogAspect.java:54] 用户[127.0.0.1],在[2024-04-06 21:19:50],访问了[com.nowcoder.community.community.service.UserService.findUserById].
2024-04-06 21:19:50,811 INFO [http-nio-8080-exec-7] c.n.c.c.a.ServiceLogAspect [ServiceLogAspect.java:54] 用户[127.0.0.1],在[2024-04-06 21:19:50],访问了[com.nowcoder.community.community.service.UserService.findUserById].
2024-04-06 21:19:53,277 INFO [http-nio-8080-exec-2] c.n.c.c.a.ServiceLogAspect [ServiceLogAspect.java:54] 用户[127.0.0.1],在[2024-04-06 21:19:53],访问了[com.nowcoder.community.community.service.UserService.findLoginTicket].
2024-04-06 21:19:53,284 INFO [http-nio-8080-exec-2] c.n.c.c.a.ServiceLogAspect [ServiceLogAspect.java:54] 用户[127.0.0.1],在[2024-04-06 21:19:53],访问了[com.nowcoder.community.community.service.UserService.findUserById].
2024-04-06 21:19:53,289 INFO [http-nio-8080-exec-2] c.n.c.c.a.ServiceLogAspect [ServiceLogAspect.java:54] 用户[127.0.0.1],在[2024-04-06 21:19:53],访问了[com.nowcoder.community.community.service.MessageService.findConversationCount].
2024-04-06 21:19:53,301 INFO [http-nio-8080-exec-2] c.n.c.c.a.ServiceLogAspect [ServiceLogAspect.java:54] 用户[127.0.0.1],在[2024-04-06 21:19:53],访问了[com.nowcoder.community.community.service.MessageService.findConversations].
2024-04-06 21:19:53,308 INFO [http-nio-8080-exec-2] c.n.c.c.a.ServiceLogAspect [ServiceLogAspect.java:54] 用户[127.0.0.1],在[2024-04-06 21:19:53],访问了[com.nowcoder.community.community.service.MessageService.findLetterCount].
2024-04-06 21:19:53,311 INFO [http-nio-8080-exec-2] c.n.c.c.a.ServiceLogAspect [ServiceLogAspect.java:54] 用户[127.0.0.1],在[2024-04-06 21:19:53],访问了[com.nowcoder.community.community.service.MessageService.findLetterUnreadCount].
2024-04-06 21:19:53,318 INFO [http-nio-8080-exec-2] c.n.c.c.a.ServiceLogAspect [ServiceLogAspect.java:54] 用户[127.0.0.1],在[2024-04-06 21:19:53],访问了[com.nowcoder.community.community.service.UserService.findUserById].
2024-04-06 21:19:53,322 INFO [http-nio-8080-exec-2] c.n.c.c.a.ServiceLogAspect [ServiceLogAspect.java:54] 用户[127.0.0.1],在[2024-04-06 21:19:53],访问了[com.nowcoder.community.community.service.MessageService.findLetterUnreadCount].
2024-04-06 21:19:55,739 INFO [http-nio-8080-exec-9] c.n.c.c.a.ServiceLogAspect [ServiceLogAspect.java:54] 用户[127.0.0.1],在[2024-04-06 21:19:55],访问了[com.nowcoder.community.community.service.UserService.findLoginTicket].
2024-04-06 21:19:55,743 INFO [http-nio-8080-exec-9] c.n.c.c.a.ServiceLogAspect [ServiceLogAspect.java:54] 用户[127.0.0.1],在[2024-04-06 21:19:55],访问了[com.nowcoder.community.community.service.UserService.findUserById].
2024-04-06 21:19:55,758 INFO [http-nio-8080-exec-9] c.n.c.c.a.ServiceLogAspect [ServiceLogAspect.java:54] 用户[127.0.0.1],在[2024-04-06 21:19:55],访问了[com.nowcoder.community.community.service.MessageService.findLetterCount].
2024-04-06 21:19:55,763 INFO [http-nio-8080-exec-9] c.n.c.c.a.ServiceLogAspect [ServiceLogAspect.java:54] 用户[127.0.0.1],在[2024-04-06 21:19:55],访问了[com.nowcoder.community.community.service.MessageService.findLetters].
2024-04-06 21:19:55,768 INFO [http-nio-8080-exec-9] c.n.c.c.a.ServiceLogAspect [ServiceLogAspect.java:54] 用户[127.0.0.1],在[2024-04-06 21:19:55],访问了[com.nowcoder.community.community.service.UserService.findUserById].
2024-04-06 21:19:55,771 INFO [http-nio-8080-exec-9] c.n.c.c.a.ServiceLogAspect [ServiceLogAspect.java:54] 用户[127.0.0.1],在[2024-04-06 21:19:55],访问了[com.nowcoder.community.community.service.UserService.findUserById].
2024-04-06 21:19:55,774 INFO [http-nio-8080-exec-9] c.n.c.c.a.ServiceLogAspect [ServiceLogAspect.java:54] 用户[127.0.0.1],在[2024-04-06 21:19:55],访问了[com.nowcoder.community.community.service.UserService.findUserById].
2024-04-06 21:19:55,777 INFO [http-nio-8080-exec-9] c.n.c.c.a.ServiceLogAspect [ServiceLogAspect.java:54] 用户[127.0.0.1],在[2024-04-06 21:19:55],访问了[com.nowcoder.community.community.service.UserService.findUserById].
2024-04-06 21:19:55,782 INFO [http-nio-8080-exec-9] c.n.c.c.a.ServiceLogAspect [ServiceLogAspect.java:54] 用户[127.0.0.1],在[2024-04-06 21:19:55],访问了[com.nowcoder.community.community.service.UserService.findUserById].
2024-04-06 21:19:55,785 INFO [http-nio-8080-exec-9] c.n.c.c.a.ServiceLogAspect [ServiceLogAspect.java:54] 用户[127.0.0.1],在[2024-04-06 21:19:55],访问了[com.nowcoder.community.community.service.UserService.findUserById].
2024-04-06 21:20:18,202 INFO [http-nio-8080-exec-4] c.n.c.c.a.ServiceLogAspect [ServiceLogAspect.java:54] 用户[127.0.0.1],在[2024-04-06 21:20:18],访问了[com.nowcoder.community.community.service.UserService.findLoginTicket].
2024-04-06 21:20:18,220 INFO [http-nio-8080-exec-4] c.n.c.c.a.ServiceLogAspect [ServiceLogAspect.java:54] 用户[127.0.0.1],在[2024-04-06 21:20:18],访问了[com.nowcoder.community.community.service.UserService.findUserById].
2024-04-06 21:20:18,226 INFO [http-nio-8080-exec-4] c.n.c.c.a.ServiceLogAspect [ServiceLogAspect.java:54] 用户[127.0.0.1],在[2024-04-06 21:20:18],访问了[com.nowcoder.community.community.service.UserService.findUserByName].
2024-04-06 21:20:18,231 INFO [http-nio-8080-exec-4] c.n.c.c.a.ServiceLogAspect [ServiceLogAspect.java:54] 用户[127.0.0.1],在[2024-04-06 21:20:18],访问了[com.nowcoder.community.community.service.MessageService.addMessage].
2024-04-06 21:20:20,444 INFO [http-nio-8080-exec-7] c.n.c.c.a.ServiceLogAspect [ServiceLogAspect.java:54] 用户[127.0.0.1],在[2024-04-06 21:20:20],访问了[com.nowcoder.community.community.service.UserService.findLoginTicket].
2024-04-06 21:20:20,450 INFO [http-nio-8080-exec-7] c.n.c.c.a.ServiceLogAspect [ServiceLogAspect.java:54] 用户[127.0.0.1],在[2024-04-06 21:20:20],访问了[com.nowcoder.community.community.service.UserService.findUserById].
2024-04-06 21:20:20,456 INFO [http-nio-8080-exec-7] c.n.c.c.a.ServiceLogAspect [ServiceLogAspect.java:54] 用户[127.0.0.1],在[2024-04-06 21:20:20],访问了[com.nowcoder.community.community.service.MessageService.findLetterCount].
2024-04-06 21:20:20,463 INFO [http-nio-8080-exec-7] c.n.c.c.a.ServiceLogAspect [ServiceLogAspect.java:54] 用户[127.0.0.1],在[2024-04-06 21:20:20],访问了[com.nowcoder.community.community.service.MessageService.findLetters].
2024-04-06 21:20:20,468 INFO [http-nio-8080-exec-7] c.n.c.c.a.ServiceLogAspect [ServiceLogAspect.java:54] 用户[127.0.0.1],在[2024-04-06 21:20:20],访问了[com.nowcoder.community.community.service.UserService.findUserById].
2024-04-06 21:20:20,475 INFO [http-nio-8080-exec-7] c.n.c.c.a.ServiceLogAspect [ServiceLogAspect.java:54] 用户[127.0.0.1],在[2024-04-06 21:20:20],访问了[com.nowcoder.community.community.service.UserService.findUserById].
2024-04-06 21:20:20,480 INFO [http-nio-8080-exec-7] c.n.c.c.a.ServiceLogAspect [ServiceLogAspect.java:54] 用户[127.0.0.1],在[2024-04-06 21:20:20],访问了[com.nowcoder.community.community.service.UserService.findUserById].
2024-04-06 21:20:20,485 INFO [http-nio-8080-exec-7] c.n.c.c.a.ServiceLogAspect [ServiceLogAspect.java:54] 用户[127.0.0.1],在[2024-04-06 21:20:20],访问了[com.nowcoder.community.community.service.UserService.findUserById].
2024-04-06 21:20:20,489 INFO [http-nio-8080-exec-7] c.n.c.c.a.ServiceLogAspect [ServiceLogAspect.java:54] 用户[127.0.0.1],在[2024-04-06 21:20:20],访问了[com.nowcoder.community.community.service.UserService.findUserById].
2024-04-06 21:20:20,495 INFO [http-nio-8080-exec-7] c.n.c.c.a.ServiceLogAspect [ServiceLogAspect.java:54] 用户[127.0.0.1],在[2024-04-06 21:20:20],访问了[com.nowcoder.community.community.service.UserService.findUserById].
2024-04-06 21:20:22,546 INFO [http-nio-8080-exec-1] c.n.c.c.a.ServiceLogAspect [ServiceLogAspect.java:54] 用户[0:0:0:0:0:0:0:1],在[2024-04-06 21:20:22],访问了[com.nowcoder.community.community.service.UserService.findLoginTicket].
2024-04-06 21:20:22,551 INFO [http-nio-8080-exec-1] c.n.c.c.a.ServiceLogAspect [ServiceLogAspect.java:54] 用户[0:0:0:0:0:0:0:1],在[2024-04-06 21:20:22],访问了[com.nowcoder.community.community.service.UserService.findUserById].
2024-04-06 21:20:22,556 INFO [http-nio-8080-exec-1] c.n.c.c.a.ServiceLogAspect [ServiceLogAspect.java:54] 用户[0:0:0:0:0:0:0:1],在[2024-04-06 21:20:22],访问了[com.nowcoder.community.community.service.MessageService.findConversationCount].
2024-04-06 21:20:22,564 INFO [http-nio-8080-exec-1] c.n.c.c.a.ServiceLogAspect [ServiceLogAspect.java:54] 用户[0:0:0:0:0:0:0:1],在[2024-04-06 21:20:22],访问了[com.nowcoder.community.community.service.MessageService.findConversations].
2024-04-06 21:20:22,577 INFO [http-nio-8080-exec-1] c.n.c.c.a.ServiceLogAspect [ServiceLogAspect.java:54] 用户[0:0:0:0:0:0:0:1],在[2024-04-06 21:20:22],访问了[com.nowcoder.community.community.service.MessageService.findLetterCount].
2024-04-06 21:20:22,580 INFO [http-nio-8080-exec-1] c.n.c.c.a.ServiceLogAspect [ServiceLogAspect.java:54] 用户[0:0:0:0:0:0:0:1],在[2024-04-06 21:20:22],访问了[com.nowcoder.community.community.service.MessageService.findLetterUnreadCount].
2024-04-06 21:20:22,584 INFO [http-nio-8080-exec-1] c.n.c.c.a.ServiceLogAspect [ServiceLogAspect.java:54] 用户[0:0:0:0:0:0:0:1],在[2024-04-06 21:20:22],访问了[com.nowcoder.community.community.service.UserService.findUserById].
2024-04-06 21:20:22,588 INFO [http-nio-8080-exec-1] c.n.c.c.a.ServiceLogAspect [ServiceLogAspect.java:54] 用户[0:0:0:0:0:0:0:1],在[2024-04-06 21:20:22],访问了[com.nowcoder.community.community.service.MessageService.findLetterCount].
2024-04-06 21:20:22,593 INFO [http-nio-8080-exec-1] c.n.c.c.a.ServiceLogAspect [ServiceLogAspect.java:54] 用户[0:0:0:0:0:0:0:1],在[2024-04-06 21:20:22],访问了[com.nowcoder.community.community.service.MessageService.findLetterUnreadCount].
2024-04-06 21:20:22,597 INFO [http-nio-8080-exec-1] c.n.c.c.a.ServiceLogAspect [ServiceLogAspect.java:54] 用户[0:0:0:0:0:0:0:1],在[2024-04-06 21:20:22],访问了[com.nowcoder.community.community.service.UserService.findUserById].
2024-04-06 21:20:22,601 INFO [http-nio-8080-exec-1] c.n.c.c.a.ServiceLogAspect [ServiceLogAspect.java:54] 用户[0:0:0:0:0:0:0:1],在[2024-04-06 21:20:22],访问了[com.nowcoder.community.community.service.MessageService.findLetterCount].
2024-04-06 21:20:22,605 INFO [http-nio-8080-exec-1] c.n.c.c.a.ServiceLogAspect [ServiceLogAspect.java:54] 用户[0:0:0:0:0:0:0:1],在[2024-04-06 21:20:22],访问了[com.nowcoder.community.community.service.MessageService.findLetterUnreadCount].
2024-04-06 21:20:22,611 INFO [http-nio-8080-exec-1] c.n.c.c.a.ServiceLogAspect [ServiceLogAspect.java:54] 用户[0:0:0:0:0:0:0:1],在[2024-04-06 21:20:22],访问了[com.nowcoder.community.community.service.UserService.findUserById].
2024-04-06 21:20:22,615 INFO [http-nio-8080-exec-1] c.n.c.c.a.ServiceLogAspect [ServiceLogAspect.java:54] 用户[0:0:0:0:0:0:0:1],在[2024-04-06 21:20:22],访问了[com.nowcoder.community.community.service.MessageService.findLetterCount].
2024-04-06 21:20:22,619 INFO [http-nio-8080-exec-1] c.n.c.c.a.ServiceLogAspect [ServiceLogAspect.java:54] 用户[0:0:0:0:0:0:0:1],在[2024-04-06 21:20:22],访问了[com.nowcoder.community.community.service.MessageService.findLetterUnreadCount].
2024-04-06 21:20:22,621 INFO [http-nio-8080-exec-1] c.n.c.c.a.ServiceLogAspect [ServiceLogAspect.java:54] 用户[0:0:0:0:0:0:0:1],在[2024-04-06 21:20:22],访问了[com.nowcoder.community.community.service.UserService.findUserById].
2024-04-06 21:20:22,627 INFO [http-nio-8080-exec-1] c.n.c.c.a.ServiceLogAspect [ServiceLogAspect.java:54] 用户[0:0:0:0:0:0:0:1],在[2024-04-06 21:20:22],访问了[com.nowcoder.community.community.service.MessageService.findLetterCount].
2024-04-06 21:20:22,631 INFO [http-nio-8080-exec-1] c.n.c.c.a.ServiceLogAspect [ServiceLogAspect.java:54] 用户[0:0:0:0:0:0:0:1],在[2024-04-06 21:20:22],访问了[com.nowcoder.community.community.service.MessageService.findLetterUnreadCount].
2024-04-06 21:20:22,636 INFO [http-nio-8080-exec-1] c.n.c.c.a.ServiceLogAspect [ServiceLogAspect.java:54] 用户[0:0:0:0:0:0:0:1],在[2024-04-06 21:20:22],访问了[com.nowcoder.community.community.service.UserService.findUserById].
2024-04-06 21:20:22,639 INFO [http-nio-8080-exec-1] c.n.c.c.a.ServiceLogAspect [ServiceLogAspect.java:54] 用户[0:0:0:0:0:0:0:1],在[2024-04-06 21:20:22],访问了[com.nowcoder.community.community.service.MessageService.findLetterUnreadCount].
2024-04-06 21:20:25,385 INFO [http-nio-8080-exec-9] c.n.c.c.a.ServiceLogAspect [ServiceLogAspect.java:54] 用户[0:0:0:0:0:0:0:1],在[2024-04-06 21:20:25],访问了[com.nowcoder.community.community.service.UserService.findLoginTicket].
2024-04-06 21:20:25,391 INFO [http-nio-8080-exec-9] c.n.c.c.a.ServiceLogAspect [ServiceLogAspect.java:54] 用户[0:0:0:0:0:0:0:1],在[2024-04-06 21:20:25],访问了[com.nowcoder.community.community.service.UserService.findUserById].
2024-04-06 21:20:25,396 INFO [http-nio-8080-exec-9] c.n.c.c.a.ServiceLogAspect [ServiceLogAspect.java:54] 用户[0:0:0:0:0:0:0:1],在[2024-04-06 21:20:25],访问了[com.nowcoder.community.community.service.MessageService.findLetterCount].
2024-04-06 21:20:25,399 INFO [http-nio-8080-exec-9] c.n.c.c.a.ServiceLogAspect [ServiceLogAspect.java:54] 用户[0:0:0:0:0:0:0:1],在[2024-04-06 21:20:25],访问了[com.nowcoder.community.community.service.MessageService.findLetters].
2024-04-06 21:20:25,403 INFO [http-nio-8080-exec-9] c.n.c.c.a.ServiceLogAspect [ServiceLogAspect.java:54] 用户[0:0:0:0:0:0:0:1],在[2024-04-06 21:20:25],访问了[com.nowcoder.community.community.service.UserService.findUserById].
2024-04-06 21:20:25,406 INFO [http-nio-8080-exec-9] c.n.c.c.a.ServiceLogAspect [ServiceLogAspect.java:54] 用户[0:0:0:0:0:0:0:1],在[2024-04-06 21:20:25],访问了[com.nowcoder.community.community.service.UserService.findUserById].
2024-04-06 21:20:25,411 INFO [http-nio-8080-exec-9] c.n.c.c.a.ServiceLogAspect [ServiceLogAspect.java:54] 用户[0:0:0:0:0:0:0:1],在[2024-04-06 21:20:25],访问了[com.nowcoder.community.community.service.UserService.findUserById].
2024-04-06 21:20:25,414 INFO [http-nio-8080-exec-9] c.n.c.c.a.ServiceLogAspect [ServiceLogAspect.java:54] 用户[0:0:0:0:0:0:0:1],在[2024-04-06 21:20:25],访问了[com.nowcoder.community.community.service.UserService.findUserById].
2024-04-06 21:20:25,416 INFO [http-nio-8080-exec-9] c.n.c.c.a.ServiceLogAspect [ServiceLogAspect.java:54] 用户[0:0:0:0:0:0:0:1],在[2024-04-06 21:20:25],访问了[com.nowcoder.community.community.service.UserService.findUserById].
2024-04-06 21:20:25,418 INFO [http-nio-8080-exec-9] c.n.c.c.a.ServiceLogAspect [ServiceLogAspect.java:54] 用户[0:0:0:0:0:0:0:1],在[2024-04-06 21:20:25],访问了[com.nowcoder.community.community.service.UserService.findUserById].
2024-04-06 21:20:25,420 INFO [http-nio-8080-exec-9] c.n.c.c.a.ServiceLogAspect [ServiceLogAspect.java:54] 用户[0:0:0:0:0:0:0:1],在[2024-04-06 21:20:25],访问了[com.nowcoder.community.community.service.MessageService.readMessage].
2024-04-06 21:21:08,472 INFO [http-nio-8080-exec-3] c.n.c.c.a.ServiceLogAspect [ServiceLogAspect.java:54] 用户[0:0:0:0:0:0:0:1],在[2024-04-06 21:21:08],访问了[com.nowcoder.community.community.service.UserService.findLoginTicket].
2024-04-06 21:21:08,479 INFO [http-nio-8080-exec-3] c.n.c.c.a.ServiceLogAspect [ServiceLogAspect.java:54] 用户[0:0:0:0:0:0:0:1],在[2024-04-06 21:21:08],访问了[com.nowcoder.community.community.service.UserService.findUserById].
2024-04-06 21:21:08,485 INFO [http-nio-8080-exec-3] c.n.c.c.a.ServiceLogAspect [ServiceLogAspect.java:54] 用户[0:0:0:0:0:0:0:1],在[2024-04-06 21:21:08],访问了[com.nowcoder.community.community.service.MessageService.findConversationCount].
2024-04-06 21:21:08,494 INFO [http-nio-8080-exec-3] c.n.c.c.a.ServiceLogAspect [ServiceLogAspect.java:54] 用户[0:0:0:0:0:0:0:1],在[2024-04-06 21:21:08],访问了[com.nowcoder.community.community.service.MessageService.findConversations].
2024-04-06 21:21:08,501 INFO [http-nio-8080-exec-3] c.n.c.c.a.ServiceLogAspect [ServiceLogAspect.java:54] 用户[0:0:0:0:0:0:0:1],在[2024-04-06 21:21:08],访问了[com.nowcoder.community.community.service.MessageService.findLetterCount].
2024-04-06 21:21:08,505 INFO [http-nio-8080-exec-3] c.n.c.c.a.ServiceLogAspect [ServiceLogAspect.java:54] 用户[0:0:0:0:0:0:0:1],在[2024-04-06 21:21:08],访问了[com.nowcoder.community.community.service.MessageService.findLetterUnreadCount].
2024-04-06 21:21:08,510 INFO [http-nio-8080-exec-3] c.n.c.c.a.ServiceLogAspect [ServiceLogAspect.java:54] 用户[0:0:0:0:0:0:0:1],在[2024-04-06 21:21:08],访问了[com.nowcoder.community.community.service.UserService.findUserById].
2024-04-06 21:21:08,515 INFO [http-nio-8080-exec-3] c.n.c.c.a.ServiceLogAspect [ServiceLogAspect.java:54] 用户[0:0:0:0:0:0:0:1],在[2024-04-06 21:21:08],访问了[com.nowcoder.community.community.service.MessageService.findLetterCount].
2024-04-06 21:21:08,520 INFO [http-nio-8080-exec-3] c.n.c.c.a.ServiceLogAspect [ServiceLogAspect.java:54] 用户[0:0:0:0:0:0:0:1],在[2024-04-06 21:21:08],访问了[com.nowcoder.community.community.service.MessageService.findLetterUnreadCount].
2024-04-06 21:21:08,525 INFO [http-nio-8080-exec-3] c.n.c.c.a.ServiceLogAspect [ServiceLogAspect.java:54] 用户[0:0:0:0:0:0:0:1],在[2024-04-06 21:21:08],访问了[com.nowcoder.community.community.service.UserService.findUserById].
2024-04-06 21:21:08,529 INFO [http-nio-8080-exec-3] c.n.c.c.a.ServiceLogAspect [ServiceLogAspect.java:54] 用户[0:0:0:0:0:0:0:1],在[2024-04-06 21:21:08],访问了[com.nowcoder.community.community.service.MessageService.findLetterCount].
2024-04-06 21:21:08,533 INFO [http-nio-8080-exec-3] c.n.c.c.a.ServiceLogAspect [ServiceLogAspect.java:54] 用户[0:0:0:0:0:0:0:1],在[2024-04-06 21:21:08],访问了[com.nowcoder.community.community.service.MessageService.findLetterUnreadCount].
2024-04-06 21:21:08,538 INFO [http-nio-8080-exec-3] c.n.c.c.a.ServiceLogAspect [ServiceLogAspect.java:54] 用户[0:0:0:0:0:0:0:1],在[2024-04-06 21:21:08],访问了[com.nowcoder.community.community.service.UserService.findUserById].
2024-04-06 21:21:08,543 INFO [http-nio-8080-exec-3] c.n.c.c.a.ServiceLogAspect [ServiceLogAspect.java:54] 用户[0:0:0:0:0:0:0:1],在[2024-04-06 21:21:08],访问了[com.nowcoder.community.community.service.MessageService.findLetterCount].
2024-04-06 21:21:08,547 INFO [http-nio-8080-exec-3] c.n.c.c.a.ServiceLogAspect [ServiceLogAspect.java:54] 用户[0:0:0:0:0:0:0:1],在[2024-04-06 21:21:08],访问了[com.nowcoder.community.community.service.MessageService.findLetterUnreadCount].
2024-04-06 21:21:08,550 INFO [http-nio-8080-exec-3] c.n.c.c.a.ServiceLogAspect [ServiceLogAspect.java:54] 用户[0:0:0:0:0:0:0:1],在[2024-04-06 21:21:08],访问了[com.nowcoder.community.community.service.UserService.findUserById].
2024-04-06 21:21:08,554 INFO [http-nio-8080-exec-3] c.n.c.c.a.ServiceLogAspect [ServiceLogAspect.java:54] 用户[0:0:0:0:0:0:0:1],在[2024-04-06 21:21:08],访问了[com.nowcoder.community.community.service.MessageService.findLetterCount].
2024-04-06 21:21:08,558 INFO [http-nio-8080-exec-3] c.n.c.c.a.ServiceLogAspect [ServiceLogAspect.java:54] 用户[0:0:0:0:0:0:0:1],在[2024-04-06 21:21:08],访问了[com.nowcoder.community.community.service.MessageService.findLetterUnreadCount].
2024-04-06 21:21:08,562 INFO [http-nio-8080-exec-3] c.n.c.c.a.ServiceLogAspect [ServiceLogAspect.java:54] 用户[0:0:0:0:0:0:0:1],在[2024-04-06 21:21:08],访问了[com.nowcoder.community.community.service.UserService.findUserById].
2024-04-06 21:21:08,567 INFO [http-nio-8080-exec-3] c.n.c.c.a.ServiceLogAspect [ServiceLogAspect.java:54] 用户[0:0:0:0:0:0:0:1],在[2024-04-06 21:21:08],访问了[com.nowcoder.community.community.service.MessageService.findLetterUnreadCount].
2024-04-06 21:21:10,524 INFO [http-nio-8080-exec-2] c.n.c.c.a.ServiceLogAspect [ServiceLogAspect.java:54] 用户[0:0:0:0:0:0:0:1],在[2024-04-06 21:21:10],访问了[com.nowcoder.community.community.service.UserService.findLoginTicket].
2024-04-06 21:21:10,529 INFO [http-nio-8080-exec-2] c.n.c.c.a.ServiceLogAspect [ServiceLogAspect.java:54] 用户[0:0:0:0:0:0:0:1],在[2024-04-06 21:21:10],访问了[com.nowcoder.community.community.service.UserService.findUserById].
2024-04-06 21:21:10,533 INFO [http-nio-8080-exec-2] c.n.c.c.a.ServiceLogAspect [ServiceLogAspect.java:54] 用户[0:0:0:0:0:0:0:1],在[2024-04-06 21:21:10],访问了[com.nowcoder.community.community.service.MessageService.findLetterCount].
2024-04-06 21:21:10,538 INFO [http-nio-8080-exec-2] c.n.c.c.a.ServiceLogAspect [ServiceLogAspect.java:54] 用户[0:0:0:0:0:0:0:1],在[2024-04-06 21:21:10],访问了[com.nowcoder.community.community.service.MessageService.findLetters].
2024-04-06 21:21:10,541 INFO [http-nio-8080-exec-2] c.n.c.c.a.ServiceLogAspect [ServiceLogAspect.java:54] 用户[0:0:0:0:0:0:0:1],在[2024-04-06 21:21:10],访问了[com.nowcoder.community.community.service.UserService.findUserById].
2024-04-06 21:21:10,545 INFO [http-nio-8080-exec-2] c.n.c.c.a.ServiceLogAspect [ServiceLogAspect.java:54] 用户[0:0:0:0:0:0:0:1],在[2024-04-06 21:21:10],访问了[com.nowcoder.community.community.service.UserService.findUserById].
2024-04-06 21:21:10,547 INFO [http-nio-8080-exec-2] c.n.c.c.a.ServiceLogAspect [ServiceLogAspect.java:54] 用户[0:0:0:0:0:0:0:1],在[2024-04-06 21:21:10],访问了[com.nowcoder.community.community.service.UserService.findUserById].
2024-04-06 21:21:10,550 INFO [http-nio-8080-exec-2] c.n.c.c.a.ServiceLogAspect [ServiceLogAspect.java:54] 用户[0:0:0:0:0:0:0:1],在[2024-04-06 21:21:10],访问了[com.nowcoder.community.community.service.UserService.findUserById].
2024-04-06 21:21:10,553 INFO [http-nio-8080-exec-2] c.n.c.c.a.ServiceLogAspect [ServiceLogAspect.java:54] 用户[0:0:0:0:0:0:0:1],在[2024-04-06 21:21:10],访问了[com.nowcoder.community.community.service.UserService.findUserById].
2024-04-06 21:21:10,557 INFO [http-nio-8080-exec-2] c.n.c.c.a.ServiceLogAspect [ServiceLogAspect.java:54] 用户[0:0:0:0:0:0:0:1],在[2024-04-06 21:21:10],访问了[com.nowcoder.community.community.service.UserService.findUserById].
2024-04-06 21:21:36,223 INFO [http-nio-8080-exec-10] c.n.c.c.a.ServiceLogAspect [ServiceLogAspect.java:54] 用户[0:0:0:0:0:0:0:1],在[2024-04-06 21:21:36],访问了[com.nowcoder.community.community.service.UserService.findLoginTicket].
2024-04-06 21:21:36,235 INFO [http-nio-8080-exec-10] c.n.c.c.a.ServiceLogAspect [ServiceLogAspect.java:54] 用户[0:0:0:0:0:0:0:1],在[2024-04-06 21:21:36],访问了[com.nowcoder.community.community.service.UserService.findUserById].
2024-04-06 21:21:36,242 INFO [http-nio-8080-exec-10] c.n.c.c.a.ServiceLogAspect [ServiceLogAspect.java:54] 用户[0:0:0:0:0:0:0:1],在[2024-04-06 21:21:36],访问了[com.nowcoder.community.community.service.UserService.findUserByName].
2024-04-06 21:21:36,246 INFO [http-nio-8080-exec-10] c.n.c.c.a.ServiceLogAspect [ServiceLogAspect.java:54] 用户[0:0:0:0:0:0:0:1],在[2024-04-06 21:21:36],访问了[com.nowcoder.community.community.service.MessageService.addMessage].
2024-04-06 21:21:38,297 INFO [http-nio-8080-exec-6] c.n.c.c.a.ServiceLogAspect [ServiceLogAspect.java:54] 用户[0:0:0:0:0:0:0:1],在[2024-04-06 21:21:38],访问了[com.nowcoder.community.community.service.UserService.findLoginTicket].
2024-04-06 21:21:38,304 INFO [http-nio-8080-exec-6] c.n.c.c.a.ServiceLogAspect [ServiceLogAspect.java:54] 用户[0:0:0:0:0:0:0:1],在[2024-04-06 21:21:38],访问了[com.nowcoder.community.community.service.UserService.findUserById].
2024-04-06 21:21:38,310 INFO [http-nio-8080-exec-6] c.n.c.c.a.ServiceLogAspect [ServiceLogAspect.java:54] 用户[0:0:0:0:0:0:0:1],在[2024-04-06 21:21:38],访问了[com.nowcoder.community.community.service.MessageService.findLetterCount].
2024-04-06 21:21:38,313 INFO [http-nio-8080-exec-6] c.n.c.c.a.ServiceLogAspect [ServiceLogAspect.java:54] 用户[0:0:0:0:0:0:0:1],在[2024-04-06 21:21:38],访问了[com.nowcoder.community.community.service.MessageService.findLetters].
2024-04-06 21:21:38,317 INFO [http-nio-8080-exec-6] c.n.c.c.a.ServiceLogAspect [ServiceLogAspect.java:54] 用户[0:0:0:0:0:0:0:1],在[2024-04-06 21:21:38],访问了[com.nowcoder.community.community.service.UserService.findUserById].
2024-04-06 21:21:38,323 INFO [http-nio-8080-exec-6] c.n.c.c.a.ServiceLogAspect [ServiceLogAspect.java:54] 用户[0:0:0:0:0:0:0:1],在[2024-04-06 21:21:38],访问了[com.nowcoder.community.community.service.UserService.findUserById].
2024-04-06 21:21:38,325 INFO [http-nio-8080-exec-6] c.n.c.c.a.ServiceLogAspect [ServiceLogAspect.java:54] 用户[0:0:0:0:0:0:0:1],在[2024-04-06 21:21:38],访问了[com.nowcoder.community.community.service.UserService.findUserById].
2024-04-06 21:21:38,327 INFO [http-nio-8080-exec-6] c.n.c.c.a.ServiceLogAspect [ServiceLogAspect.java:54] 用户[0:0:0:0:0:0:0:1],在[2024-04-06 21:21:38],访问了[com.nowcoder.community.community.service.UserService.findUserById].
2024-04-06 21:21:38,330 INFO [http-nio-8080-exec-6] c.n.c.c.a.ServiceLogAspect [ServiceLogAspect.java:54] 用户[0:0:0:0:0:0:0:1],在[2024-04-06 21:21:38],访问了[com.nowcoder.community.community.service.UserService.findUserById].
2024-04-06 21:21:38,333 INFO [http-nio-8080-exec-6] c.n.c.c.a.ServiceLogAspect [ServiceLogAspect.java:54] 用户[0:0:0:0:0:0:0:1],在[2024-04-06 21:21:38],访问了[com.nowcoder.community.community.service.UserService.findUserById].
2024-04-06 21:22:15,040 INFO [http-nio-8080-exec-9] c.n.c.c.a.ServiceLogAspect [ServiceLogAspect.java:54] 用户[127.0.0.1],在[2024-04-06 21:22:15],访问了[com.nowcoder.community.community.service.UserService.findLoginTicket].
2024-04-06 21:22:15,051 INFO [http-nio-8080-exec-9] c.n.c.c.a.ServiceLogAspect [ServiceLogAspect.java:54] 用户[127.0.0.1],在[2024-04-06 21:22:15],访问了[com.nowcoder.community.community.service.UserService.findUserById].
2024-04-06 21:22:15,055 INFO [http-nio-8080-exec-9] c.n.c.c.a.ServiceLogAspect [ServiceLogAspect.java:54] 用户[127.0.0.1],在[2024-04-06 21:22:15],访问了[com.nowcoder.community.community.service.MessageService.findConversationCount].
2024-04-06 21:22:15,064 INFO [http-nio-8080-exec-9] c.n.c.c.a.ServiceLogAspect [ServiceLogAspect.java:54] 用户[127.0.0.1],在[2024-04-06 21:22:15],访问了[com.nowcoder.community.community.service.MessageService.findConversations].
2024-04-06 21:22:15,070 INFO [http-nio-8080-exec-9] c.n.c.c.a.ServiceLogAspect [ServiceLogAspect.java:54] 用户[127.0.0.1],在[2024-04-06 21:22:15],访问了[com.nowcoder.community.community.service.MessageService.findLetterCount].
2024-04-06 21:22:15,073 INFO [http-nio-8080-exec-9] c.n.c.c.a.ServiceLogAspect [ServiceLogAspect.java:54] 用户[127.0.0.1],在[2024-04-06 21:22:15],访问了[com.nowcoder.community.community.service.MessageService.findLetterUnreadCount].
2024-04-06 21:22:15,079 INFO [http-nio-8080-exec-9] c.n.c.c.a.ServiceLogAspect [ServiceLogAspect.java:54] 用户[127.0.0.1],在[2024-04-06 21:22:15],访问了[com.nowcoder.community.community.service.UserService.findUserById].
2024-04-06 21:22:15,085 INFO [http-nio-8080-exec-9] c.n.c.c.a.ServiceLogAspect [ServiceLogAspect.java:54] 用户[127.0.0.1],在[2024-04-06 21:22:15],访问了[com.nowcoder.community.community.service.MessageService.findLetterUnreadCount].
2024-04-06 21:23:02,780 INFO [http-nio-8080-exec-8] c.n.c.c.a.ServiceLogAspect [ServiceLogAspect.java:54] 用户[127.0.0.1],在[2024-04-06 21:23:02],访问了[com.nowcoder.community.community.service.UserService.findLoginTicket].
2024-04-06 21:23:02,784 INFO [http-nio-8080-exec-8] c.n.c.c.a.ServiceLogAspect [ServiceLogAspect.java:54] 用户[127.0.0.1],在[2024-04-06 21:23:02],访问了[com.nowcoder.community.community.service.UserService.findUserById].
2024-04-06 21:23:02,790 INFO [http-nio-8080-exec-8] c.n.c.c.a.ServiceLogAspect [ServiceLogAspect.java:54] 用户[127.0.0.1],在[2024-04-06 21:23:02],访问了[com.nowcoder.community.community.service.MessageService.findLetterCount].
2024-04-06 21:23:02,794 INFO [http-nio-8080-exec-8] c.n.c.c.a.ServiceLogAspect [ServiceLogAspect.java:54] 用户[127.0.0.1],在[2024-04-06 21:23:02],访问了[com.nowcoder.community.community.service.MessageService.findLetters].
2024-04-06 21:23:02,797 INFO [http-nio-8080-exec-8] c.n.c.c.a.ServiceLogAspect [ServiceLogAspect.java:54] 用户[127.0.0.1],在[2024-04-06 21:23:02],访问了[com.nowcoder.community.community.service.UserService.findUserById].
2024-04-06 21:23:02,801 INFO [http-nio-8080-exec-8] c.n.c.c.a.ServiceLogAspect [ServiceLogAspect.java:54] 用户[127.0.0.1],在[2024-04-06 21:23:02],访问了[com.nowcoder.community.community.service.UserService.findUserById].
2024-04-06 21:23:02,805 INFO [http-nio-8080-exec-8] c.n.c.c.a.ServiceLogAspect [ServiceLogAspect.java:54] 用户[127.0.0.1],在[2024-04-06 21:23:02],访问了[com.nowcoder.community.community.service.UserService.findUserById].
2024-04-06 21:23:02,809 INFO [http-nio-8080-exec-8] c.n.c.c.a.ServiceLogAspect [ServiceLogAspect.java:54] 用户[127.0.0.1],在[2024-04-06 21:23:02],访问了[com.nowcoder.community.community.service.UserService.findUserById].
2024-04-06 21:23:02,811 INFO [http-nio-8080-exec-8] c.n.c.c.a.ServiceLogAspect [ServiceLogAspect.java:54] 用户[127.0.0.1],在[2024-04-06 21:23:02],访问了[com.nowcoder.community.community.service.UserService.findUserById].
2024-04-06 21:23:02,813 INFO [http-nio-8080-exec-8] c.n.c.c.a.ServiceLogAspect [ServiceLogAspect.java:54] 用户[127.0.0.1],在[2024-04-06 21:23:02],访问了[com.nowcoder.community.community.service.UserService.findUserById].
2024-04-06 21:23:02,815 INFO [http-nio-8080-exec-8] c.n.c.c.a.ServiceLogAspect [ServiceLogAspect.java:54] 用户[127.0.0.1],在[2024-04-06 21:23:02],访问了[com.nowcoder.community.community.service.MessageService.readMessage].
2024-04-06 21:23:28,862 INFO [http-nio-8080-exec-4] c.n.c.c.a.ServiceLogAspect [ServiceLogAspect.java:54] 用户[127.0.0.1],在[2024-04-06 21:23:28],访问了[com.nowcoder.community.community.service.UserService.findLoginTicket].
2024-04-06 21:23:28,869 INFO [http-nio-8080-exec-4] c.n.c.c.a.ServiceLogAspect [ServiceLogAspect.java:54] 用户[127.0.0.1],在[2024-04-06 21:23:28],访问了[com.nowcoder.community.community.service.UserService.findUserById].
2024-04-06 21:23:28,876 INFO [http-nio-8080-exec-4] c.n.c.c.a.ServiceLogAspect [ServiceLogAspect.java:54] 用户[127.0.0.1],在[2024-04-06 21:23:28],访问了[com.nowcoder.community.community.service.MessageService.findConversationCount].
2024-04-06 21:23:28,884 INFO [http-nio-8080-exec-4] c.n.c.c.a.ServiceLogAspect [ServiceLogAspect.java:54] 用户[127.0.0.1],在[2024-04-06 21:23:28],访问了[com.nowcoder.community.community.service.MessageService.findConversations].
2024-04-06 21:23:28,896 INFO [http-nio-8080-exec-4] c.n.c.c.a.ServiceLogAspect [ServiceLogAspect.java:54] 用户[127.0.0.1],在[2024-04-06 21:23:28],访问了[com.nowcoder.community.community.service.MessageService.findLetterCount].
2024-04-06 21:23:28,901 INFO [http-nio-8080-exec-4] c.n.c.c.a.ServiceLogAspect [ServiceLogAspect.java:54] 用户[127.0.0.1],在[2024-04-06 21:23:28],访问了[com.nowcoder.community.community.service.MessageService.findLetterUnreadCount].
2024-04-06 21:23:28,908 INFO [http-nio-8080-exec-4] c.n.c.c.a.ServiceLogAspect [ServiceLogAspect.java:54] 用户[127.0.0.1],在[2024-04-06 21:23:28],访问了[com.nowcoder.community.community.service.UserService.findUserById].
2024-04-06 21:23:28,912 INFO [http-nio-8080-exec-4] c.n.c.c.a.ServiceLogAspect [ServiceLogAspect.java:54] 用户[127.0.0.1],在[2024-04-06 21:23:28],访问了[com.nowcoder.community.community.service.MessageService.findLetterUnreadCount].
