2024-04-07 08:38:23,693 INFO [http-nio-8080-exec-2] c.n.c.c.a.ServiceLogAspect [ServiceLogAspect.java:54] 用户[0:0:0:0:0:0:0:1],在[2024-04-07 08:38:23],访问了[com.nowcoder.community.community.service.UserService.login].
2024-04-07 08:38:23,717 INFO [http-nio-8080-exec-10] c.n.c.c.a.ServiceLogAspect [ServiceLogAspect.java:54] 用户[0:0:0:0:0:0:0:1],在[2024-04-07 08:38:23],访问了[com.nowcoder.community.community.service.UserService.findLoginTicket].
2024-04-07 08:38:23,721 INFO [http-nio-8080-exec-10] c.n.c.c.a.ServiceLogAspect [ServiceLogAspect.java:54] 用户[0:0:0:0:0:0:0:1],在[2024-04-07 08:38:23],访问了[com.nowcoder.community.community.service.UserService.findUserById].
2024-04-07 08:38:23,726 INFO [http-nio-8080-exec-10] c.n.c.c.a.ServiceLogAspect [ServiceLogAspect.java:54] 用户[0:0:0:0:0:0:0:1],在[2024-04-07 08:38:23],访问了[com.nowcoder.community.community.service.DiscussPostService.findDiscussPostRows].
2024-04-07 08:38:23,729 INFO [http-nio-8080-exec-10] c.n.c.c.a.ServiceLogAspect [ServiceLogAspect.java:54] 用户[0:0:0:0:0:0:0:1],在[2024-04-07 08:38:23],访问了[com.nowcoder.community.community.service.DiscussPostService.findDiscussPosts].
2024-04-07 08:38:23,734 INFO [http-nio-8080-exec-10] c.n.c.c.a.ServiceLogAspect [ServiceLogAspect.java:54] 用户[0:0:0:0:0:0:0:1],在[2024-04-07 08:38:23],访问了[com.nowcoder.community.community.service.UserService.findUserById].
2024-04-07 08:38:23,737 INFO [http-nio-8080-exec-10] c.n.c.c.a.ServiceLogAspect [ServiceLogAspect.java:54] 用户[0:0:0:0:0:0:0:1],在[2024-04-07 08:38:23],访问了[com.nowcoder.community.community.service.UserService.findUserById].
2024-04-07 08:38:23,739 INFO [http-nio-8080-exec-10] c.n.c.c.a.ServiceLogAspect [ServiceLogAspect.java:54] 用户[0:0:0:0:0:0:0:1],在[2024-04-07 08:38:23],访问了[com.nowcoder.community.community.service.UserService.findUserById].
2024-04-07 08:38:23,740 INFO [http-nio-8080-exec-10] c.n.c.c.a.ServiceLogAspect [ServiceLogAspect.java:54] 用户[0:0:0:0:0:0:0:1],在[2024-04-07 08:38:23],访问了[com.nowcoder.community.community.service.UserService.findUserById].
2024-04-07 08:38:23,742 INFO [http-nio-8080-exec-10] c.n.c.c.a.ServiceLogAspect [ServiceLogAspect.java:54] 用户[0:0:0:0:0:0:0:1],在[2024-04-07 08:38:23],访问了[com.nowcoder.community.community.service.UserService.findUserById].
2024-04-07 08:38:23,744 INFO [http-nio-8080-exec-10] c.n.c.c.a.ServiceLogAspect [ServiceLogAspect.java:54] 用户[0:0:0:0:0:0:0:1],在[2024-04-07 08:38:23],访问了[com.nowcoder.community.community.service.UserService.findUserById].
2024-04-07 08:38:23,746 INFO [http-nio-8080-exec-10] c.n.c.c.a.ServiceLogAspect [ServiceLogAspect.java:54] 用户[0:0:0:0:0:0:0:1],在[2024-04-07 08:38:23],访问了[com.nowcoder.community.community.service.UserService.findUserById].
2024-04-07 08:38:23,747 INFO [http-nio-8080-exec-10] c.n.c.c.a.ServiceLogAspect [ServiceLogAspect.java:54] 用户[0:0:0:0:0:0:0:1],在[2024-04-07 08:38:23],访问了[com.nowcoder.community.community.service.UserService.findUserById].
2024-04-07 08:38:23,752 INFO [http-nio-8080-exec-10] c.n.c.c.a.ServiceLogAspect [ServiceLogAspect.java:54] 用户[0:0:0:0:0:0:0:1],在[2024-04-07 08:38:23],访问了[com.nowcoder.community.community.service.UserService.findUserById].
2024-04-07 08:38:23,755 INFO [http-nio-8080-exec-10] c.n.c.c.a.ServiceLogAspect [ServiceLogAspect.java:54] 用户[0:0:0:0:0:0:0:1],在[2024-04-07 08:38:23],访问了[com.nowcoder.community.community.service.UserService.findUserById].
2024-04-07 08:38:25,254 INFO [http-nio-8080-exec-5] c.n.c.c.a.ServiceLogAspect [ServiceLogAspect.java:54] 用户[0:0:0:0:0:0:0:1],在[2024-04-07 08:38:25],访问了[com.nowcoder.community.community.service.UserService.findLoginTicket].
2024-04-07 08:38:25,260 INFO [http-nio-8080-exec-5] c.n.c.c.a.ServiceLogAspect [ServiceLogAspect.java:54] 用户[0:0:0:0:0:0:0:1],在[2024-04-07 08:38:25],访问了[com.nowcoder.community.community.service.UserService.findUserById].
2024-04-07 08:38:25,266 INFO [http-nio-8080-exec-5] c.n.c.c.a.ServiceLogAspect [ServiceLogAspect.java:54] 用户[0:0:0:0:0:0:0:1],在[2024-04-07 08:38:25],访问了[com.nowcoder.community.community.service.MessageService.findConversationCount].
2024-04-07 08:38:25,272 INFO [http-nio-8080-exec-5] c.n.c.c.a.ServiceLogAspect [ServiceLogAspect.java:54] 用户[0:0:0:0:0:0:0:1],在[2024-04-07 08:38:25],访问了[com.nowcoder.community.community.service.MessageService.findConversations].
2024-04-07 08:38:25,278 INFO [http-nio-8080-exec-5] c.n.c.c.a.ServiceLogAspect [ServiceLogAspect.java:54] 用户[0:0:0:0:0:0:0:1],在[2024-04-07 08:38:25],访问了[com.nowcoder.community.community.service.MessageService.findLetterCount].
2024-04-07 08:38:25,280 INFO [http-nio-8080-exec-5] c.n.c.c.a.ServiceLogAspect [ServiceLogAspect.java:54] 用户[0:0:0:0:0:0:0:1],在[2024-04-07 08:38:25],访问了[com.nowcoder.community.community.service.MessageService.findLetterUnreadCount].
2024-04-07 08:38:25,285 INFO [http-nio-8080-exec-5] c.n.c.c.a.ServiceLogAspect [ServiceLogAspect.java:54] 用户[0:0:0:0:0:0:0:1],在[2024-04-07 08:38:25],访问了[com.nowcoder.community.community.service.UserService.findUserById].
2024-04-07 08:38:25,288 INFO [http-nio-8080-exec-5] c.n.c.c.a.ServiceLogAspect [ServiceLogAspect.java:54] 用户[0:0:0:0:0:0:0:1],在[2024-04-07 08:38:25],访问了[com.nowcoder.community.community.service.MessageService.findLetterCount].
2024-04-07 08:38:25,291 INFO [http-nio-8080-exec-5] c.n.c.c.a.ServiceLogAspect [ServiceLogAspect.java:54] 用户[0:0:0:0:0:0:0:1],在[2024-04-07 08:38:25],访问了[com.nowcoder.community.community.service.MessageService.findLetterUnreadCount].
2024-04-07 08:38:25,294 INFO [http-nio-8080-exec-5] c.n.c.c.a.ServiceLogAspect [ServiceLogAspect.java:54] 用户[0:0:0:0:0:0:0:1],在[2024-04-07 08:38:25],访问了[com.nowcoder.community.community.service.UserService.findUserById].
2024-04-07 08:38:25,297 INFO [http-nio-8080-exec-5] c.n.c.c.a.ServiceLogAspect [ServiceLogAspect.java:54] 用户[0:0:0:0:0:0:0:1],在[2024-04-07 08:38:25],访问了[com.nowcoder.community.community.service.MessageService.findLetterCount].
2024-04-07 08:38:25,300 INFO [http-nio-8080-exec-5] c.n.c.c.a.ServiceLogAspect [ServiceLogAspect.java:54] 用户[0:0:0:0:0:0:0:1],在[2024-04-07 08:38:25],访问了[com.nowcoder.community.community.service.MessageService.findLetterUnreadCount].
2024-04-07 08:38:25,303 INFO [http-nio-8080-exec-5] c.n.c.c.a.ServiceLogAspect [ServiceLogAspect.java:54] 用户[0:0:0:0:0:0:0:1],在[2024-04-07 08:38:25],访问了[com.nowcoder.community.community.service.UserService.findUserById].
2024-04-07 08:38:25,306 INFO [http-nio-8080-exec-5] c.n.c.c.a.ServiceLogAspect [ServiceLogAspect.java:54] 用户[0:0:0:0:0:0:0:1],在[2024-04-07 08:38:25],访问了[com.nowcoder.community.community.service.MessageService.findLetterCount].
2024-04-07 08:38:25,309 INFO [http-nio-8080-exec-5] c.n.c.c.a.ServiceLogAspect [ServiceLogAspect.java:54] 用户[0:0:0:0:0:0:0:1],在[2024-04-07 08:38:25],访问了[com.nowcoder.community.community.service.MessageService.findLetterUnreadCount].
2024-04-07 08:38:25,311 INFO [http-nio-8080-exec-5] c.n.c.c.a.ServiceLogAspect [ServiceLogAspect.java:54] 用户[0:0:0:0:0:0:0:1],在[2024-04-07 08:38:25],访问了[com.nowcoder.community.community.service.UserService.findUserById].
2024-04-07 08:38:25,314 INFO [http-nio-8080-exec-5] c.n.c.c.a.ServiceLogAspect [ServiceLogAspect.java:54] 用户[0:0:0:0:0:0:0:1],在[2024-04-07 08:38:25],访问了[com.nowcoder.community.community.service.MessageService.findLetterCount].
2024-04-07 08:38:25,319 INFO [http-nio-8080-exec-5] c.n.c.c.a.ServiceLogAspect [ServiceLogAspect.java:54] 用户[0:0:0:0:0:0:0:1],在[2024-04-07 08:38:25],访问了[com.nowcoder.community.community.service.MessageService.findLetterUnreadCount].
2024-04-07 08:38:25,322 INFO [http-nio-8080-exec-5] c.n.c.c.a.ServiceLogAspect [ServiceLogAspect.java:54] 用户[0:0:0:0:0:0:0:1],在[2024-04-07 08:38:25],访问了[com.nowcoder.community.community.service.UserService.findUserById].
2024-04-07 08:38:25,324 INFO [http-nio-8080-exec-5] c.n.c.c.a.ServiceLogAspect [ServiceLogAspect.java:54] 用户[0:0:0:0:0:0:0:1],在[2024-04-07 08:38:25],访问了[com.nowcoder.community.community.service.MessageService.findLetterUnreadCount].
2024-04-07 08:38:27,073 INFO [http-nio-8080-exec-6] c.n.c.c.a.ServiceLogAspect [ServiceLogAspect.java:54] 用户[0:0:0:0:0:0:0:1],在[2024-04-07 08:38:27],访问了[com.nowcoder.community.community.service.UserService.findLoginTicket].
2024-04-07 08:38:27,079 INFO [http-nio-8080-exec-6] c.n.c.c.a.ServiceLogAspect [ServiceLogAspect.java:54] 用户[0:0:0:0:0:0:0:1],在[2024-04-07 08:38:27],访问了[com.nowcoder.community.community.service.UserService.findUserById].
2024-04-07 08:38:27,085 INFO [http-nio-8080-exec-6] c.n.c.c.a.ServiceLogAspect [ServiceLogAspect.java:54] 用户[0:0:0:0:0:0:0:1],在[2024-04-07 08:38:27],访问了[com.nowcoder.community.community.service.MessageService.findLetterCount].
2024-04-07 08:38:27,089 INFO [http-nio-8080-exec-6] c.n.c.c.a.ServiceLogAspect [ServiceLogAspect.java:54] 用户[0:0:0:0:0:0:0:1],在[2024-04-07 08:38:27],访问了[com.nowcoder.community.community.service.MessageService.findLetters].
2024-04-07 08:38:27,091 INFO [http-nio-8080-exec-6] c.n.c.c.a.ServiceLogAspect [ServiceLogAspect.java:54] 用户[0:0:0:0:0:0:0:1],在[2024-04-07 08:38:27],访问了[com.nowcoder.community.community.service.UserService.findUserById].
2024-04-07 08:38:27,095 INFO [http-nio-8080-exec-6] c.n.c.c.a.ServiceLogAspect [ServiceLogAspect.java:54] 用户[0:0:0:0:0:0:0:1],在[2024-04-07 08:38:27],访问了[com.nowcoder.community.community.service.UserService.findUserById].
2024-04-07 08:38:27,097 INFO [http-nio-8080-exec-6] c.n.c.c.a.ServiceLogAspect [ServiceLogAspect.java:54] 用户[0:0:0:0:0:0:0:1],在[2024-04-07 08:38:27],访问了[com.nowcoder.community.community.service.UserService.findUserById].
2024-04-07 08:38:27,100 INFO [http-nio-8080-exec-6] c.n.c.c.a.ServiceLogAspect [ServiceLogAspect.java:54] 用户[0:0:0:0:0:0:0:1],在[2024-04-07 08:38:27],访问了[com.nowcoder.community.community.service.UserService.findUserById].
2024-04-07 08:38:27,103 INFO [http-nio-8080-exec-6] c.n.c.c.a.ServiceLogAspect [ServiceLogAspect.java:54] 用户[0:0:0:0:0:0:0:1],在[2024-04-07 08:38:27],访问了[com.nowcoder.community.community.service.UserService.findUserById].
2024-04-07 08:38:27,105 INFO [http-nio-8080-exec-6] c.n.c.c.a.ServiceLogAspect [ServiceLogAspect.java:54] 用户[0:0:0:0:0:0:0:1],在[2024-04-07 08:38:27],访问了[com.nowcoder.community.community.service.UserService.findUserById].
2024-04-07 08:38:49,343 INFO [http-nio-8080-exec-8] c.n.c.c.a.ServiceLogAspect [ServiceLogAspect.java:54] 用户[0:0:0:0:0:0:0:1],在[2024-04-07 08:38:49],访问了[com.nowcoder.community.community.service.UserService.findLoginTicket].
2024-04-07 08:38:49,350 INFO [http-nio-8080-exec-8] c.n.c.c.a.ServiceLogAspect [ServiceLogAspect.java:54] 用户[0:0:0:0:0:0:0:1],在[2024-04-07 08:38:49],访问了[com.nowcoder.community.community.service.UserService.findUserById].
2024-04-07 08:38:49,354 INFO [http-nio-8080-exec-8] c.n.c.c.a.ServiceLogAspect [ServiceLogAspect.java:54] 用户[0:0:0:0:0:0:0:1],在[2024-04-07 08:38:49],访问了[com.nowcoder.community.community.service.DiscussPostService.findDiscussPostRows].
2024-04-07 08:38:49,359 INFO [http-nio-8080-exec-8] c.n.c.c.a.ServiceLogAspect [ServiceLogAspect.java:54] 用户[0:0:0:0:0:0:0:1],在[2024-04-07 08:38:49],访问了[com.nowcoder.community.community.service.DiscussPostService.findDiscussPosts].
2024-04-07 08:38:49,363 INFO [http-nio-8080-exec-8] c.n.c.c.a.ServiceLogAspect [ServiceLogAspect.java:54] 用户[0:0:0:0:0:0:0:1],在[2024-04-07 08:38:49],访问了[com.nowcoder.community.community.service.UserService.findUserById].
2024-04-07 08:38:49,368 INFO [http-nio-8080-exec-8] c.n.c.c.a.ServiceLogAspect [ServiceLogAspect.java:54] 用户[0:0:0:0:0:0:0:1],在[2024-04-07 08:38:49],访问了[com.nowcoder.community.community.service.UserService.findUserById].
2024-04-07 08:38:49,370 INFO [http-nio-8080-exec-8] c.n.c.c.a.ServiceLogAspect [ServiceLogAspect.java:54] 用户[0:0:0:0:0:0:0:1],在[2024-04-07 08:38:49],访问了[com.nowcoder.community.community.service.UserService.findUserById].
2024-04-07 08:38:49,372 INFO [http-nio-8080-exec-8] c.n.c.c.a.ServiceLogAspect [ServiceLogAspect.java:54] 用户[0:0:0:0:0:0:0:1],在[2024-04-07 08:38:49],访问了[com.nowcoder.community.community.service.UserService.findUserById].
2024-04-07 08:38:49,375 INFO [http-nio-8080-exec-8] c.n.c.c.a.ServiceLogAspect [ServiceLogAspect.java:54] 用户[0:0:0:0:0:0:0:1],在[2024-04-07 08:38:49],访问了[com.nowcoder.community.community.service.UserService.findUserById].
2024-04-07 08:38:49,377 INFO [http-nio-8080-exec-8] c.n.c.c.a.ServiceLogAspect [ServiceLogAspect.java:54] 用户[0:0:0:0:0:0:0:1],在[2024-04-07 08:38:49],访问了[com.nowcoder.community.community.service.UserService.findUserById].
2024-04-07 08:38:49,379 INFO [http-nio-8080-exec-8] c.n.c.c.a.ServiceLogAspect [ServiceLogAspect.java:54] 用户[0:0:0:0:0:0:0:1],在[2024-04-07 08:38:49],访问了[com.nowcoder.community.community.service.UserService.findUserById].
2024-04-07 08:38:49,382 INFO [http-nio-8080-exec-8] c.n.c.c.a.ServiceLogAspect [ServiceLogAspect.java:54] 用户[0:0:0:0:0:0:0:1],在[2024-04-07 08:38:49],访问了[com.nowcoder.community.community.service.UserService.findUserById].
2024-04-07 08:38:49,384 INFO [http-nio-8080-exec-8] c.n.c.c.a.ServiceLogAspect [ServiceLogAspect.java:54] 用户[0:0:0:0:0:0:0:1],在[2024-04-07 08:38:49],访问了[com.nowcoder.community.community.service.UserService.findUserById].
2024-04-07 08:38:49,385 INFO [http-nio-8080-exec-8] c.n.c.c.a.ServiceLogAspect [ServiceLogAspect.java:54] 用户[0:0:0:0:0:0:0:1],在[2024-04-07 08:38:49],访问了[com.nowcoder.community.community.service.UserService.findUserById].
2024-04-07 09:42:18,361 INFO [http-nio-8080-exec-8] c.n.c.c.a.ServiceLogAspect [ServiceLogAspect.java:54] 用户[0:0:0:0:0:0:0:1],在[2024-04-07 09:42:18],访问了[com.nowcoder.community.community.service.UserService.findLoginTicket].
2024-04-07 09:42:18,389 INFO [http-nio-8080-exec-8] c.n.c.c.a.ServiceLogAspect [ServiceLogAspect.java:54] 用户[0:0:0:0:0:0:0:1],在[2024-04-07 09:42:18],访问了[com.nowcoder.community.community.service.UserService.findUserById].
2024-04-07 09:42:18,396 INFO [http-nio-8080-exec-8] c.n.c.c.a.ServiceLogAspect [ServiceLogAspect.java:54] 用户[0:0:0:0:0:0:0:1],在[2024-04-07 09:42:18],访问了[com.nowcoder.community.community.service.MessageService.findConversationCount].
2024-04-07 09:42:18,408 INFO [http-nio-8080-exec-8] c.n.c.c.a.ServiceLogAspect [ServiceLogAspect.java:54] 用户[0:0:0:0:0:0:0:1],在[2024-04-07 09:42:18],访问了[com.nowcoder.community.community.service.MessageService.findConversations].
2024-04-07 09:42:18,416 INFO [http-nio-8080-exec-8] c.n.c.c.a.ServiceLogAspect [ServiceLogAspect.java:54] 用户[0:0:0:0:0:0:0:1],在[2024-04-07 09:42:18],访问了[com.nowcoder.community.community.service.MessageService.findLetterCount].
2024-04-07 09:42:18,420 INFO [http-nio-8080-exec-8] c.n.c.c.a.ServiceLogAspect [ServiceLogAspect.java:54] 用户[0:0:0:0:0:0:0:1],在[2024-04-07 09:42:18],访问了[com.nowcoder.community.community.service.MessageService.findLetterUnreadCount].
2024-04-07 09:42:18,426 INFO [http-nio-8080-exec-8] c.n.c.c.a.ServiceLogAspect [ServiceLogAspect.java:54] 用户[0:0:0:0:0:0:0:1],在[2024-04-07 09:42:18],访问了[com.nowcoder.community.community.service.UserService.findUserById].
2024-04-07 09:42:18,430 INFO [http-nio-8080-exec-8] c.n.c.c.a.ServiceLogAspect [ServiceLogAspect.java:54] 用户[0:0:0:0:0:0:0:1],在[2024-04-07 09:42:18],访问了[com.nowcoder.community.community.service.MessageService.findLetterCount].
2024-04-07 09:42:18,434 INFO [http-nio-8080-exec-8] c.n.c.c.a.ServiceLogAspect [ServiceLogAspect.java:54] 用户[0:0:0:0:0:0:0:1],在[2024-04-07 09:42:18],访问了[com.nowcoder.community.community.service.MessageService.findLetterUnreadCount].
2024-04-07 09:42:18,439 INFO [http-nio-8080-exec-8] c.n.c.c.a.ServiceLogAspect [ServiceLogAspect.java:54] 用户[0:0:0:0:0:0:0:1],在[2024-04-07 09:42:18],访问了[com.nowcoder.community.community.service.UserService.findUserById].
2024-04-07 09:42:18,444 INFO [http-nio-8080-exec-8] c.n.c.c.a.ServiceLogAspect [ServiceLogAspect.java:54] 用户[0:0:0:0:0:0:0:1],在[2024-04-07 09:42:18],访问了[com.nowcoder.community.community.service.MessageService.findLetterCount].
2024-04-07 09:42:18,448 INFO [http-nio-8080-exec-8] c.n.c.c.a.ServiceLogAspect [ServiceLogAspect.java:54] 用户[0:0:0:0:0:0:0:1],在[2024-04-07 09:42:18],访问了[com.nowcoder.community.community.service.MessageService.findLetterUnreadCount].
2024-04-07 09:42:18,452 INFO [http-nio-8080-exec-8] c.n.c.c.a.ServiceLogAspect [ServiceLogAspect.java:54] 用户[0:0:0:0:0:0:0:1],在[2024-04-07 09:42:18],访问了[com.nowcoder.community.community.service.UserService.findUserById].
2024-04-07 09:42:18,456 INFO [http-nio-8080-exec-8] c.n.c.c.a.ServiceLogAspect [ServiceLogAspect.java:54] 用户[0:0:0:0:0:0:0:1],在[2024-04-07 09:42:18],访问了[com.nowcoder.community.community.service.MessageService.findLetterCount].
2024-04-07 09:42:18,461 INFO [http-nio-8080-exec-8] c.n.c.c.a.ServiceLogAspect [ServiceLogAspect.java:54] 用户[0:0:0:0:0:0:0:1],在[2024-04-07 09:42:18],访问了[com.nowcoder.community.community.service.MessageService.findLetterUnreadCount].
2024-04-07 09:42:18,463 INFO [http-nio-8080-exec-8] c.n.c.c.a.ServiceLogAspect [ServiceLogAspect.java:54] 用户[0:0:0:0:0:0:0:1],在[2024-04-07 09:42:18],访问了[com.nowcoder.community.community.service.UserService.findUserById].
2024-04-07 09:42:18,468 INFO [http-nio-8080-exec-8] c.n.c.c.a.ServiceLogAspect [ServiceLogAspect.java:54] 用户[0:0:0:0:0:0:0:1],在[2024-04-07 09:42:18],访问了[com.nowcoder.community.community.service.MessageService.findLetterCount].
2024-04-07 09:42:18,472 INFO [http-nio-8080-exec-8] c.n.c.c.a.ServiceLogAspect [ServiceLogAspect.java:54] 用户[0:0:0:0:0:0:0:1],在[2024-04-07 09:42:18],访问了[com.nowcoder.community.community.service.MessageService.findLetterUnreadCount].
2024-04-07 09:42:18,477 INFO [http-nio-8080-exec-8] c.n.c.c.a.ServiceLogAspect [ServiceLogAspect.java:54] 用户[0:0:0:0:0:0:0:1],在[2024-04-07 09:42:18],访问了[com.nowcoder.community.community.service.UserService.findUserById].
2024-04-07 09:42:18,481 INFO [http-nio-8080-exec-8] c.n.c.c.a.ServiceLogAspect [ServiceLogAspect.java:54] 用户[0:0:0:0:0:0:0:1],在[2024-04-07 09:42:18],访问了[com.nowcoder.community.community.service.MessageService.findLetterUnreadCount].
2024-04-07 09:42:22,684 INFO [http-nio-8080-exec-9] c.n.c.c.a.ServiceLogAspect [ServiceLogAspect.java:54] 用户[0:0:0:0:0:0:0:1],在[2024-04-07 09:42:22],访问了[com.nowcoder.community.community.service.UserService.findLoginTicket].
2024-04-07 09:42:22,689 INFO [http-nio-8080-exec-9] c.n.c.c.a.ServiceLogAspect [ServiceLogAspect.java:54] 用户[0:0:0:0:0:0:0:1],在[2024-04-07 09:42:22],访问了[com.nowcoder.community.community.service.UserService.findUserById].
2024-04-07 09:42:22,694 INFO [http-nio-8080-exec-9] c.n.c.c.a.ServiceLogAspect [ServiceLogAspect.java:54] 用户[0:0:0:0:0:0:0:1],在[2024-04-07 09:42:22],访问了[com.nowcoder.community.community.service.MessageService.findLetterCount].
2024-04-07 09:42:22,698 INFO [http-nio-8080-exec-9] c.n.c.c.a.ServiceLogAspect [ServiceLogAspect.java:54] 用户[0:0:0:0:0:0:0:1],在[2024-04-07 09:42:22],访问了[com.nowcoder.community.community.service.MessageService.findLetters].
2024-04-07 09:42:22,701 INFO [http-nio-8080-exec-9] c.n.c.c.a.ServiceLogAspect [ServiceLogAspect.java:54] 用户[0:0:0:0:0:0:0:1],在[2024-04-07 09:42:22],访问了[com.nowcoder.community.community.service.UserService.findUserById].
2024-04-07 09:42:22,704 INFO [http-nio-8080-exec-9] c.n.c.c.a.ServiceLogAspect [ServiceLogAspect.java:54] 用户[0:0:0:0:0:0:0:1],在[2024-04-07 09:42:22],访问了[com.nowcoder.community.community.service.UserService.findUserById].
2024-04-07 09:42:22,707 INFO [http-nio-8080-exec-9] c.n.c.c.a.ServiceLogAspect [ServiceLogAspect.java:54] 用户[0:0:0:0:0:0:0:1],在[2024-04-07 09:42:22],访问了[com.nowcoder.community.community.service.UserService.findUserById].
2024-04-07 09:42:22,709 INFO [http-nio-8080-exec-9] c.n.c.c.a.ServiceLogAspect [ServiceLogAspect.java:54] 用户[0:0:0:0:0:0:0:1],在[2024-04-07 09:42:22],访问了[com.nowcoder.community.community.service.UserService.findUserById].
2024-04-07 09:42:22,711 INFO [http-nio-8080-exec-9] c.n.c.c.a.ServiceLogAspect [ServiceLogAspect.java:54] 用户[0:0:0:0:0:0:0:1],在[2024-04-07 09:42:22],访问了[com.nowcoder.community.community.service.UserService.findUserById].
2024-04-07 09:42:22,713 INFO [http-nio-8080-exec-9] c.n.c.c.a.ServiceLogAspect [ServiceLogAspect.java:54] 用户[0:0:0:0:0:0:0:1],在[2024-04-07 09:42:22],访问了[com.nowcoder.community.community.service.UserService.findUserById].
2024-04-07 09:47:03,742 INFO [http-nio-8080-exec-4] c.n.c.c.a.ServiceLogAspect [ServiceLogAspect.java:54] 用户[0:0:0:0:0:0:0:1],在[2024-04-07 09:47:03],访问了[com.nowcoder.community.community.service.UserService.findLoginTicket].
2024-04-07 09:47:03,748 INFO [http-nio-8080-exec-4] c.n.c.c.a.ServiceLogAspect [ServiceLogAspect.java:54] 用户[0:0:0:0:0:0:0:1],在[2024-04-07 09:47:03],访问了[com.nowcoder.community.community.service.UserService.findUserById].
2024-04-07 09:47:03,755 INFO [http-nio-8080-exec-4] c.n.c.c.a.ServiceLogAspect [ServiceLogAspect.java:54] 用户[0:0:0:0:0:0:0:1],在[2024-04-07 09:47:03],访问了[com.nowcoder.community.community.service.MessageService.findConversationCount].
2024-04-07 09:47:03,763 INFO [http-nio-8080-exec-4] c.n.c.c.a.ServiceLogAspect [ServiceLogAspect.java:54] 用户[0:0:0:0:0:0:0:1],在[2024-04-07 09:47:03],访问了[com.nowcoder.community.community.service.MessageService.findConversations].
2024-04-07 09:47:03,771 INFO [http-nio-8080-exec-4] c.n.c.c.a.ServiceLogAspect [ServiceLogAspect.java:54] 用户[0:0:0:0:0:0:0:1],在[2024-04-07 09:47:03],访问了[com.nowcoder.community.community.service.MessageService.findLetterCount].
2024-04-07 09:47:03,774 INFO [http-nio-8080-exec-4] c.n.c.c.a.ServiceLogAspect [ServiceLogAspect.java:54] 用户[0:0:0:0:0:0:0:1],在[2024-04-07 09:47:03],访问了[com.nowcoder.community.community.service.MessageService.findLetterUnreadCount].
2024-04-07 09:47:03,779 INFO [http-nio-8080-exec-4] c.n.c.c.a.ServiceLogAspect [ServiceLogAspect.java:54] 用户[0:0:0:0:0:0:0:1],在[2024-04-07 09:47:03],访问了[com.nowcoder.community.community.service.UserService.findUserById].
2024-04-07 09:47:03,786 INFO [http-nio-8080-exec-4] c.n.c.c.a.ServiceLogAspect [ServiceLogAspect.java:54] 用户[0:0:0:0:0:0:0:1],在[2024-04-07 09:47:03],访问了[com.nowcoder.community.community.service.MessageService.findLetterCount].
2024-04-07 09:47:03,792 INFO [http-nio-8080-exec-4] c.n.c.c.a.ServiceLogAspect [ServiceLogAspect.java:54] 用户[0:0:0:0:0:0:0:1],在[2024-04-07 09:47:03],访问了[com.nowcoder.community.community.service.MessageService.findLetterUnreadCount].
2024-04-07 09:47:03,798 INFO [http-nio-8080-exec-4] c.n.c.c.a.ServiceLogAspect [ServiceLogAspect.java:54] 用户[0:0:0:0:0:0:0:1],在[2024-04-07 09:47:03],访问了[com.nowcoder.community.community.service.UserService.findUserById].
2024-04-07 09:47:03,804 INFO [http-nio-8080-exec-4] c.n.c.c.a.ServiceLogAspect [ServiceLogAspect.java:54] 用户[0:0:0:0:0:0:0:1],在[2024-04-07 09:47:03],访问了[com.nowcoder.community.community.service.MessageService.findLetterCount].
2024-04-07 09:47:03,808 INFO [http-nio-8080-exec-4] c.n.c.c.a.ServiceLogAspect [ServiceLogAspect.java:54] 用户[0:0:0:0:0:0:0:1],在[2024-04-07 09:47:03],访问了[com.nowcoder.community.community.service.MessageService.findLetterUnreadCount].
2024-04-07 09:47:03,813 INFO [http-nio-8080-exec-4] c.n.c.c.a.ServiceLogAspect [ServiceLogAspect.java:54] 用户[0:0:0:0:0:0:0:1],在[2024-04-07 09:47:03],访问了[com.nowcoder.community.community.service.UserService.findUserById].
2024-04-07 09:47:03,818 INFO [http-nio-8080-exec-4] c.n.c.c.a.ServiceLogAspect [ServiceLogAspect.java:54] 用户[0:0:0:0:0:0:0:1],在[2024-04-07 09:47:03],访问了[com.nowcoder.community.community.service.MessageService.findLetterCount].
2024-04-07 09:47:03,823 INFO [http-nio-8080-exec-4] c.n.c.c.a.ServiceLogAspect [ServiceLogAspect.java:54] 用户[0:0:0:0:0:0:0:1],在[2024-04-07 09:47:03],访问了[com.nowcoder.community.community.service.MessageService.findLetterUnreadCount].
2024-04-07 09:47:03,825 INFO [http-nio-8080-exec-4] c.n.c.c.a.ServiceLogAspect [ServiceLogAspect.java:54] 用户[0:0:0:0:0:0:0:1],在[2024-04-07 09:47:03],访问了[com.nowcoder.community.community.service.UserService.findUserById].
2024-04-07 09:47:03,831 INFO [http-nio-8080-exec-4] c.n.c.c.a.ServiceLogAspect [ServiceLogAspect.java:54] 用户[0:0:0:0:0:0:0:1],在[2024-04-07 09:47:03],访问了[com.nowcoder.community.community.service.MessageService.findLetterCount].
2024-04-07 09:47:03,836 INFO [http-nio-8080-exec-4] c.n.c.c.a.ServiceLogAspect [ServiceLogAspect.java:54] 用户[0:0:0:0:0:0:0:1],在[2024-04-07 09:47:03],访问了[com.nowcoder.community.community.service.MessageService.findLetterUnreadCount].
2024-04-07 09:47:03,841 INFO [http-nio-8080-exec-4] c.n.c.c.a.ServiceLogAspect [ServiceLogAspect.java:54] 用户[0:0:0:0:0:0:0:1],在[2024-04-07 09:47:03],访问了[com.nowcoder.community.community.service.UserService.findUserById].
2024-04-07 09:47:03,844 INFO [http-nio-8080-exec-4] c.n.c.c.a.ServiceLogAspect [ServiceLogAspect.java:54] 用户[0:0:0:0:0:0:0:1],在[2024-04-07 09:47:03],访问了[com.nowcoder.community.community.service.MessageService.findLetterUnreadCount].
2024-04-07 12:03:57,961 INFO [Thread-16] o.s.s.c.ThreadPoolTaskExecutor [ExecutorConfigurationSupport.java:208] Shutting down ExecutorService 'applicationTaskExecutor'
2024-04-07 12:03:57,983 INFO [Thread-16] c.z.h.HikariDataSource [HikariDataSource.java:350] HikariPool-1 - Shutdown initiated...
2024-04-07 12:03:57,997 INFO [Thread-16] c.z.h.HikariDataSource [HikariDataSource.java:352] HikariPool-1 - Shutdown completed.
2024-04-07 12:04:00,905 INFO [restartedMain] c.n.c.c.CommunityApplication [StartupInfoLogger.java:50] Starting CommunityApplication on LAPTOP-E3TEOQ52 with PID 27660 (started by 杨理 in C:\Desktop\软件开发\项目\niuke_coder\community)
2024-04-07 12:04:00,906 INFO [restartedMain] c.n.c.c.CommunityApplication [SpringApplication.java:675] No active profile set, falling back to default profiles: default
2024-04-07 12:04:01,901 INFO [restartedMain] o.s.c.s.PostProcessorRegistrationDelegate$BeanPostProcessorChecker [PostProcessorRegistrationDelegate.java:330] Bean 'org.springframework.ws.config.annotation.DelegatingWsConfiguration' of type [org.springframework.ws.config.annotation.DelegatingWsConfiguration$$EnhancerBySpringCGLIB$$e14729fb] is not eligible for getting processed by all BeanPostProcessors (for example: not eligible for auto-proxying)
2024-04-07 12:04:01,905 INFO [restartedMain] o.s.w.s.a.s.AnnotationActionEndpointMapping [AbstractAddressingEndpointMapping.java:236] Supporting [WS-Addressing August 2004, WS-Addressing 1.0]
2024-04-07 12:04:02,371 INFO [restartedMain] o.s.b.w.e.t.TomcatWebServer [TomcatWebServer.java:90] Tomcat initialized with port(s): 8080 (http)
2024-04-07 12:04:02,373 INFO [restartedMain] o.a.c.h.Http11NioProtocol [DirectJDKLog.java:173] Initializing ProtocolHandler ["http-nio-8080"]
2024-04-07 12:04:02,374 INFO [restartedMain] o.a.c.c.StandardService [DirectJDKLog.java:173] Starting service [Tomcat]
2024-04-07 12:04:02,375 INFO [restartedMain] o.a.c.c.StandardEngine [DirectJDKLog.java:173] Starting Servlet engine: [Apache Tomcat/9.0.19]
2024-04-07 12:04:02,490 INFO [restartedMain] o.a.c.c.C.[.[.[/community] [DirectJDKLog.java:173] Initializing Spring embedded WebApplicationContext
2024-04-07 12:04:02,491 INFO [restartedMain] o.s.w.c.ContextLoader [ServletWebServerApplicationContext.java:296] Root WebApplicationContext: initialization completed in 1576 ms
2024-04-07 12:04:02,706 INFO [restartedMain] o.s.s.c.ThreadPoolTaskExecutor [ExecutorConfigurationSupport.java:171] Initializing ExecutorService 'applicationTaskExecutor'
2024-04-07 12:04:02,823 INFO [restartedMain] o.s.b.a.w.s.WelcomePageHandlerMapping [WelcomePageHandlerMapping.java:61] Adding welcome page template: index
2024-04-07 12:04:02,977 INFO [restartedMain] o.s.s.c.ThreadPoolTaskExecutor [ExecutorConfigurationSupport.java:208] Shutting down ExecutorService 'applicationTaskExecutor'
2024-04-07 12:04:02,979 INFO [restartedMain] o.a.c.c.StandardService [DirectJDKLog.java:173] Stopping service [Tomcat]
2024-04-07 12:04:02,998 INFO [restartedMain] o.s.b.a.l.ConditionEvaluationReportLoggingListener [ConditionEvaluationReportLoggingListener.java:142] 

Error starting ApplicationContext. To display the conditions report re-run your application with 'debug' enabled.
2024-04-07 12:04:14,472 INFO [restartedMain] c.n.c.c.CommunityApplication [StartupInfoLogger.java:50] Starting CommunityApplication on LAPTOP-E3TEOQ52 with PID 27660 (started by 杨理 in C:\Desktop\软件开发\项目\niuke_coder\community)
2024-04-07 12:04:14,473 INFO [restartedMain] c.n.c.c.CommunityApplication [SpringApplication.java:675] No active profile set, falling back to default profiles: default
2024-04-07 12:04:29,089 INFO [main] c.n.c.c.RedisTests [StartupInfoLogger.java:50] Starting RedisTests on LAPTOP-E3TEOQ52 with PID 30272 (started by 杨理 in C:\Desktop\软件开发\项目\niuke_coder\community)
2024-04-07 12:04:29,095 INFO [main] c.n.c.c.RedisTests [SpringApplication.java:675] No active profile set, falling back to default profiles: default
2024-04-07 12:04:32,356 INFO [main] o.s.d.r.c.RepositoryConfigurationDelegate [RepositoryConfigurationDelegate.java:244] Multiple Spring Data modules found, entering strict repository configuration mode!
2024-04-07 12:04:32,370 INFO [main] o.s.d.r.c.RepositoryConfigurationDelegate [RepositoryConfigurationDelegate.java:126] Bootstrapping Spring Data repositories in DEFAULT mode.
2024-04-07 12:04:32,521 INFO [main] o.s.d.r.c.RepositoryConfigurationDelegate [RepositoryConfigurationDelegate.java:182] Finished Spring Data repository scanning in 94ms. Found 0 repository interfaces.
2024-04-07 12:04:33,798 INFO [main] o.s.c.s.PostProcessorRegistrationDelegate$BeanPostProcessorChecker [PostProcessorRegistrationDelegate.java:330] Bean 'org.springframework.ws.config.annotation.DelegatingWsConfiguration' of type [org.springframework.ws.config.annotation.DelegatingWsConfiguration$$EnhancerBySpringCGLIB$$742404a] is not eligible for getting processed by all BeanPostProcessors (for example: not eligible for auto-proxying)
2024-04-07 12:04:33,911 INFO [main] o.s.w.s.a.s.AnnotationActionEndpointMapping [AbstractAddressingEndpointMapping.java:236] Supporting [WS-Addressing August 2004, WS-Addressing 1.0]
2024-04-07 12:04:34,025 INFO [main] o.s.c.s.PostProcessorRegistrationDelegate$BeanPostProcessorChecker [PostProcessorRegistrationDelegate.java:330] Bean 'org.springframework.transaction.annotation.ProxyTransactionManagementConfiguration' of type [org.springframework.transaction.annotation.ProxyTransactionManagementConfiguration$$EnhancerBySpringCGLIB$$62aa7b4b] is not eligible for getting processed by all BeanPostProcessors (for example: not eligible for auto-proxying)
2024-04-07 12:04:38,861 INFO [main] o.s.s.c.ThreadPoolTaskExecutor [ExecutorConfigurationSupport.java:171] Initializing ExecutorService 'applicationTaskExecutor'
2024-04-07 12:04:39,659 INFO [main] o.s.b.a.w.s.WelcomePageHandlerMapping [WelcomePageHandlerMapping.java:61] Adding welcome page template: index
2024-04-07 12:04:41,149 INFO [main] c.n.c.c.RedisTests [StartupInfoLogger.java:59] Started RedisTests in 13.377 seconds (JVM running for 16.186)
2024-04-07 12:04:42,131 INFO [main] i.l.c.EpollProvider [EpollProvider.java:68] Starting without optional epoll library
2024-04-07 12:04:42,136 INFO [main] i.l.c.KqueueProvider [KqueueProvider.java:70] Starting without optional kqueue library
2024-04-07 12:04:46,286 INFO [Thread-3] o.s.s.c.ThreadPoolTaskExecutor [ExecutorConfigurationSupport.java:208] Shutting down ExecutorService 'applicationTaskExecutor'
2024-04-07 12:10:32,322 INFO [main] c.n.c.c.RedisTests [StartupInfoLogger.java:50] Starting RedisTests on LAPTOP-E3TEOQ52 with PID 2864 (started by 杨理 in C:\Desktop\软件开发\项目\niuke_coder\community)
2024-04-07 12:10:32,326 INFO [main] c.n.c.c.RedisTests [SpringApplication.java:675] No active profile set, falling back to default profiles: default
2024-04-07 12:10:34,767 INFO [main] o.s.d.r.c.RepositoryConfigurationDelegate [RepositoryConfigurationDelegate.java:244] Multiple Spring Data modules found, entering strict repository configuration mode!
2024-04-07 12:10:34,777 INFO [main] o.s.d.r.c.RepositoryConfigurationDelegate [RepositoryConfigurationDelegate.java:126] Bootstrapping Spring Data repositories in DEFAULT mode.
2024-04-07 12:10:34,914 INFO [main] o.s.d.r.c.RepositoryConfigurationDelegate [RepositoryConfigurationDelegate.java:182] Finished Spring Data repository scanning in 99ms. Found 0 repository interfaces.
2024-04-07 12:10:35,885 INFO [main] o.s.c.s.PostProcessorRegistrationDelegate$BeanPostProcessorChecker [PostProcessorRegistrationDelegate.java:330] Bean 'org.springframework.ws.config.annotation.DelegatingWsConfiguration' of type [org.springframework.ws.config.annotation.DelegatingWsConfiguration$$EnhancerBySpringCGLIB$$f9488a5d] is not eligible for getting processed by all BeanPostProcessors (for example: not eligible for auto-proxying)
2024-04-07 12:10:35,990 INFO [main] o.s.w.s.a.s.AnnotationActionEndpointMapping [AbstractAddressingEndpointMapping.java:236] Supporting [WS-Addressing August 2004, WS-Addressing 1.0]
2024-04-07 12:10:36,080 INFO [main] o.s.c.s.PostProcessorRegistrationDelegate$BeanPostProcessorChecker [PostProcessorRegistrationDelegate.java:330] Bean 'org.springframework.transaction.annotation.ProxyTransactionManagementConfiguration' of type [org.springframework.transaction.annotation.ProxyTransactionManagementConfiguration$$EnhancerBySpringCGLIB$$54b0c55e] is not eligible for getting processed by all BeanPostProcessors (for example: not eligible for auto-proxying)
2024-04-07 12:10:41,554 INFO [main] o.s.s.c.ThreadPoolTaskExecutor [ExecutorConfigurationSupport.java:171] Initializing ExecutorService 'applicationTaskExecutor'
2024-04-07 12:10:42,193 INFO [main] o.s.b.a.w.s.WelcomePageHandlerMapping [WelcomePageHandlerMapping.java:61] Adding welcome page template: index
2024-04-07 12:10:44,375 INFO [main] c.n.c.c.RedisTests [StartupInfoLogger.java:59] Started RedisTests in 13.169 seconds (JVM running for 15.705)
2024-04-07 12:10:45,818 INFO [main] i.l.c.EpollProvider [EpollProvider.java:68] Starting without optional epoll library
2024-04-07 12:10:45,824 INFO [main] i.l.c.KqueueProvider [KqueueProvider.java:70] Starting without optional kqueue library
2024-04-07 12:10:50,594 INFO [Thread-3] o.s.s.c.ThreadPoolTaskExecutor [ExecutorConfigurationSupport.java:208] Shutting down ExecutorService 'applicationTaskExecutor'
2024-04-07 12:18:13,236 INFO [main] c.n.c.c.RedisTests [StartupInfoLogger.java:50] Starting RedisTests on LAPTOP-E3TEOQ52 with PID 25144 (started by 杨理 in C:\Desktop\软件开发\项目\niuke_coder\community)
2024-04-07 12:18:13,242 INFO [main] c.n.c.c.RedisTests [SpringApplication.java:675] No active profile set, falling back to default profiles: default
2024-04-07 12:18:16,042 INFO [main] o.s.d.r.c.RepositoryConfigurationDelegate [RepositoryConfigurationDelegate.java:244] Multiple Spring Data modules found, entering strict repository configuration mode!
2024-04-07 12:18:16,052 INFO [main] o.s.d.r.c.RepositoryConfigurationDelegate [RepositoryConfigurationDelegate.java:126] Bootstrapping Spring Data repositories in DEFAULT mode.
2024-04-07 12:18:16,177 INFO [main] o.s.d.r.c.RepositoryConfigurationDelegate [RepositoryConfigurationDelegate.java:182] Finished Spring Data repository scanning in 88ms. Found 0 repository interfaces.
2024-04-07 12:18:17,566 INFO [main] o.s.c.s.PostProcessorRegistrationDelegate$BeanPostProcessorChecker [PostProcessorRegistrationDelegate.java:330] Bean 'org.springframework.ws.config.annotation.DelegatingWsConfiguration' of type [org.springframework.ws.config.annotation.DelegatingWsConfiguration$$EnhancerBySpringCGLIB$$11b00] is not eligible for getting processed by all BeanPostProcessors (for example: not eligible for auto-proxying)
2024-04-07 12:18:17,663 INFO [main] o.s.w.s.a.s.AnnotationActionEndpointMapping [AbstractAddressingEndpointMapping.java:236] Supporting [WS-Addressing August 2004, WS-Addressing 1.0]
2024-04-07 12:18:17,743 INFO [main] o.s.c.s.PostProcessorRegistrationDelegate$BeanPostProcessorChecker [PostProcessorRegistrationDelegate.java:330] Bean 'org.springframework.transaction.annotation.ProxyTransactionManagementConfiguration' of type [org.springframework.transaction.annotation.ProxyTransactionManagementConfiguration$$EnhancerBySpringCGLIB$$5b695601] is not eligible for getting processed by all BeanPostProcessors (for example: not eligible for auto-proxying)
2024-04-07 12:18:23,294 INFO [main] o.s.s.c.ThreadPoolTaskExecutor [ExecutorConfigurationSupport.java:171] Initializing ExecutorService 'applicationTaskExecutor'
2024-04-07 12:18:23,836 INFO [main] o.s.b.a.w.s.WelcomePageHandlerMapping [WelcomePageHandlerMapping.java:61] Adding welcome page template: index
2024-04-07 12:18:25,476 INFO [main] c.n.c.c.RedisTests [StartupInfoLogger.java:59] Started RedisTests in 13.28 seconds (JVM running for 15.585)
2024-04-07 12:18:26,474 INFO [main] i.l.c.EpollProvider [EpollProvider.java:68] Starting without optional epoll library
2024-04-07 12:18:26,479 INFO [main] i.l.c.KqueueProvider [KqueueProvider.java:70] Starting without optional kqueue library
2024-04-07 12:18:30,584 INFO [Thread-3] o.s.s.c.ThreadPoolTaskExecutor [ExecutorConfigurationSupport.java:208] Shutting down ExecutorService 'applicationTaskExecutor'
2024-04-07 12:25:44,096 INFO [main] c.n.c.c.RedisTests [StartupInfoLogger.java:50] Starting RedisTests on LAPTOP-E3TEOQ52 with PID 25624 (started by 杨理 in C:\Desktop\软件开发\项目\niuke_coder\community)
2024-04-07 12:25:44,101 INFO [main] c.n.c.c.RedisTests [SpringApplication.java:675] No active profile set, falling back to default profiles: default
2024-04-07 12:25:46,551 INFO [main] o.s.d.r.c.RepositoryConfigurationDelegate [RepositoryConfigurationDelegate.java:244] Multiple Spring Data modules found, entering strict repository configuration mode!
2024-04-07 12:25:46,560 INFO [main] o.s.d.r.c.RepositoryConfigurationDelegate [RepositoryConfigurationDelegate.java:126] Bootstrapping Spring Data repositories in DEFAULT mode.
2024-04-07 12:25:46,685 INFO [main] o.s.d.r.c.RepositoryConfigurationDelegate [RepositoryConfigurationDelegate.java:182] Finished Spring Data repository scanning in 86ms. Found 0 repository interfaces.
2024-04-07 12:25:47,750 INFO [main] o.s.c.s.PostProcessorRegistrationDelegate$BeanPostProcessorChecker [PostProcessorRegistrationDelegate.java:330] Bean 'org.springframework.ws.config.annotation.DelegatingWsConfiguration' of type [org.springframework.ws.config.annotation.DelegatingWsConfiguration$$EnhancerBySpringCGLIB$$e1d4d005] is not eligible for getting processed by all BeanPostProcessors (for example: not eligible for auto-proxying)
2024-04-07 12:25:47,864 INFO [main] o.s.w.s.a.s.AnnotationActionEndpointMapping [AbstractAddressingEndpointMapping.java:236] Supporting [WS-Addressing August 2004, WS-Addressing 1.0]
2024-04-07 12:25:47,974 INFO [main] o.s.c.s.PostProcessorRegistrationDelegate$BeanPostProcessorChecker [PostProcessorRegistrationDelegate.java:330] Bean 'org.springframework.transaction.annotation.ProxyTransactionManagementConfiguration' of type [org.springframework.transaction.annotation.ProxyTransactionManagementConfiguration$$EnhancerBySpringCGLIB$$3d3d0b06] is not eligible for getting processed by all BeanPostProcessors (for example: not eligible for auto-proxying)
2024-04-07 12:25:53,509 INFO [main] o.s.s.c.ThreadPoolTaskExecutor [ExecutorConfigurationSupport.java:171] Initializing ExecutorService 'applicationTaskExecutor'
2024-04-07 12:25:54,082 INFO [main] o.s.b.a.w.s.WelcomePageHandlerMapping [WelcomePageHandlerMapping.java:61] Adding welcome page template: index
2024-04-07 12:25:55,767 INFO [main] c.n.c.c.RedisTests [StartupInfoLogger.java:59] Started RedisTests in 12.725 seconds (JVM running for 14.998)
2024-04-07 12:25:56,667 INFO [main] i.l.c.EpollProvider [EpollProvider.java:68] Starting without optional epoll library
2024-04-07 12:25:56,680 INFO [main] i.l.c.KqueueProvider [KqueueProvider.java:70] Starting without optional kqueue library
2024-04-07 12:26:01,167 INFO [Thread-3] o.s.s.c.ThreadPoolTaskExecutor [ExecutorConfigurationSupport.java:208] Shutting down ExecutorService 'applicationTaskExecutor'
2024-04-07 12:26:27,725 INFO [main] c.n.c.c.RedisTests [StartupInfoLogger.java:50] Starting RedisTests on LAPTOP-E3TEOQ52 with PID 3044 (started by 杨理 in C:\Desktop\软件开发\项目\niuke_coder\community)
2024-04-07 12:26:27,728 INFO [main] c.n.c.c.RedisTests [SpringApplication.java:675] No active profile set, falling back to default profiles: default
2024-04-07 12:26:30,572 INFO [main] o.s.d.r.c.RepositoryConfigurationDelegate [RepositoryConfigurationDelegate.java:244] Multiple Spring Data modules found, entering strict repository configuration mode!
2024-04-07 12:26:30,592 INFO [main] o.s.d.r.c.RepositoryConfigurationDelegate [RepositoryConfigurationDelegate.java:126] Bootstrapping Spring Data repositories in DEFAULT mode.
2024-04-07 12:26:30,711 INFO [main] o.s.d.r.c.RepositoryConfigurationDelegate [RepositoryConfigurationDelegate.java:182] Finished Spring Data repository scanning in 81ms. Found 0 repository interfaces.
2024-04-07 12:26:32,413 INFO [main] o.s.c.s.PostProcessorRegistrationDelegate$BeanPostProcessorChecker [PostProcessorRegistrationDelegate.java:330] Bean 'org.springframework.ws.config.annotation.DelegatingWsConfiguration' of type [org.springframework.ws.config.annotation.DelegatingWsConfiguration$$EnhancerBySpringCGLIB$$f1f94c46] is not eligible for getting processed by all BeanPostProcessors (for example: not eligible for auto-proxying)
2024-04-07 12:26:32,566 INFO [main] o.s.w.s.a.s.AnnotationActionEndpointMapping [AbstractAddressingEndpointMapping.java:236] Supporting [WS-Addressing August 2004, WS-Addressing 1.0]
2024-04-07 12:26:32,708 INFO [main] o.s.c.s.PostProcessorRegistrationDelegate$BeanPostProcessorChecker [PostProcessorRegistrationDelegate.java:330] Bean 'org.springframework.transaction.annotation.ProxyTransactionManagementConfiguration' of type [org.springframework.transaction.annotation.ProxyTransactionManagementConfiguration$$EnhancerBySpringCGLIB$$4d618747] is not eligible for getting processed by all BeanPostProcessors (for example: not eligible for auto-proxying)
2024-04-07 12:26:38,698 INFO [main] o.s.s.c.ThreadPoolTaskExecutor [ExecutorConfigurationSupport.java:171] Initializing ExecutorService 'applicationTaskExecutor'
2024-04-07 12:26:39,339 INFO [main] o.s.b.a.w.s.WelcomePageHandlerMapping [WelcomePageHandlerMapping.java:61] Adding welcome page template: index
2024-04-07 12:26:40,868 INFO [main] c.n.c.c.RedisTests [StartupInfoLogger.java:59] Started RedisTests in 14.292 seconds (JVM running for 17.04)
2024-04-07 12:26:41,810 INFO [main] i.l.c.EpollProvider [EpollProvider.java:68] Starting without optional epoll library
2024-04-07 12:26:41,817 INFO [main] i.l.c.KqueueProvider [KqueueProvider.java:70] Starting without optional kqueue library
2024-04-07 12:26:46,055 INFO [Thread-3] o.s.s.c.ThreadPoolTaskExecutor [ExecutorConfigurationSupport.java:208] Shutting down ExecutorService 'applicationTaskExecutor'
2024-04-07 14:35:37,088 INFO [restartedMain] c.n.c.c.CommunityApplication [StartupInfoLogger.java:50] Starting CommunityApplication on LAPTOP-E3TEOQ52 with PID 28112 (started by 杨理 in C:\Desktop\软件开发\项目\niuke_coder\community)
2024-04-07 14:35:37,098 INFO [restartedMain] c.n.c.c.CommunityApplication [SpringApplication.java:675] No active profile set, falling back to default profiles: default
2024-04-07 14:35:37,202 INFO [restartedMain] o.s.b.d.e.DevToolsPropertyDefaultsPostProcessor [DeferredLog.java:227] Devtools property defaults active! Set 'spring.devtools.add-properties' to 'false' to disable
2024-04-07 14:35:37,203 INFO [restartedMain] o.s.b.d.e.DevToolsPropertyDefaultsPostProcessor [DeferredLog.java:227] For additional web related logging consider setting the 'logging.level.web' property to 'DEBUG'
2024-04-07 14:35:38,930 INFO [restartedMain] o.s.d.r.c.RepositoryConfigurationDelegate [RepositoryConfigurationDelegate.java:244] Multiple Spring Data modules found, entering strict repository configuration mode!
2024-04-07 14:35:38,935 INFO [restartedMain] o.s.d.r.c.RepositoryConfigurationDelegate [RepositoryConfigurationDelegate.java:126] Bootstrapping Spring Data repositories in DEFAULT mode.
2024-04-07 14:35:39,017 INFO [restartedMain] o.s.d.r.c.RepositoryConfigurationDelegate [RepositoryConfigurationDelegate.java:182] Finished Spring Data repository scanning in 55ms. Found 0 repository interfaces.
2024-04-07 14:35:39,673 INFO [restartedMain] o.s.c.s.PostProcessorRegistrationDelegate$BeanPostProcessorChecker [PostProcessorRegistrationDelegate.java:330] Bean 'org.springframework.ws.config.annotation.DelegatingWsConfiguration' of type [org.springframework.ws.config.annotation.DelegatingWsConfiguration$$EnhancerBySpringCGLIB$$95d6967a] is not eligible for getting processed by all BeanPostProcessors (for example: not eligible for auto-proxying)
2024-04-07 14:35:39,733 INFO [restartedMain] o.s.w.s.a.s.AnnotationActionEndpointMapping [AbstractAddressingEndpointMapping.java:236] Supporting [WS-Addressing August 2004, WS-Addressing 1.0]
2024-04-07 14:35:39,813 INFO [restartedMain] o.s.c.s.PostProcessorRegistrationDelegate$BeanPostProcessorChecker [PostProcessorRegistrationDelegate.java:330] Bean 'org.springframework.transaction.annotation.ProxyTransactionManagementConfiguration' of type [org.springframework.transaction.annotation.ProxyTransactionManagementConfiguration$$EnhancerBySpringCGLIB$$f13ed17b] is not eligible for getting processed by all BeanPostProcessors (for example: not eligible for auto-proxying)
2024-04-07 14:35:40,800 INFO [restartedMain] o.s.b.w.e.t.TomcatWebServer [TomcatWebServer.java:90] Tomcat initialized with port(s): 8080 (http)
2024-04-07 14:35:40,826 INFO [restartedMain] o.a.c.h.Http11NioProtocol [DirectJDKLog.java:173] Initializing ProtocolHandler ["http-nio-8080"]
2024-04-07 14:35:40,843 INFO [restartedMain] o.a.c.c.StandardService [DirectJDKLog.java:173] Starting service [Tomcat]
2024-04-07 14:35:40,844 INFO [restartedMain] o.a.c.c.StandardEngine [DirectJDKLog.java:173] Starting Servlet engine: [Apache Tomcat/9.0.19]
2024-04-07 14:35:41,195 INFO [restartedMain] o.a.c.c.C.[.[.[/community] [DirectJDKLog.java:173] Initializing Spring embedded WebApplicationContext
2024-04-07 14:35:41,196 INFO [restartedMain] o.s.w.c.ContextLoader [ServletWebServerApplicationContext.java:296] Root WebApplicationContext: initialization completed in 3992 ms
2024-04-07 14:35:42,908 INFO [restartedMain] o.s.s.c.ThreadPoolTaskExecutor [ExecutorConfigurationSupport.java:171] Initializing ExecutorService 'applicationTaskExecutor'
2024-04-07 14:35:43,115 INFO [restartedMain] o.s.b.a.w.s.WelcomePageHandlerMapping [WelcomePageHandlerMapping.java:61] Adding welcome page template: index
2024-04-07 14:35:43,809 INFO [restartedMain] o.s.b.d.a.OptionalLiveReloadServer [OptionalLiveReloadServer.java:57] LiveReload server is running on port 35729
2024-04-07 14:35:43,862 INFO [restartedMain] o.a.c.h.Http11NioProtocol [DirectJDKLog.java:173] Starting ProtocolHandler ["http-nio-8080"]
2024-04-07 14:35:43,902 INFO [restartedMain] o.s.b.w.e.t.TomcatWebServer [TomcatWebServer.java:204] Tomcat started on port(s): 8080 (http) with context path '/community'
2024-04-07 14:35:43,907 INFO [restartedMain] c.n.c.c.CommunityApplication [StartupInfoLogger.java:59] Started CommunityApplication in 7.939 seconds (JVM running for 11.355)
2024-04-07 14:37:30,646 INFO [Thread-23] o.s.s.c.ThreadPoolTaskExecutor [ExecutorConfigurationSupport.java:208] Shutting down ExecutorService 'applicationTaskExecutor'
