2024-04-08 10:18:21,995 INFO [main] c.n.c.c.RedisTests [StartupInfoLogger.java:50] Starting RedisTests on LAPTOP-E3TEOQ52 with PID 21096 (started by 杨理 in C:\Desktop\软件开发\项目\niuke_coder\community)
2024-04-08 10:18:22,028 INFO [main] c.n.c.c.RedisTests [SpringApplication.java:675] No active profile set, falling back to default profiles: default
2024-04-08 10:18:26,096 INFO [main] o.s.d.r.c.RepositoryConfigurationDelegate [RepositoryConfigurationDelegate.java:244] Multiple Spring Data modules found, entering strict repository configuration mode!
2024-04-08 10:18:26,107 INFO [main] o.s.d.r.c.RepositoryConfigurationDelegate [RepositoryConfigurationDelegate.java:126] Bootstrapping Spring Data repositories in DEFAULT mode.
2024-04-08 10:18:26,227 INFO [main] o.s.d.r.c.RepositoryConfigurationDelegate [RepositoryConfigurationDelegate.java:182] Finished Spring Data repository scanning in 76ms. Found 0 repository interfaces.
2024-04-08 10:18:27,046 INFO [main] o.s.c.s.PostProcessorRegistrationDelegate$BeanPostProcessorChecker [PostProcessorRegistrationDelegate.java:330] Bean 'org.springframework.ws.config.annotation.DelegatingWsConfiguration' of type [org.springframework.ws.config.annotation.DelegatingWsConfiguration$$EnhancerBySpringCGLIB$$15a39a09] is not eligible for getting processed by all BeanPostProcessors (for example: not eligible for auto-proxying)
2024-04-08 10:18:27,124 INFO [main] o.s.w.s.a.s.AnnotationActionEndpointMapping [AbstractAddressingEndpointMapping.java:236] Supporting [WS-Addressing August 2004, WS-Addressing 1.0]
2024-04-08 10:18:27,190 INFO [main] o.s.c.s.PostProcessorRegistrationDelegate$BeanPostProcessorChecker [PostProcessorRegistrationDelegate.java:330] Bean 'org.springframework.transaction.annotation.ProxyTransactionManagementConfiguration' of type [org.springframework.transaction.annotation.ProxyTransactionManagementConfiguration$$EnhancerBySpringCGLIB$$710bd50a] is not eligible for getting processed by all BeanPostProcessors (for example: not eligible for auto-proxying)
2024-04-08 10:18:31,517 INFO [main] o.s.s.c.ThreadPoolTaskExecutor [ExecutorConfigurationSupport.java:171] Initializing ExecutorService 'applicationTaskExecutor'
2024-04-08 10:18:31,946 INFO [main] o.s.b.a.w.s.WelcomePageHandlerMapping [WelcomePageHandlerMapping.java:61] Adding welcome page template: index
2024-04-08 10:18:33,138 INFO [main] c.n.c.c.RedisTests [StartupInfoLogger.java:59] Started RedisTests in 12.102 seconds (JVM running for 14.215)
2024-04-08 10:18:34,050 INFO [main] i.l.c.EpollProvider [EpollProvider.java:68] Starting without optional epoll library
2024-04-08 10:18:34,059 INFO [main] i.l.c.KqueueProvider [KqueueProvider.java:70] Starting without optional kqueue library
2024-04-08 10:18:37,569 INFO [Thread-3] o.s.s.c.ThreadPoolTaskExecutor [ExecutorConfigurationSupport.java:208] Shutting down ExecutorService 'applicationTaskExecutor'
2024-04-08 10:24:09,250 INFO [main] c.n.c.c.RedisTests [StartupInfoLogger.java:50] Starting RedisTests on LAPTOP-E3TEOQ52 with PID 16320 (started by 杨理 in C:\Desktop\软件开发\项目\niuke_coder\community)
2024-04-08 10:24:09,255 INFO [main] c.n.c.c.RedisTests [SpringApplication.java:675] No active profile set, falling back to default profiles: default
2024-04-08 10:24:11,144 INFO [main] o.s.d.r.c.RepositoryConfigurationDelegate [RepositoryConfigurationDelegate.java:244] Multiple Spring Data modules found, entering strict repository configuration mode!
2024-04-08 10:24:11,152 INFO [main] o.s.d.r.c.RepositoryConfigurationDelegate [RepositoryConfigurationDelegate.java:126] Bootstrapping Spring Data repositories in DEFAULT mode.
2024-04-08 10:24:11,260 INFO [main] o.s.d.r.c.RepositoryConfigurationDelegate [RepositoryConfigurationDelegate.java:182] Finished Spring Data repository scanning in 73ms. Found 0 repository interfaces.
2024-04-08 10:24:12,116 INFO [main] o.s.c.s.PostProcessorRegistrationDelegate$BeanPostProcessorChecker [PostProcessorRegistrationDelegate.java:330] Bean 'org.springframework.ws.config.annotation.DelegatingWsConfiguration' of type [org.springframework.ws.config.annotation.DelegatingWsConfiguration$$EnhancerBySpringCGLIB$$20e45bd0] is not eligible for getting processed by all BeanPostProcessors (for example: not eligible for auto-proxying)
2024-04-08 10:24:12,203 INFO [main] o.s.w.s.a.s.AnnotationActionEndpointMapping [AbstractAddressingEndpointMapping.java:236] Supporting [WS-Addressing August 2004, WS-Addressing 1.0]
2024-04-08 10:24:12,274 INFO [main] o.s.c.s.PostProcessorRegistrationDelegate$BeanPostProcessorChecker [PostProcessorRegistrationDelegate.java:330] Bean 'org.springframework.transaction.annotation.ProxyTransactionManagementConfiguration' of type [org.springframework.transaction.annotation.ProxyTransactionManagementConfiguration$$EnhancerBySpringCGLIB$$7c4c96d1] is not eligible for getting processed by all BeanPostProcessors (for example: not eligible for auto-proxying)
2024-04-08 10:24:16,193 INFO [main] o.s.s.c.ThreadPoolTaskExecutor [ExecutorConfigurationSupport.java:171] Initializing ExecutorService 'applicationTaskExecutor'
2024-04-08 10:24:16,603 INFO [main] o.s.b.a.w.s.WelcomePageHandlerMapping [WelcomePageHandlerMapping.java:61] Adding welcome page template: index
2024-04-08 10:24:17,632 INFO [main] c.n.c.c.RedisTests [StartupInfoLogger.java:59] Started RedisTests in 9.367 seconds (JVM running for 11.478)
2024-04-08 10:24:18,273 INFO [main] i.l.c.EpollProvider [EpollProvider.java:68] Starting without optional epoll library
2024-04-08 10:24:18,278 INFO [main] i.l.c.KqueueProvider [KqueueProvider.java:70] Starting without optional kqueue library
2024-04-08 10:24:21,830 INFO [Thread-3] o.s.s.c.ThreadPoolTaskExecutor [ExecutorConfigurationSupport.java:208] Shutting down ExecutorService 'applicationTaskExecutor'
2024-04-08 10:26:11,382 INFO [main] c.n.c.c.RedisTests [StartupInfoLogger.java:50] Starting RedisTests on LAPTOP-E3TEOQ52 with PID 14556 (started by 杨理 in C:\Desktop\软件开发\项目\niuke_coder\community)
2024-04-08 10:26:11,386 INFO [main] c.n.c.c.RedisTests [SpringApplication.java:675] No active profile set, falling back to default profiles: default
2024-04-08 10:26:13,075 INFO [main] o.s.d.r.c.RepositoryConfigurationDelegate [RepositoryConfigurationDelegate.java:244] Multiple Spring Data modules found, entering strict repository configuration mode!
2024-04-08 10:26:13,080 INFO [main] o.s.d.r.c.RepositoryConfigurationDelegate [RepositoryConfigurationDelegate.java:126] Bootstrapping Spring Data repositories in DEFAULT mode.
2024-04-08 10:26:13,172 INFO [main] o.s.d.r.c.RepositoryConfigurationDelegate [RepositoryConfigurationDelegate.java:182] Finished Spring Data repository scanning in 60ms. Found 0 repository interfaces.
2024-04-08 10:26:13,946 INFO [main] o.s.c.s.PostProcessorRegistrationDelegate$BeanPostProcessorChecker [PostProcessorRegistrationDelegate.java:330] Bean 'org.springframework.ws.config.annotation.DelegatingWsConfiguration' of type [org.springframework.ws.config.annotation.DelegatingWsConfiguration$$EnhancerBySpringCGLIB$$a80248c2] is not eligible for getting processed by all BeanPostProcessors (for example: not eligible for auto-proxying)
2024-04-08 10:26:14,019 INFO [main] o.s.w.s.a.s.AnnotationActionEndpointMapping [AbstractAddressingEndpointMapping.java:236] Supporting [WS-Addressing August 2004, WS-Addressing 1.0]
2024-04-08 10:26:14,093 INFO [main] o.s.c.s.PostProcessorRegistrationDelegate$BeanPostProcessorChecker [PostProcessorRegistrationDelegate.java:330] Bean 'org.springframework.transaction.annotation.ProxyTransactionManagementConfiguration' of type [org.springframework.transaction.annotation.ProxyTransactionManagementConfiguration$$EnhancerBySpringCGLIB$$36a83c3] is not eligible for getting processed by all BeanPostProcessors (for example: not eligible for auto-proxying)
2024-04-08 10:26:17,737 INFO [main] o.s.s.c.ThreadPoolTaskExecutor [ExecutorConfigurationSupport.java:171] Initializing ExecutorService 'applicationTaskExecutor'
2024-04-08 10:26:18,111 INFO [main] o.s.b.a.w.s.WelcomePageHandlerMapping [WelcomePageHandlerMapping.java:61] Adding welcome page template: index
2024-04-08 10:26:19,176 INFO [main] c.n.c.c.RedisTests [StartupInfoLogger.java:59] Started RedisTests in 8.563 seconds (JVM running for 10.369)
2024-04-08 10:26:19,915 INFO [main] i.l.c.EpollProvider [EpollProvider.java:68] Starting without optional epoll library
2024-04-08 10:26:19,919 INFO [main] i.l.c.KqueueProvider [KqueueProvider.java:70] Starting without optional kqueue library
2024-04-08 10:26:23,385 INFO [Thread-3] o.s.s.c.ThreadPoolTaskExecutor [ExecutorConfigurationSupport.java:208] Shutting down ExecutorService 'applicationTaskExecutor'
2024-04-08 10:27:12,311 INFO [main] c.n.c.c.RedisTests [StartupInfoLogger.java:50] Starting RedisTests on LAPTOP-E3TEOQ52 with PID 23112 (started by 杨理 in C:\Desktop\软件开发\项目\niuke_coder\community)
2024-04-08 10:27:12,314 INFO [main] c.n.c.c.RedisTests [SpringApplication.java:675] No active profile set, falling back to default profiles: default
2024-04-08 10:27:13,986 INFO [main] o.s.d.r.c.RepositoryConfigurationDelegate [RepositoryConfigurationDelegate.java:244] Multiple Spring Data modules found, entering strict repository configuration mode!
2024-04-08 10:27:13,992 INFO [main] o.s.d.r.c.RepositoryConfigurationDelegate [RepositoryConfigurationDelegate.java:126] Bootstrapping Spring Data repositories in DEFAULT mode.
2024-04-08 10:27:14,079 INFO [main] o.s.d.r.c.RepositoryConfigurationDelegate [RepositoryConfigurationDelegate.java:182] Finished Spring Data repository scanning in 59ms. Found 0 repository interfaces.
2024-04-08 10:27:14,851 INFO [main] o.s.c.s.PostProcessorRegistrationDelegate$BeanPostProcessorChecker [PostProcessorRegistrationDelegate.java:330] Bean 'org.springframework.ws.config.annotation.DelegatingWsConfiguration' of type [org.springframework.ws.config.annotation.DelegatingWsConfiguration$$EnhancerBySpringCGLIB$$a8050a96] is not eligible for getting processed by all BeanPostProcessors (for example: not eligible for auto-proxying)
2024-04-08 10:27:14,928 INFO [main] o.s.w.s.a.s.AnnotationActionEndpointMapping [AbstractAddressingEndpointMapping.java:236] Supporting [WS-Addressing August 2004, WS-Addressing 1.0]
2024-04-08 10:27:14,999 INFO [main] o.s.c.s.PostProcessorRegistrationDelegate$BeanPostProcessorChecker [PostProcessorRegistrationDelegate.java:330] Bean 'org.springframework.transaction.annotation.ProxyTransactionManagementConfiguration' of type [org.springframework.transaction.annotation.ProxyTransactionManagementConfiguration$$EnhancerBySpringCGLIB$$36d4597] is not eligible for getting processed by all BeanPostProcessors (for example: not eligible for auto-proxying)
2024-04-08 10:27:18,742 INFO [main] o.s.s.c.ThreadPoolTaskExecutor [ExecutorConfigurationSupport.java:171] Initializing ExecutorService 'applicationTaskExecutor'
2024-04-08 10:27:19,148 INFO [main] o.s.b.a.w.s.WelcomePageHandlerMapping [WelcomePageHandlerMapping.java:61] Adding welcome page template: index
2024-04-08 10:27:20,139 INFO [main] c.n.c.c.RedisTests [StartupInfoLogger.java:59] Started RedisTests in 8.63 seconds (JVM running for 10.387)
2024-04-08 10:27:20,714 INFO [main] i.l.c.EpollProvider [EpollProvider.java:68] Starting without optional epoll library
2024-04-08 10:27:20,718 INFO [main] i.l.c.KqueueProvider [KqueueProvider.java:70] Starting without optional kqueue library
2024-04-08 10:27:24,066 INFO [Thread-3] o.s.s.c.ThreadPoolTaskExecutor [ExecutorConfigurationSupport.java:208] Shutting down ExecutorService 'applicationTaskExecutor'
2024-04-08 10:32:23,369 INFO [main] c.n.c.c.RedisTests [StartupInfoLogger.java:50] Starting RedisTests on LAPTOP-E3TEOQ52 with PID 6696 (started by 杨理 in C:\Desktop\软件开发\项目\niuke_coder\community)
2024-04-08 10:32:23,373 INFO [main] c.n.c.c.RedisTests [SpringApplication.java:675] No active profile set, falling back to default profiles: default
2024-04-08 10:32:25,739 INFO [main] o.s.d.r.c.RepositoryConfigurationDelegate [RepositoryConfigurationDelegate.java:244] Multiple Spring Data modules found, entering strict repository configuration mode!
2024-04-08 10:32:25,748 INFO [main] o.s.d.r.c.RepositoryConfigurationDelegate [RepositoryConfigurationDelegate.java:126] Bootstrapping Spring Data repositories in DEFAULT mode.
2024-04-08 10:32:25,865 INFO [main] o.s.d.r.c.RepositoryConfigurationDelegate [RepositoryConfigurationDelegate.java:182] Finished Spring Data repository scanning in 80ms. Found 0 repository interfaces.
2024-04-08 10:32:26,799 INFO [main] o.s.c.s.PostProcessorRegistrationDelegate$BeanPostProcessorChecker [PostProcessorRegistrationDelegate.java:330] Bean 'org.springframework.ws.config.annotation.DelegatingWsConfiguration' of type [org.springframework.ws.config.annotation.DelegatingWsConfiguration$$EnhancerBySpringCGLIB$$f5f6eee8] is not eligible for getting processed by all BeanPostProcessors (for example: not eligible for auto-proxying)
2024-04-08 10:32:26,899 INFO [main] o.s.w.s.a.s.AnnotationActionEndpointMapping [AbstractAddressingEndpointMapping.java:236] Supporting [WS-Addressing August 2004, WS-Addressing 1.0]
2024-04-08 10:32:26,973 INFO [main] o.s.c.s.PostProcessorRegistrationDelegate$BeanPostProcessorChecker [PostProcessorRegistrationDelegate.java:330] Bean 'org.springframework.transaction.annotation.ProxyTransactionManagementConfiguration' of type [org.springframework.transaction.annotation.ProxyTransactionManagementConfiguration$$EnhancerBySpringCGLIB$$515f29e9] is not eligible for getting processed by all BeanPostProcessors (for example: not eligible for auto-proxying)
2024-04-08 10:32:31,547 INFO [main] o.s.s.c.ThreadPoolTaskExecutor [ExecutorConfigurationSupport.java:171] Initializing ExecutorService 'applicationTaskExecutor'
2024-04-08 10:32:32,397 INFO [main] o.s.b.a.w.s.WelcomePageHandlerMapping [WelcomePageHandlerMapping.java:61] Adding welcome page template: index
2024-04-08 10:32:34,036 INFO [main] c.n.c.c.RedisTests [StartupInfoLogger.java:59] Started RedisTests in 11.615 seconds (JVM running for 13.626)
2024-04-08 10:32:34,712 INFO [main] i.l.c.EpollProvider [EpollProvider.java:68] Starting without optional epoll library
2024-04-08 10:32:34,717 INFO [main] i.l.c.KqueueProvider [KqueueProvider.java:70] Starting without optional kqueue library
2024-04-08 10:32:38,367 INFO [Thread-3] o.s.s.c.ThreadPoolTaskExecutor [ExecutorConfigurationSupport.java:208] Shutting down ExecutorService 'applicationTaskExecutor'
2024-04-08 10:43:39,399 INFO [main] c.n.c.c.RedisTests [StartupInfoLogger.java:50] Starting RedisTests on LAPTOP-E3TEOQ52 with PID 6488 (started by 杨理 in C:\Desktop\软件开发\项目\niuke_coder\community)
2024-04-08 10:43:39,402 INFO [main] c.n.c.c.RedisTests [SpringApplication.java:675] No active profile set, falling back to default profiles: default
2024-04-08 10:43:41,452 INFO [main] o.s.d.r.c.RepositoryConfigurationDelegate [RepositoryConfigurationDelegate.java:244] Multiple Spring Data modules found, entering strict repository configuration mode!
2024-04-08 10:43:41,460 INFO [main] o.s.d.r.c.RepositoryConfigurationDelegate [RepositoryConfigurationDelegate.java:126] Bootstrapping Spring Data repositories in DEFAULT mode.
2024-04-08 10:43:41,553 INFO [main] o.s.d.r.c.RepositoryConfigurationDelegate [RepositoryConfigurationDelegate.java:182] Finished Spring Data repository scanning in 65ms. Found 0 repository interfaces.
2024-04-08 10:43:42,365 INFO [main] o.s.c.s.PostProcessorRegistrationDelegate$BeanPostProcessorChecker [PostProcessorRegistrationDelegate.java:330] Bean 'org.springframework.ws.config.annotation.DelegatingWsConfiguration' of type [org.springframework.ws.config.annotation.DelegatingWsConfiguration$$EnhancerBySpringCGLIB$$4326cdc1] is not eligible for getting processed by all BeanPostProcessors (for example: not eligible for auto-proxying)
2024-04-08 10:43:42,443 INFO [main] o.s.w.s.a.s.AnnotationActionEndpointMapping [AbstractAddressingEndpointMapping.java:236] Supporting [WS-Addressing August 2004, WS-Addressing 1.0]
2024-04-08 10:43:42,516 INFO [main] o.s.c.s.PostProcessorRegistrationDelegate$BeanPostProcessorChecker [PostProcessorRegistrationDelegate.java:330] Bean 'org.springframework.transaction.annotation.ProxyTransactionManagementConfiguration' of type [org.springframework.transaction.annotation.ProxyTransactionManagementConfiguration$$EnhancerBySpringCGLIB$$9e8f08c2] is not eligible for getting processed by all BeanPostProcessors (for example: not eligible for auto-proxying)
2024-04-08 10:43:46,475 INFO [main] o.s.s.c.ThreadPoolTaskExecutor [ExecutorConfigurationSupport.java:171] Initializing ExecutorService 'applicationTaskExecutor'
2024-04-08 10:43:46,997 INFO [main] o.s.b.a.w.s.WelcomePageHandlerMapping [WelcomePageHandlerMapping.java:61] Adding welcome page template: index
2024-04-08 10:43:48,015 INFO [main] c.n.c.c.RedisTests [StartupInfoLogger.java:59] Started RedisTests in 9.55 seconds (JVM running for 11.554)
2024-04-08 10:43:48,824 INFO [main] i.l.c.EpollProvider [EpollProvider.java:68] Starting without optional epoll library
2024-04-08 10:43:48,829 INFO [main] i.l.c.KqueueProvider [KqueueProvider.java:70] Starting without optional kqueue library
2024-04-08 10:43:52,489 INFO [Thread-3] o.s.s.c.ThreadPoolTaskExecutor [ExecutorConfigurationSupport.java:208] Shutting down ExecutorService 'applicationTaskExecutor'
2024-04-08 10:52:38,336 INFO [main] c.n.c.c.RedisTests [StartupInfoLogger.java:50] Starting RedisTests on LAPTOP-E3TEOQ52 with PID 19360 (started by 杨理 in C:\Desktop\软件开发\项目\niuke_coder\community)
2024-04-08 10:52:38,341 INFO [main] c.n.c.c.RedisTests [SpringApplication.java:675] No active profile set, falling back to default profiles: default
2024-04-08 10:52:40,407 INFO [main] o.s.d.r.c.RepositoryConfigurationDelegate [RepositoryConfigurationDelegate.java:244] Multiple Spring Data modules found, entering strict repository configuration mode!
2024-04-08 10:52:40,414 INFO [main] o.s.d.r.c.RepositoryConfigurationDelegate [RepositoryConfigurationDelegate.java:126] Bootstrapping Spring Data repositories in DEFAULT mode.
2024-04-08 10:52:40,509 INFO [main] o.s.d.r.c.RepositoryConfigurationDelegate [RepositoryConfigurationDelegate.java:182] Finished Spring Data repository scanning in 66ms. Found 0 repository interfaces.
2024-04-08 10:52:41,559 INFO [main] o.s.c.s.PostProcessorRegistrationDelegate$BeanPostProcessorChecker [PostProcessorRegistrationDelegate.java:330] Bean 'org.springframework.ws.config.annotation.DelegatingWsConfiguration' of type [org.springframework.ws.config.annotation.DelegatingWsConfiguration$$EnhancerBySpringCGLIB$$a527f920] is not eligible for getting processed by all BeanPostProcessors (for example: not eligible for auto-proxying)
2024-04-08 10:52:41,676 INFO [main] o.s.w.s.a.s.AnnotationActionEndpointMapping [AbstractAddressingEndpointMapping.java:236] Supporting [WS-Addressing August 2004, WS-Addressing 1.0]
2024-04-08 10:52:42,033 INFO [main] o.s.c.s.PostProcessorRegistrationDelegate$BeanPostProcessorChecker [PostProcessorRegistrationDelegate.java:330] Bean 'org.springframework.transaction.annotation.ProxyTransactionManagementConfiguration' of type [org.springframework.transaction.annotation.ProxyTransactionManagementConfiguration$$EnhancerBySpringCGLIB$$903421] is not eligible for getting processed by all BeanPostProcessors (for example: not eligible for auto-proxying)
2024-04-08 10:52:46,248 INFO [main] o.s.s.c.ThreadPoolTaskExecutor [ExecutorConfigurationSupport.java:171] Initializing ExecutorService 'applicationTaskExecutor'
2024-04-08 10:52:46,629 INFO [main] o.s.b.a.w.s.WelcomePageHandlerMapping [WelcomePageHandlerMapping.java:61] Adding welcome page template: index
2024-04-08 10:52:47,569 INFO [main] c.n.c.c.RedisTests [StartupInfoLogger.java:59] Started RedisTests in 10.085 seconds (JVM running for 12.064)
2024-04-08 10:52:48,165 INFO [main] i.l.c.EpollProvider [EpollProvider.java:68] Starting without optional epoll library
2024-04-08 10:52:48,169 INFO [main] i.l.c.KqueueProvider [KqueueProvider.java:70] Starting without optional kqueue library
2024-04-08 10:52:51,747 INFO [Thread-3] o.s.s.c.ThreadPoolTaskExecutor [ExecutorConfigurationSupport.java:208] Shutting down ExecutorService 'applicationTaskExecutor'
