2024-03-25 19:48:40,830 INFO [restartedMain] c.n.c.c.CommunityApplication [StartupInfoLogger.java:50] Starting CommunityApplication on LAPTOP-E3TEOQ52 with PID 22804 (started by 杨理 in C:\Desktop\软件开发\项目\niuke_coder\community)
2024-03-25 19:48:40,843 INFO [restartedMain] c.n.c.c.CommunityApplication [SpringApplication.java:675] No active profile set, falling back to default profiles: default
2024-03-25 19:48:40,926 INFO [restartedMain] o.s.b.d.e.DevToolsPropertyDefaultsPostProcessor [DeferredLog.java:227] Devtools property defaults active! Set 'spring.devtools.add-properties' to 'false' to disable
2024-03-25 19:48:40,927 INFO [restartedMain] o.s.b.d.e.DevToolsPropertyDefaultsPostProcessor [DeferredLog.java:227] For additional web related logging consider setting the 'logging.level.web' property to 'DEBUG'
2024-03-25 19:48:43,497 INFO [restartedMain] o.s.c.s.PostProcessorRegistrationDelegate$BeanPostProcessorChecker [PostProcessorRegistrationDelegate.java:330] Bean 'org.springframework.ws.config.annotation.DelegatingWsConfiguration' of type [org.springframework.ws.config.annotation.DelegatingWsConfiguration$$EnhancerBySpringCGLIB$$8505935f] is not eligible for getting processed by all BeanPostProcessors (for example: not eligible for auto-proxying)
2024-03-25 19:48:43,561 INFO [restartedMain] o.s.w.s.a.s.AnnotationActionEndpointMapping [AbstractAddressingEndpointMapping.java:236] Supporting [WS-Addressing August 2004, WS-Addressing 1.0]
2024-03-25 19:48:44,940 INFO [restartedMain] o.s.b.w.e.t.TomcatWebServer [TomcatWebServer.java:90] Tomcat initialized with port(s): 8080 (http)
2024-03-25 19:48:45,056 INFO [restartedMain] o.a.c.h.Http11NioProtocol [DirectJDKLog.java:173] Initializing ProtocolHandler ["http-nio-8080"]
2024-03-25 19:48:45,102 INFO [restartedMain] o.a.c.c.StandardService [DirectJDKLog.java:173] Starting service [Tomcat]
2024-03-25 19:48:45,103 INFO [restartedMain] o.a.c.c.StandardEngine [DirectJDKLog.java:173] Starting Servlet engine: [Apache Tomcat/9.0.19]
2024-03-25 19:48:45,530 INFO [restartedMain] o.a.c.c.C.[.[.[/community] [DirectJDKLog.java:173] Initializing Spring embedded WebApplicationContext
2024-03-25 19:48:45,537 INFO [restartedMain] o.s.w.c.ContextLoader [ServletWebServerApplicationContext.java:296] Root WebApplicationContext: initialization completed in 4610 ms
2024-03-25 19:48:47,408 INFO [restartedMain] o.s.s.c.ThreadPoolTaskExecutor [ExecutorConfigurationSupport.java:171] Initializing ExecutorService 'applicationTaskExecutor'
2024-03-25 19:48:47,645 INFO [restartedMain] o.s.b.a.w.s.WelcomePageHandlerMapping [WelcomePageHandlerMapping.java:61] Adding welcome page template: index
2024-03-25 19:48:48,063 INFO [restartedMain] o.s.b.d.a.OptionalLiveReloadServer [OptionalLiveReloadServer.java:57] LiveReload server is running on port 35729
2024-03-25 19:48:48,109 INFO [restartedMain] o.a.c.h.Http11NioProtocol [DirectJDKLog.java:173] Starting ProtocolHandler ["http-nio-8080"]
2024-03-25 19:48:48,144 INFO [restartedMain] o.s.b.w.e.t.TomcatWebServer [TomcatWebServer.java:204] Tomcat started on port(s): 8080 (http) with context path '/community'
2024-03-25 19:48:48,150 INFO [restartedMain] c.n.c.c.CommunityApplication [StartupInfoLogger.java:59] Started CommunityApplication in 8.28 seconds (JVM running for 10.978)
2024-03-25 19:49:21,945 INFO [http-nio-8080-exec-1] o.a.c.c.C.[.[.[/community] [DirectJDKLog.java:173] Initializing Spring DispatcherServlet 'dispatcherServlet'
2024-03-25 19:49:21,946 INFO [http-nio-8080-exec-1] o.s.w.s.DispatcherServlet [FrameworkServlet.java:524] Initializing Servlet 'dispatcherServlet'
2024-03-25 19:49:21,958 INFO [http-nio-8080-exec-1] o.s.w.s.DispatcherServlet [FrameworkServlet.java:546] Completed initialization in 11 ms
2024-03-25 19:50:46,491 INFO [Thread-19] o.s.s.c.ThreadPoolTaskExecutor [ExecutorConfigurationSupport.java:208] Shutting down ExecutorService 'applicationTaskExecutor'
2024-03-25 19:50:48,007 INFO [restartedMain] c.n.c.c.CommunityApplication [StartupInfoLogger.java:50] Starting CommunityApplication on LAPTOP-E3TEOQ52 with PID 22804 (started by 杨理 in C:\Desktop\软件开发\项目\niuke_coder\community)
2024-03-25 19:50:48,008 INFO [restartedMain] c.n.c.c.CommunityApplication [SpringApplication.java:675] No active profile set, falling back to default profiles: default
2024-03-25 19:50:48,771 INFO [restartedMain] o.s.c.s.PostProcessorRegistrationDelegate$BeanPostProcessorChecker [PostProcessorRegistrationDelegate.java:330] Bean 'org.springframework.ws.config.annotation.DelegatingWsConfiguration' of type [org.springframework.ws.config.annotation.DelegatingWsConfiguration$$EnhancerBySpringCGLIB$$8505935f] is not eligible for getting processed by all BeanPostProcessors (for example: not eligible for auto-proxying)
2024-03-25 19:50:48,775 INFO [restartedMain] o.s.w.s.a.s.AnnotationActionEndpointMapping [AbstractAddressingEndpointMapping.java:236] Supporting [WS-Addressing August 2004, WS-Addressing 1.0]
2024-03-25 19:50:49,206 INFO [restartedMain] o.s.b.w.e.t.TomcatWebServer [TomcatWebServer.java:90] Tomcat initialized with port(s): 8080 (http)
2024-03-25 19:50:49,209 INFO [restartedMain] o.a.c.h.Http11NioProtocol [DirectJDKLog.java:173] Initializing ProtocolHandler ["http-nio-8080"]
2024-03-25 19:50:49,210 INFO [restartedMain] o.a.c.c.StandardService [DirectJDKLog.java:173] Starting service [Tomcat]
2024-03-25 19:50:49,211 INFO [restartedMain] o.a.c.c.StandardEngine [DirectJDKLog.java:173] Starting Servlet engine: [Apache Tomcat/9.0.19]
2024-03-25 19:50:49,354 INFO [restartedMain] o.a.c.c.C.[.[.[/community] [DirectJDKLog.java:173] Initializing Spring embedded WebApplicationContext
2024-03-25 19:50:49,355 INFO [restartedMain] o.s.w.c.ContextLoader [ServletWebServerApplicationContext.java:296] Root WebApplicationContext: initialization completed in 1343 ms
2024-03-25 19:50:49,924 INFO [restartedMain] o.s.s.c.ThreadPoolTaskExecutor [ExecutorConfigurationSupport.java:171] Initializing ExecutorService 'applicationTaskExecutor'
2024-03-25 19:50:49,999 INFO [restartedMain] o.s.b.a.w.s.WelcomePageHandlerMapping [WelcomePageHandlerMapping.java:61] Adding welcome page template: index
2024-03-25 19:50:50,319 INFO [restartedMain] o.s.b.d.a.OptionalLiveReloadServer [OptionalLiveReloadServer.java:57] LiveReload server is running on port 35729
2024-03-25 19:50:50,354 INFO [restartedMain] o.a.c.h.Http11NioProtocol [DirectJDKLog.java:173] Starting ProtocolHandler ["http-nio-8080"]
2024-03-25 19:50:50,363 INFO [restartedMain] o.s.b.w.e.t.TomcatWebServer [TomcatWebServer.java:204] Tomcat started on port(s): 8080 (http) with context path '/community'
2024-03-25 19:50:50,394 INFO [restartedMain] c.n.c.c.CommunityApplication [StartupInfoLogger.java:59] Started CommunityApplication in 2.486 seconds (JVM running for 133.223)
2024-03-25 19:50:50,472 INFO [restartedMain] o.s.b.d.a.ConditionEvaluationDeltaLoggingListener [ConditionEvaluationDeltaLoggingListener.java:70] Condition evaluation unchanged
2024-03-25 19:50:53,222 INFO [Thread-27] o.s.s.c.ThreadPoolTaskExecutor [ExecutorConfigurationSupport.java:208] Shutting down ExecutorService 'applicationTaskExecutor'
2024-03-25 19:50:54,755 INFO [restartedMain] c.n.c.c.CommunityApplication [StartupInfoLogger.java:50] Starting CommunityApplication on LAPTOP-E3TEOQ52 with PID 22804 (started by 杨理 in C:\Desktop\软件开发\项目\niuke_coder\community)
2024-03-25 19:50:54,756 INFO [restartedMain] c.n.c.c.CommunityApplication [SpringApplication.java:675] No active profile set, falling back to default profiles: default
2024-03-25 19:50:55,444 INFO [restartedMain] o.s.c.s.PostProcessorRegistrationDelegate$BeanPostProcessorChecker [PostProcessorRegistrationDelegate.java:330] Bean 'org.springframework.ws.config.annotation.DelegatingWsConfiguration' of type [org.springframework.ws.config.annotation.DelegatingWsConfiguration$$EnhancerBySpringCGLIB$$8505935f] is not eligible for getting processed by all BeanPostProcessors (for example: not eligible for auto-proxying)
2024-03-25 19:50:55,447 INFO [restartedMain] o.s.w.s.a.s.AnnotationActionEndpointMapping [AbstractAddressingEndpointMapping.java:236] Supporting [WS-Addressing August 2004, WS-Addressing 1.0]
2024-03-25 19:50:55,727 INFO [restartedMain] o.s.b.w.e.t.TomcatWebServer [TomcatWebServer.java:90] Tomcat initialized with port(s): 8080 (http)
2024-03-25 19:50:55,729 INFO [restartedMain] o.a.c.h.Http11NioProtocol [DirectJDKLog.java:173] Initializing ProtocolHandler ["http-nio-8080"]
2024-03-25 19:50:55,730 INFO [restartedMain] o.a.c.c.StandardService [DirectJDKLog.java:173] Starting service [Tomcat]
2024-03-25 19:50:55,731 INFO [restartedMain] o.a.c.c.StandardEngine [DirectJDKLog.java:173] Starting Servlet engine: [Apache Tomcat/9.0.19]
2024-03-25 19:50:55,804 INFO [restartedMain] o.a.c.c.C.[.[.[/community] [DirectJDKLog.java:173] Initializing Spring embedded WebApplicationContext
2024-03-25 19:50:55,805 INFO [restartedMain] o.s.w.c.ContextLoader [ServletWebServerApplicationContext.java:296] Root WebApplicationContext: initialization completed in 1045 ms
2024-03-25 19:50:56,073 INFO [restartedMain] o.s.s.c.ThreadPoolTaskExecutor [ExecutorConfigurationSupport.java:171] Initializing ExecutorService 'applicationTaskExecutor'
2024-03-25 19:50:56,128 INFO [restartedMain] o.s.b.a.w.s.WelcomePageHandlerMapping [WelcomePageHandlerMapping.java:61] Adding welcome page template: index
2024-03-25 19:50:56,353 INFO [restartedMain] o.s.b.d.a.OptionalLiveReloadServer [OptionalLiveReloadServer.java:57] LiveReload server is running on port 35729
2024-03-25 19:50:56,373 INFO [restartedMain] o.a.c.h.Http11NioProtocol [DirectJDKLog.java:173] Starting ProtocolHandler ["http-nio-8080"]
2024-03-25 19:50:56,380 INFO [restartedMain] o.s.b.w.e.t.TomcatWebServer [TomcatWebServer.java:204] Tomcat started on port(s): 8080 (http) with context path '/community'
2024-03-25 19:50:56,381 INFO [restartedMain] c.n.c.c.CommunityApplication [StartupInfoLogger.java:59] Started CommunityApplication in 1.719 seconds (JVM running for 139.209)
2024-03-25 19:50:56,385 INFO [restartedMain] o.s.b.d.a.ConditionEvaluationDeltaLoggingListener [ConditionEvaluationDeltaLoggingListener.java:70] Condition evaluation unchanged
2024-03-25 19:51:00,136 INFO [http-nio-8080-exec-1] o.a.c.c.C.[.[.[/community] [DirectJDKLog.java:173] Initializing Spring DispatcherServlet 'dispatcherServlet'
2024-03-25 19:51:00,138 INFO [http-nio-8080-exec-1] o.s.w.s.DispatcherServlet [FrameworkServlet.java:524] Initializing Servlet 'dispatcherServlet'
2024-03-25 19:51:00,150 INFO [http-nio-8080-exec-1] o.s.w.s.DispatcherServlet [FrameworkServlet.java:546] Completed initialization in 12 ms
2024-03-25 19:54:04,386 INFO [http-nio-8080-exec-4] c.z.h.HikariDataSource [HikariDataSource.java:110] HikariPool-1 - Starting...
2024-03-25 19:54:04,683 INFO [http-nio-8080-exec-4] c.z.h.HikariDataSource [HikariDataSource.java:123] HikariPool-1 - Start completed.
2024-03-25 19:59:40,806 INFO [Thread-38] o.s.s.c.ThreadPoolTaskExecutor [ExecutorConfigurationSupport.java:208] Shutting down ExecutorService 'applicationTaskExecutor'
2024-03-25 19:59:40,807 INFO [Thread-38] c.z.h.HikariDataSource [HikariDataSource.java:350] HikariPool-1 - Shutdown initiated...
2024-03-25 19:59:40,812 INFO [Thread-38] c.z.h.HikariDataSource [HikariDataSource.java:352] HikariPool-1 - Shutdown completed.
